This is pdfTeX, Version 3.141592653-2.6-1.40.28 (MiKTeX 25.12) (preloaded format=pdflatex 2026.3.25)  26 MAR 2026 15:06
entering extended mode
 restricted \write18 enabled.
 file:line:error style messages enabled.
 %&-line parsing enabled.
**c:/Users/pc/Documents/INFO/GitHub/SOUKAINA/MesureDT.tex
(c:/Users/pc/Documents/INFO/GitHub/SOUKAINA/MesureDT.tex
LaTeX2e <2025-11-01>
L3 programming layer <2025-12-24>
(C:\Users\pc\AppData\Local\Programs\MiKTeX\tex/latex/base\article.cls
Document Class: article 2025/01/22 v1.4n Standard LaTeX document class
(C:\Users\pc\AppData\Local\Programs\MiKTeX\tex/latex/base\size12.clo
File: size12.clo 2025/01/22 v1.4n Standard LaTeX file (size option)
)
\c@part=\count275
\c@section=\count276
\c@subsection=\count277
\c@subsubsection=\count278
\c@paragraph=\count279
\c@subparagraph=\count280
\c@figure=\count281
\c@table=\count282
\abovecaptionskip=\skip49
\belowcaptionskip=\skip50
\bibindent=\dimen148
) (C:\Users\pc\AppData\Local\Programs\MiKTeX\tex/generic/babel\babel.sty
Package: babel 2025/12/11 v25.17 The multilingual framework for LuaLaTeX, pdfLaTeX and XeLaTeX
\babel@savecnt=\count283
LaTeX Encoding Info:    Redeclaring text command \ij (encoding OT1) on input line 2068.
LaTeX Encoding Info:    Redeclaring text command \IJ (encoding OT1) on input line 2070.
LaTeX Encoding Info:    Redeclaring text command \ij (encoding T1) on input line 2072.
LaTeX Encoding Info:    Redeclaring text command \IJ (encoding T1) on input line 2073.
LaTeX Encoding Info:    Ignoring declaration for text command \ij (encoding ?) on input line 2074.
LaTeX Encoding Info:    Ignoring declaration for text command \IJ (encoding ?) on input line 2076.
LaTeX Encoding Info:    Ignoring declaration for text command \SS (encoding ?) on input line 2101.
\U@D=\dimen149
\l@unhyphenated=\language79
 (C:\Users\pc\AppData\Local\Programs\MiKTeX\tex/generic/babel\txtbabel.def)
\bbl@readstream=\read2
\bbl@dirlevel=\count284
Package babel Info: Configuration files are deprecated, as
(babel)             they can break document portability.
(babel)             Reported on input line 4196.

*************************************
* Local config file bblopts.cfg used
*
(C:\Users\pc\AppData\Local\Programs\MiKTeX\tex/latex/arabi\bblopts.cfg
File: bblopts.cfg 2005/09/08 v0.1 add Arabic and Farsi to "declared" options of babel
) (C:\Users\pc\AppData\Local\Programs\MiKTeX\tex/generic/babel/locale/fr\babel-french.tex)
Package babel Info: Importing font and identification data for french
(babel)             from babel-fr.ini. Reported on input line 4320.
 (C:\Users\pc\AppData\Local\Programs\MiKTeX\tex/generic/babel-french\french.ldf
Language: french 2025-08-15 v4.0e French support from the babel system
 (C:\Users\pc\AppData\Local\Programs\MiKTeX\tex/generic/babel-french\french3.ldf
Language: french 2025-08-15 v3.7e French support from the babel system
\FB@stdchar=\count285
Package babel Info: Making : an active character on input line 273.
Package babel Info: Making ; an active character on input line 274.
Package babel Info: Making ! an active character on input line 275.
Package babel Info: Making ? an active character on input line 276.
\FBguill@level=\count286
\FBold@everypar=\toks17
\FB@Mht=\dimen150
\mc@charclass=\count287
\mc@charfam=\count288
\mc@charslot=\count289
\std@mcc=\count290
\dec@mcc=\count291
\FB@pardim=\dimen151
\listindentFB=\dimen152
\descindentFB=\dimen153
\labelindentFB=\dimen154
\labelwidthFB=\dimen155
\leftmarginFB=\dimen156
\parindentFFN=\dimen157
\FBfnindent=\dimen158
))) (C:\Users\pc\AppData\Local\Programs\MiKTeX\tex/latex/carlisle\scalefnt.sty) (C:\Users\pc\AppData\Local\Programs\MiKTeX\tex/latex/base\fontenc.sty
Package: fontenc 2025/07/18 v2.1d Standard LaTeX package
) (C:\Users\pc\AppData\Local\Programs\MiKTeX\tex/latex/base\inputenc.sty
Package: inputenc 2024/02/08 v1.3d Input encoding file
\inpenc@prehook=\toks18
\inpenc@posthook=\toks19
) (C:\Users\pc\AppData\Local\Programs\MiKTeX\tex/latex/geometry\geometry.sty
Package: geometry 2026/03/07 v6.0 Page Geometry
 (C:\Users\pc\AppData\Local\Programs\MiKTeX\tex/latex/graphics\keyval.sty
Package: keyval 2022/05/29 v1.15 key=value parser (DPC)
\KV@toks@=\toks20
) (C:\Users\pc\AppData\Local\Programs\MiKTeX\tex/generic/iftex\ifvtex.sty
Package: ifvtex 2019/10/25 v1.7 ifvtex legacy package. Use iftex instead.
 (C:\Users\pc\AppData\Local\Programs\MiKTeX\tex/generic/iftex\iftex.sty
Package: iftex 2024/12/12 v1.0g TeX engine tests
))
\Gm@cnth=\count292
\Gm@cntv=\count293
\c@Gm@tempcnt=\count294
\Gm@bindingoffset=\dimen159
\Gm@wd@mp=\dimen160
\Gm@odd@mp=\dimen161
\Gm@even@mp=\dimen162
\Gm@layoutwidth=\dimen163
\Gm@layoutheight=\dimen164
\Gm@layouthoffset=\dimen165
\Gm@layoutvoffset=\dimen166
\Gm@dimlist=\toks21
 (C:\Users\pc\AppData\Local\Programs\MiKTeX\tex/latex/geometry\geometry.cfg)) (C:\Users\pc\AppData\Local\Programs\MiKTeX\tex/latex/amsmath\amsmath.sty
Package: amsmath 2025/07/09 v2.17z AMS math features
\@mathmargin=\skip51

For additional information on amsmath, use the `?' option.
(C:\Users\pc\AppData\Local\Programs\MiKTeX\tex/latex/amsmath\amstext.sty
Package: amstext 2024/11/17 v2.01 AMS text
 (C:\Users\pc\AppData\Local\Programs\MiKTeX\tex/latex/amsmath\amsgen.sty
File: amsgen.sty 1999/11/30 v2.0 generic functions
\@emptytoks=\toks22
\ex@=\dimen167
)) (C:\Users\pc\AppData\Local\Programs\MiKTeX\tex/latex/amsmath\amsbsy.sty
Package: amsbsy 1999/11/29 v1.2d Bold Symbols
\pmbraise@=\dimen168
) (C:\Users\pc\AppData\Local\Programs\MiKTeX\tex/latex/amsmath\amsopn.sty
Package: amsopn 2022/04/08 v2.04 operator names
)
\inf@bad=\count295
LaTeX Info: Redefining \frac on input line 233.
\uproot@=\count296
\leftroot@=\count297
LaTeX Info: Redefining \overline on input line 398.
LaTeX Info: Redefining \colon on input line 409.
\classnum@=\count298
\DOTSCASE@=\count299
LaTeX Info: Redefining \ldots on input line 495.
LaTeX Info: Redefining \dots on input line 498.
LaTeX Info: Redefining \cdots on input line 619.
\Mathstrutbox@=\box53
\strutbox@=\box54
LaTeX Info: Redefining \big on input line 721.
LaTeX Info: Redefining \Big on input line 722.
LaTeX Info: Redefining \bigg on input line 723.
LaTeX Info: Redefining \Bigg on input line 724.
\big@size=\dimen169
LaTeX Font Info:    Redeclaring font encoding OML on input line 742.
LaTeX Font Info:    Redeclaring font encoding OMS on input line 743.
\macc@depth=\count300
LaTeX Info: Redefining \bmod on input line 904.
LaTeX Info: Redefining \pmod on input line 909.
LaTeX Info: Redefining \smash on input line 939.
LaTeX Info: Redefining \relbar on input line 969.
LaTeX Info: Redefining \Relbar on input line 970.
\c@MaxMatrixCols=\count301
\dotsspace@=\muskip17
\c@parentequation=\count302
\dspbrk@lvl=\count303
\tag@help=\toks23
\row@=\count304
\column@=\count305
\maxfields@=\count306
\andhelp@=\toks24
\eqnshift@=\dimen170
\alignsep@=\dimen171
\tagshift@=\dimen172
\tagwidth@=\dimen173
\totwidth@=\dimen174
\lineht@=\dimen175
\@envbody=\toks25
\multlinegap=\skip52
\multlinetaggap=\skip53
\mathdisplay@stack=\toks26
LaTeX Info: Redefining \[ on input line 2950.
LaTeX Info: Redefining \] on input line 2951.
) (C:\Users\pc\AppData\Local\Programs\MiKTeX\tex/latex/amsfonts\amssymb.sty
Package: amssymb 2013/01/14 v3.01 AMS font symbols
 (C:\Users\pc\AppData\Local\Programs\MiKTeX\tex/latex/amsfonts\amsfonts.sty
Package: amsfonts 2013/01/14 v3.01 Basic AMSFonts support
\symAMSa=\mathgroup4
\symAMSb=\mathgroup5
LaTeX Font Info:    Redeclaring math symbol \hbar on input line 98.
LaTeX Font Info:    Overwriting math alphabet `\mathfrak' in version `bold'
(Font)                  U/euf/m/n --> U/euf/b/n on input line 106.
)) (C:\Users\pc\AppData\Local\Programs\MiKTeX\tex/latex/enumitem\enumitem.sty
Package: enumitem 2025/02/06 v3.11 Customized lists
\labelindent=\skip54
\enit@outerparindent=\dimen176
\enit@toks=\toks27
\enit@inbox=\box55
\enit@count@id=\count307
\enitdp@description=\count308
) (C:\Users\pc\AppData\Local\Programs\MiKTeX\tex/latex/titlesec\titlesec.sty
Package: titlesec 2025/01/04 v2.17 Sectioning titles
\ttl@box=\box56
\beforetitleunit=\skip55
\aftertitleunit=\skip56
\ttl@plus=\dimen177
\ttl@minus=\dimen178
\ttl@toksa=\toks28
\titlewidth=\dimen179
\titlewidthlast=\dimen180
\titlewidthfirst=\dimen181
) (C:\Users\pc\AppData\Local\Programs\MiKTeX\tex/latex/xcolor\xcolor.sty
Package: xcolor 2024/09/29 v3.02 LaTeX color extensions (UK)
 (C:\Users\pc\AppData\Local\Programs\MiKTeX\tex/latex/graphics-cfg\color.cfg
File: color.cfg 2016/01/02 v1.6 sample color configuration
)
Package xcolor Info: Driver file: pdftex.def on input line 274.
 (C:\Users\pc\AppData\Local\Programs\MiKTeX\tex/latex/graphics-def\pdftex.def
File: pdftex.def 2025/09/29 v1.2d Graphics/color driver for pdftex
) (C:\Users\pc\AppData\Local\Programs\MiKTeX\tex/latex/graphics\mathcolor.ltx)
Package xcolor Info: Model `cmy' substituted by `cmy0' on input line 1349.
Package xcolor Info: Model `hsb' substituted by `rgb' on input line 1353.
Package xcolor Info: Model `RGB' extended on input line 1365.
Package xcolor Info: Model `HTML' substituted by `rgb' on input line 1367.
Package xcolor Info: Model `Hsb' substituted by `hsb' on input line 1368.
Package xcolor Info: Model `tHsb' substituted by `hsb' on input line 1369.
Package xcolor Info: Model `HSB' substituted by `hsb' on input line 1370.
Package xcolor Info: Model `Gray' substituted by `gray' on input line 1371.
Package xcolor Info: Model `wave' substituted by `hsb' on input line 1372.
) (C:\Users\pc\AppData\Local\Programs\MiKTeX\tex/latex/hyperref\hyperref.sty
Package: hyperref 2025-07-12 v7.01o Hypertext links for LaTeX
 (C:\Users\pc\AppData\Local\Programs\MiKTeX\tex/latex/kvsetkeys\kvsetkeys.sty
Package: kvsetkeys 2022-10-05 v1.19 Key value parser (HO)
) (C:\Users\pc\AppData\Local\Programs\MiKTeX\tex/generic/kvdefinekeys\kvdefinekeys.sty
Package: kvdefinekeys 2019-12-19 v1.6 Define keys (HO)
) (C:\Users\pc\AppData\Local\Programs\MiKTeX\tex/generic/pdfescape\pdfescape.sty
Package: pdfescape 2019/12/09 v1.15 Implements pdfTeX's escape features (HO)
 (C:\Users\pc\AppData\Local\Programs\MiKTeX\tex/generic/ltxcmds\ltxcmds.sty
Package: ltxcmds 2023-12-04 v1.26 LaTeX kernel commands for general use (HO)
) (C:\Users\pc\AppData\Local\Programs\MiKTeX\tex/generic/pdftexcmds\pdftexcmds.sty
Package: pdftexcmds 2020-06-27 v0.33 Utility functions of pdfTeX for LuaTeX (HO)
 (C:\Users\pc\AppData\Local\Programs\MiKTeX\tex/generic/infwarerr\infwarerr.sty
Package: infwarerr 2019/12/03 v1.5 Providing info/warning/error messages (HO)
)
Package pdftexcmds Info: \pdf@primitive is available.
Package pdftexcmds Info: \pdf@ifprimitive is available.
Package pdftexcmds Info: \pdfdraftmode found.
)) (C:\Users\pc\AppData\Local\Programs\MiKTeX\tex/latex/hycolor\hycolor.sty
Package: hycolor 2020-01-27 v1.10 Color options for hyperref/bookmark (HO)
) (C:\Users\pc\AppData\Local\Programs\MiKTeX\tex/latex/hyperref\nameref.sty
Package: nameref 2025-06-21 v2.57 Cross-referencing by name of section
 (C:\Users\pc\AppData\Local\Programs\MiKTeX\tex/latex/refcount\refcount.sty
Package: refcount 2019/12/15 v3.6 Data extraction from label references (HO)
) (C:\Users\pc\AppData\Local\Programs\MiKTeX\tex/generic/gettitlestring\gettitlestring.sty
Package: gettitlestring 2019/12/15 v1.6 Cleanup title references (HO)
 (C:\Users\pc\AppData\Local\Programs\MiKTeX\tex/latex/kvoptions\kvoptions.sty
Package: kvoptions 2022-06-15 v3.15 Key value format for package options (HO)
))
\c@section@level=\count309
) (C:\Users\pc\AppData\Local\Programs\MiKTeX\tex/latex/etoolbox\etoolbox.sty
Package: etoolbox 2025/10/02 v2.5m e-TeX tools for LaTeX (JAW)
\etb@tempcnta=\count310
) (C:\Users\pc\AppData\Local\Programs\MiKTeX\tex/generic/stringenc\stringenc.sty
Package: stringenc 2019/11/29 v1.12 Convert strings between diff. encodings (HO)
)
\@linkdim=\dimen182
\Hy@linkcounter=\count311
\Hy@pagecounter=\count312
 (C:\Users\pc\AppData\Local\Programs\MiKTeX\tex/latex/hyperref\pd1enc.def
File: pd1enc.def 2025-07-12 v7.01o Hyperref: PDFDocEncoding definition (HO)
Now handling font encoding PD1 ...
... no UTF-8 mapping file for font encoding PD1
) (C:\Users\pc\AppData\Local\Programs\MiKTeX\tex/generic/intcalc\intcalc.sty
Package: intcalc 2019/12/15 v1.3 Expandable calculations with integers (HO)
)
\Hy@SavedSpaceFactor=\count313
 (C:\Users\pc\AppData\Local\Programs\MiKTeX\tex/latex/hyperref\puenc.def
File: puenc.def 2025-07-12 v7.01o Hyperref: PDF Unicode definition (HO)
Now handling font encoding PU ...
... no UTF-8 mapping file for font encoding PU
)
Package hyperref Info: Hyper figures OFF on input line 4195.
Package hyperref Info: Link nesting OFF on input line 4200.
Package hyperref Info: Hyper index ON on input line 4203.
Package hyperref Info: Plain pages OFF on input line 4210.
Package hyperref Info: Backreferencing OFF on input line 4215.
Package hyperref Info: Implicit mode ON; LaTeX internals redefined.
Package hyperref Info: Bookmarks ON on input line 4462.
\c@Hy@tempcnt=\count314
 (C:\Users\pc\AppData\Local\Programs\MiKTeX\tex/latex/url\url.sty
\Urlmuskip=\muskip18
Package: url 2013/09/16  ver 3.4  Verb mode for urls, etc.
)
LaTeX Info: Redefining \url on input line 4801.
\XeTeXLinkMargin=\dimen183
 (C:\Users\pc\AppData\Local\Programs\MiKTeX\tex/generic/bitset\bitset.sty
Package: bitset 2019/12/09 v1.3 Handle bit-vector datatype (HO)
 (C:\Users\pc\AppData\Local\Programs\MiKTeX\tex/generic/bigintcalc\bigintcalc.sty
Package: bigintcalc 2019/12/15 v1.5 Expandable calculations on big integers (HO)
))
\Fld@menulength=\count315
\Field@Width=\dimen184
\Fld@charsize=\dimen185
Package hyperref Info: Hyper figures OFF on input line 6078.
Package hyperref Info: Link nesting OFF on input line 6083.
Package hyperref Info: Hyper index ON on input line 6086.
Package hyperref Info: backreferencing OFF on input line 6093.
Package hyperref Info: Link coloring OFF on input line 6098.
Package hyperref Info: Link coloring with OCG OFF on input line 6103.
Package hyperref Info: PDF/A mode OFF on input line 6108.
\Hy@abspage=\count316
\c@Item=\count317
\c@Hfootnote=\count318
)
Package hyperref Info: Driver (autodetected): hpdftex.
 (C:\Users\pc\AppData\Local\Programs\MiKTeX\tex/latex/hyperref\hpdftex.def
File: hpdftex.def 2025-07-12 v7.01o Hyperref driver for pdfTeX
\Fld@listcount=\count319
\c@bookmark@seq@number=\count320
 (C:\Users\pc\AppData\Local\Programs\MiKTeX\tex/latex/rerunfilecheck\rerunfilecheck.sty
Package: rerunfilecheck 2025-06-21 v1.11 Rerun checks for auxiliary files (HO)
 (C:\Users\pc\AppData\Local\Programs\MiKTeX\tex/generic/uniquecounter\uniquecounter.sty
Package: uniquecounter 2019/12/15 v1.4 Provide unlimited unique counter (HO)
)
Package uniquecounter Info: New unique counter `rerunfilecheck' on input line 284.
)
\Hy@SectionHShift=\skip57
) (C:\Users\pc\AppData\Local\Programs\MiKTeX\tex/latex/amscls\amsthm.sty
Package: amsthm 2020/05/29 v2.20.6
\thm@style=\toks29
\thm@bodyfont=\toks30
\thm@headfont=\toks31
\thm@notefont=\toks32
\thm@headpunct=\toks33
\thm@preskip=\skip58
\thm@postskip=\skip59
\thm@headsep=\skip60
\dth@everypar=\toks34
) (C:\Users\pc\AppData\Local\Programs\MiKTeX\tex/latex/graphics\graphicx.sty
Package: graphicx 2024/12/31 v1.2e Enhanced LaTeX Graphics (DPC,SPQR)
 (C:\Users\pc\AppData\Local\Programs\MiKTeX\tex/latex/graphics\graphics.sty
Package: graphics 2024/08/06 v1.4g Standard LaTeX Graphics (DPC,SPQR)
 (C:\Users\pc\AppData\Local\Programs\MiKTeX\tex/latex/graphics\trig.sty
Package: trig 2023/12/02 v1.11 sin cos tan (DPC)
) (C:\Users\pc\AppData\Local\Programs\MiKTeX\tex/latex/graphics-cfg\graphics.cfg
File: graphics.cfg 2016/06/04 v1.11 sample graphics configuration
)
Package graphics Info: Driver file: pdftex.def on input line 106.
)
\Gin@req@height=\dimen186
\Gin@req@width=\dimen187
) (C:\Users\pc\AppData\Local\Programs\MiKTeX\tex/latex/tools\array.sty
Package: array 2025/09/25 v2.6n Tabular extension package (FMi)
\col@sep=\dimen188
\ar@mcellbox=\box57
\extrarowheight=\dimen189
\NC@list=\toks35
\extratabsurround=\skip61
\backup@length=\skip62
\ar@cellbox=\box58
) (C:\Users\pc\AppData\Local\Programs\MiKTeX\tex/latex/booktabs\booktabs.sty
Package: booktabs 2020/01/12 v1.61803398 Publication quality tables
\heavyrulewidth=\dimen190
\lightrulewidth=\dimen191
\cmidrulewidth=\dimen192
\belowrulesep=\dimen193
\belowbottomsep=\dimen194
\aboverulesep=\dimen195
\abovetopsep=\dimen196
\cmidrulesep=\dimen197
\cmidrulekern=\dimen198
\defaultaddspace=\dimen199
\@cmidla=\count321
\@cmidlb=\count322
\@aboverulesep=\dimen256
\@belowrulesep=\dimen257
\@thisruleclass=\count323
\@lastruleclass=\count324
\@thisrulewidth=\dimen258
) (C:\Users\pc\AppData\Local\Programs\MiKTeX\tex/latex/eurosym\eurosym.sty
Package: eurosym 1998/08/06 v1.1 European currency symbol ``Euro''
\@eurobox=\box59
)
\c@definition=\count325
\c@exemple=\count326
Package french3.ldf Info: Setting StandardItemizeEnv=true for
(french3.ldf)             compatibility with enumitem package,
(french3.ldf)             reported on input line 47.
Package french3.ldf Info: Setting StandardEnumerateEnv=true for
(french3.ldf)             compatibility with enumitem package,
(french3.ldf)             reported on input line 47.
 (C:\Users\pc\AppData\Local\Programs\MiKTeX\tex/latex/l3backend\l3backend-pdftex.def
File: l3backend-pdftex.def 2025-10-09 L3 backend support: PDF output (pdfTeX)
\l__color_backend_stack_int=\count327
)
No file MesureDT.aux.
\openout1 = `MesureDT.aux'.

LaTeX Font Info:    Checking defaults for OML/cmm/m/it on input line 47.
LaTeX Font Info:    ... okay on input line 47.
LaTeX Font Info:    Checking defaults for OMS/cmsy/m/n on input line 47.
LaTeX Font Info:    ... okay on input line 47.
LaTeX Font Info:    Checking defaults for OT1/cmr/m/n on input line 47.
LaTeX Font Info:    ... okay on input line 47.
LaTeX Font Info:    Checking defaults for T1/cmr/m/n on input line 47.
LaTeX Font Info:    ... okay on input line 47.
LaTeX Font Info:    Checking defaults for TS1/cmr/m/n on input line 47.
LaTeX Font Info:    ... okay on input line 47.
LaTeX Font Info:    Checking defaults for OMX/cmex/m/n on input line 47.
LaTeX Font Info:    ... okay on input line 47.
LaTeX Font Info:    Checking defaults for U/cmr/m/n on input line 47.
LaTeX Font Info:    ... okay on input line 47.
LaTeX Font Info:    Checking defaults for PD1/pdf/m/n on input line 47.
LaTeX Font Info:    ... okay on input line 47.
LaTeX Font Info:    Checking defaults for PU/pdf/m/n on input line 47.
LaTeX Font Info:    ... okay on input line 47.
Package babel Info: 'french' activates 'french' shorthands.
(babel)             Reported on input line 47.
LaTeX Info: Redefining \degres on input line 47.
*geometry* driver: auto-detecting
*geometry* detected driver: pdftex
*geometry* verbose mode - [ preamble ] result:
* driver: pdftex
* paper: a4paper
* layout: <same size as paper>
* layoutoffset:(h,v)=(0.0pt,0.0pt)
* modes: 
* h-part:(L,W,R)=(71.13188pt, 455.24411pt, 71.13188pt)
* v-part:(T,H,B)=(71.13188pt, 702.78308pt, 71.13188pt)
* \paperwidth=597.50787pt
* \paperheight=845.04684pt
* \textwidth=455.24411pt
* \textheight=702.78308pt
* \oddsidemargin=-1.1381pt
* \evensidemargin=-1.1381pt
* \topmargin=-38.1381pt
* \headheight=12.0pt
* \headsep=25.0pt
* \topskip=12.0pt
* \footskip=30.0pt
* \marginparwidth=35.0pt
* \marginparsep=10.0pt
* \columnsep=10.0pt
* \skip\footins=10.8pt plus 4.0pt minus 2.0pt
* \hoffset=0.0pt
* \voffset=0.0pt
* \mag=1000
* \@twocolumnfalse
* \@twosidefalse
* \@mparswitchfalse
* \@reversemarginfalse
* (1in=72.27pt=25.4mm, 1cm=28.453pt)

(C:\Users\pc\AppData\Local\Programs\MiKTeX\tex/context/base/mkii\supp-pdf.mkii
[Loading MPS to PDF converter (version 2006.09.02).]
\scratchcounter=\count328
\scratchdimen=\dimen259
\scratchbox=\box60
\nofMPsegments=\count329
\nofMParguments=\count330
\everyMPshowfont=\toks36
\MPscratchCnt=\count331
\MPscratchDim=\dimen260
\MPnumerator=\count332
\makeMPintoPDFobject=\count333
\everyMPtoPDFconversion=\toks37
) (C:\Users\pc\AppData\Local\Programs\MiKTeX\tex/latex/epstopdf-pkg\epstopdf-base.sty
Package: epstopdf-base 2020-01-24 v2.11 Base part for package epstopdf
Package epstopdf-base Info: Redefining graphics rule for `.eps' on input line 485.
 (C:\Users\pc\AppData\Local\Programs\MiKTeX\tex/latex/00miktex\epstopdf-sys.cfg
File: epstopdf-sys.cfg 2021/03/18 v2.0 Configuration of epstopdf for MiKTeX
))
Package hyperref Info: Link coloring OFF on input line 47.
\@outlinefile=\write3
\openout3 = `MesureDT.out'.

LaTeX Font Info:    Trying to load font information for U+msa on input line 65.
 (C:\Users\pc\AppData\Local\Programs\MiKTeX\tex/latex/amsfonts\umsa.fd
File: umsa.fd 2013/01/14 v3.01 AMS symbols A
)
LaTeX Font Info:    Trying to load font information for U+msb on input line 65.
 (C:\Users\pc\AppData\Local\Programs\MiKTeX\tex/latex/amsfonts\umsb.fd
File: umsb.fd 2013/01/14 v3.01 AMS symbols B
) [1

{C:/Users/pc/AppData/Local/MiKTeX/fonts/map/pdftex/pdftex.map}]
No file MesureDT.toc.
\tf@toc=\write4
\openout4 = `MesureDT.toc'.


pdfTeX warning (ext4): destination with the same identifier (name{page.1}) has been already used, duplicate ignored
<to be read again> 
                   \relax 
l.74 \newpage
              [1] [2]
Overfull \hbox (9.1472pt too wide) in paragraph at lines 157--167
 [][] 
 []

[3] [4]
Overfull \hbox (5.94122pt too wide) in paragraph at lines 247--261
 [][] 
 []

[5] [6]

Package enumitem Warning: Negative labelwidth. This does not make much
(enumitem)                sense, on input line 426.

[7]

Package enumitem Warning: Negative labelwidth. This does not make much
(enumitem)                sense, on input line 448.


Package enumitem Warning: Negative labelwidth. This does not make much
(enumitem)                sense, on input line 466.

[8] [9] [10] [11] [12] [13] [14] [15]
Underfull \hbox (badness 2809) in paragraph at lines 909--909
[]|\T1/cmr/bx/n/12 Type de chro-no-mé-
 []


Overfull \hbox (9.14719pt too wide) in paragraph at lines 907--918
 [][] 
 []

[16] [17] [18]
Underfull \hbox (badness 10000) in paragraph at lines 1084--1084
[]|\T1/cmr/m/n/12 10-
 []


Underfull \hbox (badness 5696) in paragraph at lines 1085--1085
[]|\T1/cmr/m/n/12 Établissement des
 []


Underfull \hbox (badness 10000) in paragraph at lines 1085--1085
[]|\T1/cmr/m/n/12 20-
 []


Underfull \hbox (badness 10000) in paragraph at lines 1086--1086
[]|\T1/cmr/m/n/12 20-
 []


Underfull \hbox (badness 10000) in paragraph at lines 1087--1087
[]|\T1/cmr/m/n/12 20-
 []


Overfull \hbox (19.72078pt too wide) in paragraph at lines 1079--1090
 [][] 
 []

[19] [20] [21] [22]

Package enumitem Warning: Negative labelwidth. This does not make much
(enumitem)                sense, on input line 1336.

[23]
Overfull \hbox (8.48116pt too wide) in paragraph at lines 1357--1378
 [][] 
 []

[24] [25] [26] [27] [28] [29] [30] [31] [32] [33] [34] [35] [36] [37]
Underfull \hbox (badness 3690) in paragraph at lines 2276--2276
[]|\T1/cmr/bx/n/12 Type de ma-jo-ra-
 []

[38] [39] [40] [41] [42]

LaTeX Warning: Command \texteuro invalid in math mode on input line 2634.


LaTeX Warning: Command \texteuro invalid in math mode on input line 2634.

Missing character: There is no ż in font cmr12!
[43] [44]
Overfull \hbox (22.42755pt too wide) in paragraph at lines 2794--2794
[]\T1/cmtt/m/n/12 |-----Tm-----|-----Tm-----|--Ttm--|     |--Ttm--|--Ttm--|-----Tm-----|[] 
 []


Overfull \hbox (47.12152pt too wide) in paragraph at lines 2794--2794
[]\T1/cmtt/m/n/12 0                            60                            120   135 (dmh)[] 
 []


Overfull \hbox (40.94803pt too wide) in paragraph at lines 2794--2794
[]\T1/cmtt/m/n/12 |          |          |--Ttm--|-----Tt-----|--Ttm--|-----Tt-----|--Ttm--|[] 
 []


Overfull \hbox (47.12152pt too wide) in paragraph at lines 2794--2794
[]\T1/cmtt/m/n/12 0                            60                            120   135 (dmh)[] 
 []


c:/Users/pc/Documents/INFO/GitHub/SOUKAINA/MesureDT.tex:2795: LaTeX Error: \caption outside float.

See the LaTeX manual or LaTeX Companion for explanation.
Type  H <return>  for immediate help.
 ...                                              
                                                  
l.2795 \caption
               {ReprĂ©sentation simplifiĂ©e d'un simogramme}
You're in trouble here.  Try typing  <return>  to proceed.
If that doesn't work, type  X <return>  to quit.

[45] [46] [47]
Underfull \hbox (badness 2809) in paragraph at lines 2918--2918
[]|\T1/cmr/m/n/12 Expérience du chro-no-mé-
 []


Package enumitem Warning: Negative labelwidth. This does not make much
(enumitem)                sense, on input line 2962.

[48] [49] [50]

c:/Users/pc/Documents/INFO/GitHub/SOUKAINA/MesureDT.tex:3172: LaTeX Error: \caption outside float.

See the LaTeX manual or LaTeX Companion for explanation.
Type  H <return>  for immediate help.
 ...                                              
                                                  
l.3172 \caption
               {Valeurs clĂ©s du Basic MOST}
You're in trouble here.  Try typing  <return>  to proceed.
If that doesn't work, type  X <return>  to quit.

[51] [52]

Package hyperref Warning: The anchor of a bookmark and its parent's must not
(hyperref)                be the same. Added a new anchor on input line 3290.

[53] [54] [55]
Underfull \hbox (badness 10000) in paragraph at lines 3457--3457
[]|\T1/cmr/m/n/12 Optimisation homme-
 []


Underfull \hbox (badness 10000) in paragraph at lines 3458--3458
[]|\T1/cmr/m/n/12 Observations ins-tan-ta-
 []


Underfull \hbox (badness 10000) in paragraph at lines 3458--3459
[]|\T1/cmr/m/n/12 Complčte l'ana-lyse des
 []

[56]
Underfull \hbox (badness 3049) in paragraph at lines 3549--3549
[]|\T1/cmr/bx/n/12 Observations ins-tan-
 []


Underfull \hbox (badness 10000) in paragraph at lines 3549--3550
[]|\T1/cmr/bx/n/12 Chronométrage
 []

[57] [58]

Package enumitem Warning: Negative labelwidth. This does not make much
(enumitem)                sense, on input line 3638.

[59] [60] [61] [62]
Overfull \hbox (47.93849pt too wide) detected at line 3852
[] \OT1/cmr/m/n/12 = (5 \OMS/cmsy/m/n/12 ^^B \OT1/cmr/m/n/12 323) + (3 \OMS/cmsy/m/n/12 ^^B \OT1/cmr/m/n/12 60) + (4 \OMS/cmsy/m/n/12 ^^B \OT1/cmr/m/n/12 60) = 1615 + 180 + 240 = 2035[] \OMS/cmsy/m/n/12 ^^Y \OT1/cmr/m/n/12 33\OML/cmm/m/it/12 ; \OT1/cmr/m/n/12 9[]
 []


Overfull \hbox (33.83592pt too wide) detected at line 3877
\OML/cmm/m/it/12 E[] \OT1/cmr/m/n/12 = [] = [] = [] = [] \OMS/cmsy/m/n/12 ^^Y \OT1/cmr/m/n/12 0\OML/cmm/m/it/12 ; \OT1/cmr/m/n/12 053 = 5\OML/cmm/m/it/12 ; \OT1/cmr/m/n/12 3%
 []

[63]

Package enumitem Warning: Negative labelwidth. This does not make much
(enumitem)                sense, on input line 3962.

[64]

Package enumitem Warning: Negative labelwidth. This does not make much
(enumitem)                sense, on input line 4013.


Overfull \hbox (35.3306pt too wide) in paragraph at lines 4023--4039
 [][] 
 []

[65]
Underfull \hbox (badness 5119) in paragraph at lines 4054--4055
[]|\T1/cmr/m/n/12 Sortie ma-ga-sin ma-
 []


Overfull \hbox (5.4944pt too wide) in paragraph at lines 4050--4073
 [][] 
 []

[66]

Package enumitem Warning: Negative labelwidth. This does not make much
(enumitem)                sense, on input line 4108.

[67]
Overfull \hbox (108.85645pt too wide) in paragraph at lines 4178--4178
[]\T1/cmtt/m/n/12 Fournisseur \TS1/cmtt/m/n/12 ^^Y \T1/cmtt/m/n/12 Réception \TS1/cmtt/m/n/12 ^^Y \T1/cmtt/m/n/12 Stock MP \TS1/cmtt/m/n/12 ^^Y \T1/cmtt/m/n/12 Découpe \TS1/cmtt/m/n/12 ^^Y \T1/cmtt/m/n/12 Stock inter \TS1/cmtt/m/n/12 ^^Y \T1/cmtt/m/n/12 Assemblage \TS1/cmtt/m/n/12 ^^Y \T1/cmtt/m/n/12 Expédition[] 
 []


Overfull \hbox (3.90707pt too wide) in paragraph at lines 4178--4178
[]  \T1/cmtt/m/n/12 Hebdo      1/jour      2 jours     5 min       1 heure     10 min[] 
 []


Overfull \hbox (3.90707pt too wide) in paragraph at lines 4178--4178
[]             \T1/cmtt/m/n/12 1 min       500 pcs    20 min       200 pcs     15 min[] 
 []


c:/Users/pc/Documents/INFO/GitHub/SOUKAINA/MesureDT.tex:4179: LaTeX Error: \caption outside float.

See the LaTeX manual or LaTeX Companion for explanation.
Type  H <return>  for immediate help.
 ...                                              
                                                  
l.4179 \caption
               {ReprĂ©sentation simplifiĂ©e d'une cartographie VSM}
You're in trouble here.  Try typing  <return>  to proceed.
If that doesn't work, type  X <return>  to quit.


Overfull \hbox (120.54008pt too wide) in paragraph at lines 4191--4203
 [][] 
 []

[68] [69]
Overfull \hbox (49.0519pt too wide) in paragraph at lines 4294--4294
[]\T1/cmtt/m/n/12 Fournisseur \TS1/cmtt/m/n/12 ^^Y \T1/cmtt/m/n/12 Découpe (8 min) \TS1/cmtt/m/n/12 ^^Y \T1/cmtt/m/n/12 Stock 150 \TS1/cmtt/m/n/12 ^^Y \T1/cmtt/m/n/12 Ass. piétement (12 min) \TS1/cmtt/m/n/12 ^^Y \T1/cmtt/m/n/12 Stock 80[] 
 []


c:/Users/pc/Documents/INFO/GitHub/SOUKAINA/MesureDT.tex:4295: LaTeX Error: \caption outside float.

See the LaTeX manual or LaTeX Companion for explanation.
Type  H <return>  for immediate help.
 ...                                              
                                                  
l.4295 \caption
               {Cartographie VSM - Ă‰tat actuel}
You're in trouble here.  Try typing  <return>  to proceed.
If that doesn't work, type  X <return>  to quit.

[70] [71]
Overfull \hbox (14.5391pt too wide) in paragraph at lines 4392--4407
 [][] 
 []

[72]

Package enumitem Warning: Negative labelwidth. This does not make much
(enumitem)                sense, on input line 4472.


Package enumitem Warning: Negative labelwidth. This does not make much
(enumitem)                sense, on input line 4488.

[73] [74] [75] [76]
Overfull \hbox (12.30807pt too wide) in paragraph at lines 4732--4732
|[]\T1/cmr/bx/n/17.28 Méthode MOST (May-nard Ope-ra-tion Se-quence Tech-
 []

[77]

c:/Users/pc/Documents/INFO/GitHub/SOUKAINA/MesureDT.tex:4776: LaTeX Error: \caption outside float.

See the LaTeX manual or LaTeX Companion for explanation.
Type  H <return>  for immediate help.
 ...                                              
                                                  
l.4776 \caption
               *{Structure de la sĂ©quence 1 : ABG ABP A}
You're in trouble here.  Try typing  <return>  to proceed.
If that doesn't work, type  X <return>  to quit.


Package enumitem Warning: Negative labelwidth. This does not make much
(enumitem)                sense, on input line 4780.


c:/Users/pc/Documents/INFO/GitHub/SOUKAINA/MesureDT.tex:4799: LaTeX Error: \caption outside float.

See the LaTeX manual or LaTeX Companion for explanation.
Type  H <return>  for immediate help.
 ...                                              
                                                  
l.4799 \caption
               *{Structure de la sĂ©quence 2 (identique mais indices spĂ©cif...
You're in trouble here.  Try typing  <return>  to proceed.
If that doesn't work, type  X <return>  to quit.

c:/Users/pc/Documents/INFO/GitHub/SOUKAINA/MesureDT.tex:4809: Extra alignment tab has been changed to \cr.
<recently read> \endtemplate 
                             
l.4809 ...& \textbf{P} & \textbf{A} & \textbf{B} &
                                                   \textbf{G} & \textbf{A} \\
You have given more \span or & marks than there were
in the preamble to the \halign or \valign now in progress.
So I'll assume that you meant to type \cr instead.

c:/Users/pc/Documents/INFO/GitHub/SOUKAINA/MesureDT.tex:4811: Extra alignment tab has been changed to \cr.
<recently read> \endtemplate 
                             
l.4811 ... Action & Body & Place & Action & Body &
                                                   Get & Action \\
You have given more \span or & marks than there were
in the preamble to the \halign or \valign now in progress.
So I'll assume that you meant to type \cr instead.


c:/Users/pc/Documents/INFO/GitHub/SOUKAINA/MesureDT.tex:4814: LaTeX Error: \caption outside float.

See the LaTeX manual or LaTeX Companion for explanation.
Type  H <return>  for immediate help.
 ...                                              
                                                  
l.4814 \caption
               *{Structure de la sĂ©quence 3 : ABG ABP A B G A}
You're in trouble here.  Try typing  <return>  to proceed.
If that doesn't work, type  X <return>  to quit.

[78] [79] [80]
Underfull \hbox (badness 8113) in paragraph at lines 5017--5017
[]|\T1/cmr/m/n/12 Trčs fin (mou-ve-ments
 []


Underfull \hbox (badness 10000) in paragraph at lines 5017--5018
[]|\T1/cmr/m/n/12 Aggloméré (sé-quences
 []

[81] [82]
Runaway argument?
{SĂ©quence : A=1, B=0, G=1, A=1, B=0, P=1, A=0 \] \[ \text {Somme} = \ETC.
c:/Users/pc/Documents/INFO/GitHub/SOUKAINA/MesureDT.tex:5121: Paragraph ended before \text@ was complete.
<to be read again> 
                   \par 
l.5121 
       
I suspect you've forgotten a `}', causing me to apply this
control sequence to too much text. How can we recover?
My plan is to forget the whole thing and hope for the best.

c:/Users/pc/Documents/INFO/GitHub/SOUKAINA/MesureDT.tex:5121: Missing $ inserted.
<inserted text> 
                $
l.5121 
       
I've inserted a begin-math/end-math symbol since I think
you left one out. Proceed, with fingers crossed.

c:/Users/pc/Documents/INFO/GitHub/SOUKAINA/MesureDT.tex:5121: Display math should end with $$.
<to be read again> 
                   \tex_par:D 
l.5121 
       
The `$' that I just saw supposedly matches a previous `$$'.
So I shall assume that you typed `$$' both times.

Runaway argument?
{SĂ©quence : A=6, B=6, G=1, A=6, B=6, P=0, A=0 \] \[ \text {Somme} = \ETC.
c:/Users/pc/Documents/INFO/GitHub/SOUKAINA/MesureDT.tex:5136: Paragraph ended before \text@ was complete.
<to be read again> 
                   \par 
l.5136 
       
I suspect you've forgotten a `}', causing me to apply this
control sequence to too much text. How can we recover?
My plan is to forget the whole thing and hope for the best.

c:/Users/pc/Documents/INFO/GitHub/SOUKAINA/MesureDT.tex:5136: Missing $ inserted.
<inserted text> 
                $
l.5136 
       
I've inserted a begin-math/end-math symbol since I think
you left one out. Proceed, with fingers crossed.

c:/Users/pc/Documents/INFO/GitHub/SOUKAINA/MesureDT.tex:5136: Display math should end with $$.
<to be read again> 
                   \tex_par:D 
l.5136 
       
The `$' that I just saw supposedly matches a previous `$$'.
So I shall assume that you typed `$$' both times.

Runaway argument?
{SĂ©quence : A=1, B=0, G=1, A=3, B=3, P=6, A=0 \] \[ \text {Somme} = \ETC.
c:/Users/pc/Documents/INFO/GitHub/SOUKAINA/MesureDT.tex:5151: Paragraph ended before \text@ was complete.
<to be read again> 
                   \par 
l.5151 
       
I suspect you've forgotten a `}', causing me to apply this
control sequence to too much text. How can we recover?
My plan is to forget the whole thing and hope for the best.

c:/Users/pc/Documents/INFO/GitHub/SOUKAINA/MesureDT.tex:5151: Missing $ inserted.
<inserted text> 
                $
l.5151 
       
I've inserted a begin-math/end-math symbol since I think
you left one out. Proceed, with fingers crossed.

c:/Users/pc/Documents/INFO/GitHub/SOUKAINA/MesureDT.tex:5151: Display math should end with $$.
<to be read again> 
                   \tex_par:D 
l.5151 
       
The `$' that I just saw supposedly matches a previous `$$'.
So I shall assume that you typed `$$' both times.

[83] [84] [85] [86] [87] [88] [89] [90] [91] [92] [93] [94] [95] [96] [97] [98]

c:/Users/pc/Documents/INFO/GitHub/SOUKAINA/MesureDT.tex:6088: LaTeX Error: \caption outside float.

See the LaTeX manual or LaTeX Companion for explanation.
Type  H <return>  for immediate help.
 ...                                              
                                                  
l.6088 \caption
               {ReprĂ©sentation simplifiĂ©e du simogramme avant optimisation}
You're in trouble here.  Try typing  <return>  to proceed.
If that doesn't work, type  X <return>  to quit.

[99]

c:/Users/pc/Documents/INFO/GitHub/SOUKAINA/MesureDT.tex:6139: LaTeX Error: \caption outside float.

See the LaTeX manual or LaTeX Companion for explanation.
Type  H <return>  for immediate help.
 ...                                              
                                                  
l.6139 \caption
               {ReprĂ©sentation simplifiĂ©e du simogramme aprĂ¨s optimisation}
You're in trouble here.  Try typing  <return>  to proceed.
If that doesn't work, type  X <return>  to quit.

[100] [101] [102] [103] [104] [105] [106]

Package enumitem Warning: Negative labelwidth. This does not make much
(enumitem)                sense, on input line 6714.

[107]

Package enumitem Warning: Negative labelwidth. This does not make much
(enumitem)                sense, on input line 6730.


Overfull \hbox (2.15741pt too wide) in paragraph at lines 6731--6732
[]\T1/cmr/m/n/12 Unité de base du MTM. $\OT1/cmr/m/n/12 1 [] = 0\OML/cmm/m/it/12 ; \OT1/cmr/m/n/12 00001 [] =
 []


Package enumitem Warning: Negative labelwidth. This does not make much
(enumitem)                sense, on input line 6742.


Package enumitem Warning: Negative labelwidth. This does not make much
(enumitem)                sense, on input line 6752.

[108] [109] [110] [111] [112]

c:/Users/pc/Documents/INFO/GitHub/SOUKAINA/MesureDT.tex:6941: LaTeX Error: Can be used only in preamble.

See the LaTeX manual or LaTeX Companion for explanation.
Type  H <return>  for immediate help.
 ...                                              
                                                  
l.6941 \documentclass
                     [a4paper,12pt]{article}
Your command was ignored.
Type  I <command> <return>  to replace it with another command,
or  <return>  to continue without it.


c:/Users/pc/Documents/INFO/GitHub/SOUKAINA/MesureDT.tex:6944: LaTeX Error: Can be used only in preamble.

See the LaTeX manual or LaTeX Companion for explanation.
Type  H <return>  for immediate help.
 ...                                              
                                                  
l.6944 \usepackage
                  [french]{babel}      % Pour la langue franĂ§aise
Your command was ignored.
Type  I <command> <return>  to replace it with another command,
or  <return>  to continue without it.


c:/Users/pc/Documents/INFO/GitHub/SOUKAINA/MesureDT.tex:6945: LaTeX Error: Can be used only in preamble.

See the LaTeX manual or LaTeX Companion for explanation.
Type  H <return>  for immediate help.
 ...                                              
                                                  
l.6945 \usepackage
                  [T1]{fontenc}        % Encodage des polices
Your command was ignored.
Type  I <command> <return>  to replace it with another command,
or  <return>  to continue without it.


c:/Users/pc/Documents/INFO/GitHub/SOUKAINA/MesureDT.tex:6946: LaTeX Error: Can be used only in preamble.

See the LaTeX manual or LaTeX Companion for explanation.
Type  H <return>  for immediate help.
 ...                                              
                                                  
l.6946 \usepackage
                  [utf8]{inputenc}     % Encodage des caractĂ¨res (accents)
Your command was ignored.
Type  I <command> <return>  to replace it with another command,
or  <return>  to continue without it.


c:/Users/pc/Documents/INFO/GitHub/SOUKAINA/MesureDT.tex:6947: LaTeX Error: Can be used only in preamble.

See the LaTeX manual or LaTeX Companion for explanation.
Type  H <return>  for immediate help.
 ...                                              
                                                  
l.6947 \usepackage
                  {geometry}           % Pour gĂ©rer les marges
Your command was ignored.
Type  I <command> <return>  to replace it with another command,
or  <return>  to continue without it.


c:/Users/pc/Documents/INFO/GitHub/SOUKAINA/MesureDT.tex:6948: LaTeX Error: Can be used only in preamble.

See the LaTeX manual or LaTeX Companion for explanation.
Type  H <return>  for immediate help.
 ...                                              
                                                  
l.6948 \usepackage
                  {amsmath, amssymb}   % Pour les mathĂ©matiques
Your command was ignored.
Type  I <command> <return>  to replace it with another command,
or  <return>  to continue without it.


c:/Users/pc/Documents/INFO/GitHub/SOUKAINA/MesureDT.tex:6949: LaTeX Error: Can be used only in preamble.

See the LaTeX manual or LaTeX Companion for explanation.
Type  H <return>  for immediate help.
 ...                                              
                                                  
l.6949 \usepackage
                  {enumitem}           % Pour personnaliser les listes
Your command was ignored.
Type  I <command> <return>  to replace it with another command,
or  <return>  to continue without it.


c:/Users/pc/Documents/INFO/GitHub/SOUKAINA/MesureDT.tex:6950: LaTeX Error: Can be used only in preamble.

See the LaTeX manual or LaTeX Companion for explanation.
Type  H <return>  for immediate help.
 ...                                              
                                                  
l.6950 \usepackage
                  {titlesec}           % Pour personnaliser les titres
Your command was ignored.
Type  I <command> <return>  to replace it with another command,
or  <return>  to continue without it.


c:/Users/pc/Documents/INFO/GitHub/SOUKAINA/MesureDT.tex:6951: LaTeX Error: Can be used only in preamble.

See the LaTeX manual or LaTeX Companion for explanation.
Type  H <return>  for immediate help.
 ...                                              
                                                  
l.6951 \usepackage
                  {xcolor}             % Pour les couleurs
Your command was ignored.
Type  I <command> <return>  to replace it with another command,
or  <return>  to continue without it.


c:/Users/pc/Documents/INFO/GitHub/SOUKAINA/MesureDT.tex:6952: LaTeX Error: Can be used only in preamble.

See the LaTeX manual or LaTeX Companion for explanation.
Type  H <return>  for immediate help.
 ...                                              
                                                  
l.6952 \usepackage
                  {hyperref}           % Pour les liens internes
Your command was ignored.
Type  I <command> <return>  to replace it with another command,
or  <return>  to continue without it.


c:/Users/pc/Documents/INFO/GitHub/SOUKAINA/MesureDT.tex:6953: LaTeX Error: Can be used only in preamble.

See the LaTeX manual or LaTeX Companion for explanation.
Type  H <return>  for immediate help.
 ...                                              
                                                  
l.6953 \usepackage
                  {amsthm}             % Pour les environnements thĂ©orĂ¨mes
Your command was ignored.
Type  I <command> <return>  to replace it with another command,
or  <return>  to continue without it.


c:/Users/pc/Documents/INFO/GitHub/SOUKAINA/MesureDT.tex:6954: LaTeX Error: Can be used only in preamble.

See the LaTeX manual or LaTeX Companion for explanation.
Type  H <return>  for immediate help.
 ...                                              
                                                  
l.6954 \usepackage
                  {graphicx}           % Pour les images (optionnel)
Your command was ignored.
Type  I <command> <return>  to replace it with another command,
or  <return>  to continue without it.


c:/Users/pc/Documents/INFO/GitHub/SOUKAINA/MesureDT.tex:6955: LaTeX Error: Can be used only in preamble.

See the LaTeX manual or LaTeX Companion for explanation.
Type  H <return>  for immediate help.
 ...                                              
                                                  
l.6955 \usepackage
                  {array}              % Pour les tableaux avancĂ©s
Your command was ignored.
Type  I <command> <return>  to replace it with another command,
or  <return>  to continue without it.


c:/Users/pc/Documents/INFO/GitHub/SOUKAINA/MesureDT.tex:6956: LaTeX Error: Can be used only in preamble.

See the LaTeX manual or LaTeX Companion for explanation.
Type  H <return>  for immediate help.
 ...                                              
                                                  
l.6956 \usepackage
                  {booktabs}           % Pour de meilleurs tableaux
Your command was ignored.
Type  I <command> <return>  to replace it with another command,
or  <return>  to continue without it.


c:/Users/pc/Documents/INFO/GitHub/SOUKAINA/MesureDT.tex:6957: LaTeX Error: Can be used only in preamble.

See the LaTeX manual or LaTeX Companion for explanation.
Type  H <return>  for immediate help.
 ...                                              
                                                  
l.6957 \usepackage
                  {eurosym}            % Pour le symbole euro
Your command was ignored.
Type  I <command> <return>  to replace it with another command,
or  <return>  to continue without it.


c:/Users/pc/Documents/INFO/GitHub/SOUKAINA/MesureDT.tex:6963: LaTeX Error: Command \definition already defined.
               Or name \end... illegal, see p.192 of the manual.

See the LaTeX manual or LaTeX Companion for explanation.
Type  H <return>  for immediate help.
 ...                                              
                                                  
l.6963 \newtheorem{definition}
                              {DĂ©finition}[section]
Your command was ignored.
Type  I <command> <return>  to replace it with another command,
or  <return>  to continue without it.


c:/Users/pc/Documents/INFO/GitHub/SOUKAINA/MesureDT.tex:6964: LaTeX Error: Command \exemple already defined.
               Or name \end... illegal, see p.192 of the manual.

See the LaTeX manual or LaTeX Companion for explanation.
Type  H <return>  for immediate help.
 ...                                              
                                                  
l.6964 \newtheorem{exemple}
                           {Exemple}[section]
Your command was ignored.
Type  I <command> <return>  to replace it with another command,
or  <return>  to continue without it.


c:/Users/pc/Documents/INFO/GitHub/SOUKAINA/MesureDT.tex:6967: LaTeX Error: Can be used only in preamble.

See the LaTeX manual or LaTeX Companion for explanation.
Type  H <return>  for immediate help.
 ...                                              
                                                  
l.6967 \geometry
                {
Your command was ignored.
Type  I <command> <return>  to replace it with another command,
or  <return>  to continue without it.


c:/Users/pc/Documents/INFO/GitHub/SOUKAINA/MesureDT.tex:6988: LaTeX Error: Can be used only in preamble.

See the LaTeX manual or LaTeX Companion for explanation.
Type  H <return>  for immediate help.
 ...                                              
                                                  
l.6988 \begin{document}
                       
Your command was ignored.
Type  I <command> <return>  to replace it with another command,
or  <return>  to continue without it.

[113]
pdfTeX warning (ext4): destination with the same identifier (name{page.1}) has been already used, duplicate ignored
<to be read again> 
                   \relax 
l.7011 \end{titlepage}
                       [1] (MesureDT.toc)
\tf@toc=\write5
\openout5 = `MesureDT.toc'.


pdfTeX warning (ext4): destination with the same identifier (name{page.1}) has been already used, duplicate ignored
<to be read again> 
                   \relax 
l.7015 \newpage
                [1]
pdfTeX warning (ext4): destination with the same identifier (name{page.2}) has been already used, duplicate ignored
<to be read again> 
                   \relax 
l.7071 ...Les deux piliers de l'Ă©tude du travail}
                                                   [2]
Overfull \hbox (9.1472pt too wide) in paragraph at lines 7098--7108
 [][] 
 []


pdfTeX warning (ext4): destination with the same identifier (name{page.3}) has been already used, duplicate ignored
<to be read again> 
                   \relax 
l.7131 ... : de Taylor aux temps prĂ©dĂ©terminĂ©s}
                                                   [3]
pdfTeX warning (ext4): destination with the same identifier (name{page.4}) has been already used, duplicate ignored
<to be read again> 
                   \relax 
l.7184 ...tion{Tableau chronologique synthĂ©tique}
                                                   [4]
Overfull \hbox (5.94122pt too wide) in paragraph at lines 7188--7202
 [][] 
 []


pdfTeX warning (ext4): destination with the same identifier (name{page.5}) has been already used, duplicate ignored
<to be read again> 
                   \relax 
l.7255 \end{center}
                    [5]
pdfTeX warning (ext4): destination with the same identifier (name{page.6}) has been already used, duplicate ignored
<to be read again> 
                   \relax 
l.7340 \subsubsection{CritĂ¨res de sĂ©lection}
                                               [6]

Package enumitem Warning: Negative labelwidth. This does not make much
(enumitem)                sense, on input line 7363.


pdfTeX warning (ext4): destination with the same identifier (name{page.7}) has been already used, duplicate ignored
<to be read again> 
                   \relax 
l.7365     \item[Temps technologique (Tt)]
                                           Temps pendant lequel la machine t... [7]

Package enumitem Warning: Negative labelwidth. This does not make much
(enumitem)                sense, on input line 7385.


Package enumitem Warning: Negative labelwidth. This does not make much
(enumitem)                sense, on input line 7403.


pdfTeX warning (ext4): destination with the same identifier (name{page.8}) has been already used, duplicate ignored
<to be read again> 
                   \relax 
l.7419     \item A
                  nalyser diffĂ©rentes solutions d'organisation [8]
pdfTeX warning (ext4): destination with the same identifier (name{page.9}) has been already used, duplicate ignored
<to be read again> 
                   \relax 
l.7484 \end{center}
                    [9]
pdfTeX warning (ext4): destination with the same identifier (name{page.10}) has been already used, duplicate ignored
<to be read again> 
                   \relax 
l.7529 ...section{Stabilisation du chronomĂ©treur}
                                                   [10]
pdfTeX warning (ext4): destination with the same identifier (name{page.11}) has been already used, duplicate ignored
<to be read again> 
                   \relax 
l.7558 \end{document}
                      [11] (MesureDT.aux)
 ***********
LaTeX2e <2025-11-01>
L3 programming layer <2025-12-24>
 ***********


LaTeX Warning: Label(s) may have changed. Rerun to get cross-references right.


Package rerunfilecheck Warning: File `MesureDT.out' has changed.
(rerunfilecheck)                Rerun to get outlines right
(rerunfilecheck)                or use package `bookmark'.

Package rerunfilecheck Info: Checksums for `MesureDT.out':
(rerunfilecheck)             Before: <no file>
(rerunfilecheck)             After:  0407FDF3B2F766FC2493849E7CF57E8A;117752.
 )
(\end occurred inside a group at level 4)

### semi simple group (level 4) entered at line 6988 (\begingroup)
### semi simple group (level 3) entered at line 5139 (\begingroup)
### semi simple group (level 2) entered at line 5124 (\begingroup)
### semi simple group (level 1) entered at line 5109 (\begingroup)
### bottom level 
Here is how much of TeX's memory you used:
 14916 strings out of 467871
 229841 string characters out of 5419828
 682950 words of memory out of 5000000
 42411 multiletter control sequences out of 15000+600000
 646888 words of font info for 86 fonts, out of 8000000 for 9000
 1141 hyphenation exceptions out of 8191
 75i,13n,79p,588b,1973s stack positions out of 10000i,1000n,20000p,200000b,200000s
 <C:\Users\pc\AppData\Local\MiKTeX\fonts/pk/ljfour/jknappen/ec/dpi600\tcbx1200.pk> <C:\Users\pc\AppData\Local\MiKTeX\fonts/pk/ljfour/jknappen/ec/dpi600\tcbx1440.pk> <C:\Users\pc\AppData\Local\MiKTeX\fonts/pk/ljfour/jknappen/ec/dpi600\tctt1200.pk> <C:\Users\pc\AppData\Local\MiKTeX\fonts/pk/ljfour/jknappen/ec/dpi600\ectt1200.pk> <C:\Users\pc\AppData\Local\MiKTeX\fonts/pk/ljfour/jknappen/ec/dpi600\ecti0800.pk> <C:\Users\pc\AppData\Local\MiKTeX\fonts/pk/ljfour/jknappen/ec/dpi600\tcrm1200.pk> <C:\Users\pc\AppData\Local\MiKTeX\fonts/pk/ljfour/jknappen/ec/dpi600\tcbi1200.pk> <C:\Users\pc\AppData\Local\MiKTeX\fonts/pk/ljfour/jknappen/ec/dpi600\tcti1200.pk> <C:\Users\pc\AppData\Local\MiKTeX\fonts/pk/ljfour/jknappen/ec/dpi600\ecrm0800.pk> <C:\Users\pc\AppData\Local\MiKTeX\fonts/pk/ljfour/jknappen/ec/dpi600\eccc1200.pk> <C:\Users\pc\AppData\Local\MiKTeX\fonts/pk/ljfour/jknappen/ec/dpi600\ecbi1200.pk> <C:\Users\pc\AppData\Local\MiKTeX\fonts/pk/ljfour/jknappen/ec/dpi600\ecbx1440.pk> <C:\Users\pc\AppData\Local\MiKTeX\fonts/pk/ljfour/jknappen/ec/dpi600\ecrm1200.pk> <C:\Users\pc\AppData\Local\MiKTeX\fonts/pk/ljfour/jknappen/ec/dpi600\ecbx1728.pk> <C:\Users\pc\AppData\Local\MiKTeX\fonts/pk/ljfour/jknappen/ec/dpi600\ecrm1440.pk> <C:\Users\pc\AppData\Local\MiKTeX\fonts/pk/ljfour/jknappen/ec/dpi600\ecti1200.pk> <C:\Users\pc\AppData\Local\MiKTeX\fonts/pk/ljfour/jknappen/ec/dpi600\ecbx1200.pk> <C:\Users\pc\AppData\Local\MiKTeX\fonts/pk/ljfour/jknappen/ec/dpi600\ecrm1728.pk> <C:\Users\pc\AppData\Local\MiKTeX\fonts/pk/ljfour/jknappen/ec/dpi600\ecbx2488.pk><C:/Users/pc/AppData/Local/Programs/MiKTeX/fonts/type1/public/amsfonts/cm/cmex10.pfb><C:/Users/pc/AppData/Local/Programs/MiKTeX/fonts/type1/public/amsfonts/cmextra/cmex8.pfb><C:/Users/pc/AppData/Local/Programs/MiKTeX/fonts/type1/public/amsfonts/cm/cmmi12.pfb><C:/Users/pc/AppData/Local/Programs/MiKTeX/fonts/type1/public/amsfonts/cm/cmmi6.pfb><C:/Users/pc/AppData/Local/Programs/MiKTeX/fonts/type1/public/amsfonts/cm/cmmi8.pfb><C:/Users/pc/AppData/Local/Programs/MiKTeX/fonts/type1/public/amsfonts/cm/cmr12.pfb><C:/Users/pc/AppData/Local/Programs/MiKTeX/fonts/type1/public/amsfonts/cm/cmr6.pfb><C:/Users/pc/AppData/Local/Programs/MiKTeX/fonts/type1/public/amsfonts/cm/cmr8.pfb><C:/Users/pc/AppData/Local/Programs/MiKTeX/fonts/type1/public/amsfonts/cm/cmsy10.pfb><C:/Users/pc/AppData/Local/Programs/MiKTeX/fonts/type1/public/amsfonts/cm/cmsy8.pfb><C:/Users/pc/AppData/Local/Programs/MiKTeX/fonts/type1/public/eurosym/feymr10.pfb><C:/Users/pc/AppData/Local/Programs/MiKTeX/fonts/type1/public/amsfonts/symbols/msam10.pfb>
Output written on MesureDT.pdf (126 pages, 830954 bytes).
PDF statistics:
 2624 PDF objects out of 2984 (max. 8388607)
 1192 named destinations out of 1200 (max. 500000)
 1 words of extra memory for PDF output out of 10000 (max. 10000000)

