This is pdfTeX, Version 3.141592653-2.6-1.40.28 (MiKTeX 25.12) (preloaded format=pdflatex 2026.3.25)  29 MAR 2026 10:01
entering extended mode
 restricted \write18 enabled.
 file:line:error style messages enabled.
 %&-line parsing enabled.
**c:/Users/pc/Documents/INFO/GitHub/SOUKAINA/TGAMMENOMENCLATURE.tex
(c:/Users/pc/Documents/INFO/GitHub/SOUKAINA/TGAMMENOMENCLATURE.tex
LaTeX2e <2025-11-01>
L3 programming layer <2025-12-24>
(C:\Users\pc\AppData\Local\Programs\MiKTeX\tex/latex/base\article.cls
Document Class: article 2025/01/22 v1.4n Standard LaTeX document class
(C:\Users\pc\AppData\Local\Programs\MiKTeX\tex/latex/base\size12.clo
File: size12.clo 2025/01/22 v1.4n Standard LaTeX file (size option)
)
\c@part=\count275
\c@section=\count276
\c@subsection=\count277
\c@subsubsection=\count278
\c@paragraph=\count279
\c@subparagraph=\count280
\c@figure=\count281
\c@table=\count282
\abovecaptionskip=\skip49
\belowcaptionskip=\skip50
\bibindent=\dimen148
) (C:\Users\pc\AppData\Local\Programs\MiKTeX\tex/latex/base\inputenc.sty
Package: inputenc 2024/02/08 v1.3d Input encoding file
\inpenc@prehook=\toks17
\inpenc@posthook=\toks18
) (C:\Users\pc\AppData\Local\Programs\MiKTeX\tex/latex/base\fontenc.sty
Package: fontenc 2025/07/18 v2.1d Standard LaTeX package
) (C:\Users\pc\AppData\Local\Programs\MiKTeX\tex/generic/babel\babel.sty
Package: babel 2025/12/11 v25.17 The multilingual framework for LuaLaTeX, pdfLaTeX and XeLaTeX
\babel@savecnt=\count283
LaTeX Encoding Info:    Redeclaring text command \ij (encoding OT1) on input line 2068.
LaTeX Encoding Info:    Redeclaring text command \IJ (encoding OT1) on input line 2070.
LaTeX Encoding Info:    Redeclaring text command \ij (encoding T1) on input line 2072.
LaTeX Encoding Info:    Redeclaring text command \IJ (encoding T1) on input line 2073.
LaTeX Encoding Info:    Ignoring declaration for text command \ij (encoding ?) on input line 2074.
LaTeX Encoding Info:    Ignoring declaration for text command \IJ (encoding ?) on input line 2076.
LaTeX Encoding Info:    Ignoring declaration for text command \SS (encoding ?) on input line 2101.
\U@D=\dimen149
\l@unhyphenated=\language79
 (C:\Users\pc\AppData\Local\Programs\MiKTeX\tex/generic/babel\txtbabel.def)
\bbl@readstream=\read2
\bbl@dirlevel=\count284
Package babel Info: Configuration files are deprecated, as
(babel)             they can break document portability.
(babel)             Reported on input line 4196.

*************************************
* Local config file bblopts.cfg used
*
(C:\Users\pc\AppData\Local\Programs\MiKTeX\tex/latex/arabi\bblopts.cfg
File: bblopts.cfg 2005/09/08 v0.1 add Arabic and Farsi to "declared" options of babel
) (C:\Users\pc\AppData\Local\Programs\MiKTeX\tex/generic/babel/locale/fr\babel-french.tex)
Package babel Info: Importing font and identification data for french
(babel)             from babel-fr.ini. Reported on input line 4320.
 (C:\Users\pc\AppData\Local\Programs\MiKTeX\tex/generic/babel-french\french.ldf
Language: french 2025-08-15 v4.0e French support from the babel system
 (C:\Users\pc\AppData\Local\Programs\MiKTeX\tex/generic/babel-french\french3.ldf
Language: french 2025-08-15 v3.7e French support from the babel system
\FB@stdchar=\count285
Package babel Info: Making : an active character on input line 273.
Package babel Info: Making ; an active character on input line 274.
Package babel Info: Making ! an active character on input line 275.
Package babel Info: Making ? an active character on input line 276.
\FBguill@level=\count286
\FBold@everypar=\toks19
\FB@Mht=\dimen150
\mc@charclass=\count287
\mc@charfam=\count288
\mc@charslot=\count289
\std@mcc=\count290
\dec@mcc=\count291
\FB@pardim=\dimen151
\listindentFB=\dimen152
\descindentFB=\dimen153
\labelindentFB=\dimen154
\labelwidthFB=\dimen155
\leftmarginFB=\dimen156
\parindentFFN=\dimen157
\FBfnindent=\dimen158
))) (C:\Users\pc\AppData\Local\Programs\MiKTeX\tex/latex/carlisle\scalefnt.sty) (C:\Users\pc\AppData\Local\Programs\MiKTeX\tex/latex/geometry\geometry.sty
Package: geometry 2026/03/07 v6.0 Page Geometry
 (C:\Users\pc\AppData\Local\Programs\MiKTeX\tex/latex/graphics\keyval.sty
Package: keyval 2022/05/29 v1.15 key=value parser (DPC)
\KV@toks@=\toks20
) (C:\Users\pc\AppData\Local\Programs\MiKTeX\tex/generic/iftex\ifvtex.sty
Package: ifvtex 2019/10/25 v1.7 ifvtex legacy package. Use iftex instead.
 (C:\Users\pc\AppData\Local\Programs\MiKTeX\tex/generic/iftex\iftex.sty
Package: iftex 2024/12/12 v1.0g TeX engine tests
))
\Gm@cnth=\count292
\Gm@cntv=\count293
\c@Gm@tempcnt=\count294
\Gm@bindingoffset=\dimen159
\Gm@wd@mp=\dimen160
\Gm@odd@mp=\dimen161
\Gm@even@mp=\dimen162
\Gm@layoutwidth=\dimen163
\Gm@layoutheight=\dimen164
\Gm@layouthoffset=\dimen165
\Gm@layoutvoffset=\dimen166
\Gm@dimlist=\toks21
 (C:\Users\pc\AppData\Local\Programs\MiKTeX\tex/latex/geometry\geometry.cfg)) (C:\Users\pc\AppData\Local\Programs\MiKTeX\tex/latex/graphics\graphicx.sty
Package: graphicx 2024/12/31 v1.2e Enhanced LaTeX Graphics (DPC,SPQR)
 (C:\Users\pc\AppData\Local\Programs\MiKTeX\tex/latex/graphics\graphics.sty
Package: graphics 2024/08/06 v1.4g Standard LaTeX Graphics (DPC,SPQR)
 (C:\Users\pc\AppData\Local\Programs\MiKTeX\tex/latex/graphics\trig.sty
Package: trig 2023/12/02 v1.11 sin cos tan (DPC)
) (C:\Users\pc\AppData\Local\Programs\MiKTeX\tex/latex/graphics-cfg\graphics.cfg
File: graphics.cfg 2016/06/04 v1.11 sample graphics configuration
)
Package graphics Info: Driver file: pdftex.def on input line 106.
 (C:\Users\pc\AppData\Local\Programs\MiKTeX\tex/latex/graphics-def\pdftex.def
File: pdftex.def 2025/09/29 v1.2d Graphics/color driver for pdftex
))
\Gin@req@height=\dimen167
\Gin@req@width=\dimen168
) (C:\Users\pc\AppData\Local\Programs\MiKTeX\tex/latex/amsmath\amsmath.sty
Package: amsmath 2025/07/09 v2.17z AMS math features
\@mathmargin=\skip51

For additional information on amsmath, use the `?' option.
(C:\Users\pc\AppData\Local\Programs\MiKTeX\tex/latex/amsmath\amstext.sty
Package: amstext 2024/11/17 v2.01 AMS text
 (C:\Users\pc\AppData\Local\Programs\MiKTeX\tex/latex/amsmath\amsgen.sty
File: amsgen.sty 1999/11/30 v2.0 generic functions
\@emptytoks=\toks22
\ex@=\dimen169
)) (C:\Users\pc\AppData\Local\Programs\MiKTeX\tex/latex/amsmath\amsbsy.sty
Package: amsbsy 1999/11/29 v1.2d Bold Symbols
\pmbraise@=\dimen170
) (C:\Users\pc\AppData\Local\Programs\MiKTeX\tex/latex/amsmath\amsopn.sty
Package: amsopn 2022/04/08 v2.04 operator names
)
\inf@bad=\count295
LaTeX Info: Redefining \frac on input line 233.
\uproot@=\count296
\leftroot@=\count297
LaTeX Info: Redefining \overline on input line 398.
LaTeX Info: Redefining \colon on input line 409.
\classnum@=\count298
\DOTSCASE@=\count299
LaTeX Info: Redefining \ldots on input line 495.
LaTeX Info: Redefining \dots on input line 498.
LaTeX Info: Redefining \cdots on input line 619.
\Mathstrutbox@=\box53
\strutbox@=\box54
LaTeX Info: Redefining \big on input line 721.
LaTeX Info: Redefining \Big on input line 722.
LaTeX Info: Redefining \bigg on input line 723.
LaTeX Info: Redefining \Bigg on input line 724.
\big@size=\dimen171
LaTeX Font Info:    Redeclaring font encoding OML on input line 742.
LaTeX Font Info:    Redeclaring font encoding OMS on input line 743.
\macc@depth=\count300
LaTeX Info: Redefining \bmod on input line 904.
LaTeX Info: Redefining \pmod on input line 909.
LaTeX Info: Redefining \smash on input line 939.
LaTeX Info: Redefining \relbar on input line 969.
LaTeX Info: Redefining \Relbar on input line 970.
\c@MaxMatrixCols=\count301
\dotsspace@=\muskip17
\c@parentequation=\count302
\dspbrk@lvl=\count303
\tag@help=\toks23
\row@=\count304
\column@=\count305
\maxfields@=\count306
\andhelp@=\toks24
\eqnshift@=\dimen172
\alignsep@=\dimen173
\tagshift@=\dimen174
\tagwidth@=\dimen175
\totwidth@=\dimen176
\lineht@=\dimen177
\@envbody=\toks25
\multlinegap=\skip52
\multlinetaggap=\skip53
\mathdisplay@stack=\toks26
LaTeX Info: Redefining \[ on input line 2950.
LaTeX Info: Redefining \] on input line 2951.
) (C:\Users\pc\AppData\Local\Programs\MiKTeX\tex/latex/amsfonts\amssymb.sty
Package: amssymb 2013/01/14 v3.01 AMS font symbols
 (C:\Users\pc\AppData\Local\Programs\MiKTeX\tex/latex/amsfonts\amsfonts.sty
Package: amsfonts 2013/01/14 v3.01 Basic AMSFonts support
\symAMSa=\mathgroup4
\symAMSb=\mathgroup5
LaTeX Font Info:    Redeclaring math symbol \hbar on input line 98.
LaTeX Font Info:    Overwriting math alphabet `\mathfrak' in version `bold'
(Font)                  U/euf/m/n --> U/euf/b/n on input line 106.
)) (C:\Users\pc\AppData\Local\Programs\MiKTeX\tex/latex/enumitem\enumitem.sty
Package: enumitem 2025/02/06 v3.11 Customized lists
\labelindent=\skip54
\enit@outerparindent=\dimen178
\enit@toks=\toks27
\enit@inbox=\box55
\enit@count@id=\count307
\enitdp@description=\count308
) (C:\Users\pc\AppData\Local\Programs\MiKTeX\tex/latex/tools\array.sty
Package: array 2025/09/25 v2.6n Tabular extension package (FMi)
\col@sep=\dimen179
\ar@mcellbox=\box56
\extrarowheight=\dimen180
\NC@list=\toks28
\extratabsurround=\skip55
\backup@length=\skip56
\ar@cellbox=\box57
) (C:\Users\pc\AppData\Local\Programs\MiKTeX\tex/latex/tools\longtable.sty
Package: longtable 2025-10-13 v4.24 Multi-page Table package (DPC)
\LTleft=\skip57
\LTright=\skip58
\LTpre=\skip59
\LTpost=\skip60
\LTchunksize=\count309
\LTcapwidth=\dimen181
\LT@head=\box58
\LT@firsthead=\box59
\LT@foot=\box60
\LT@lastfoot=\box61
\LT@gbox=\box62
\LT@cols=\count310
\LT@rows=\count311
\c@LT@tables=\count312
\c@LT@chunks=\count313
\LT@p@ftn=\toks29
) (C:\Users\pc\AppData\Local\Programs\MiKTeX\tex/latex/booktabs\booktabs.sty
Package: booktabs 2020/01/12 v1.61803398 Publication quality tables
\heavyrulewidth=\dimen182
\lightrulewidth=\dimen183
\cmidrulewidth=\dimen184
\belowrulesep=\dimen185
\belowbottomsep=\dimen186
\aboverulesep=\dimen187
\abovetopsep=\dimen188
\cmidrulesep=\dimen189
\cmidrulekern=\dimen190
\defaultaddspace=\dimen191
\@cmidla=\count314
\@cmidlb=\count315
\@aboverulesep=\dimen192
\@belowrulesep=\dimen193
\@thisruleclass=\count316
\@lastruleclass=\count317
\@thisrulewidth=\dimen194
) (C:\Users\pc\AppData\Local\Programs\MiKTeX\tex/latex/xcolor\xcolor.sty
Package: xcolor 2024/09/29 v3.02 LaTeX color extensions (UK)
 (C:\Users\pc\AppData\Local\Programs\MiKTeX\tex/latex/graphics-cfg\color.cfg
File: color.cfg 2016/01/02 v1.6 sample color configuration
)
Package xcolor Info: Driver file: pdftex.def on input line 274.
 (C:\Users\pc\AppData\Local\Programs\MiKTeX\tex/latex/graphics\mathcolor.ltx)
Package xcolor Info: Model `cmy' substituted by `cmy0' on input line 1349.
Package xcolor Info: Model `hsb' substituted by `rgb' on input line 1353.
Package xcolor Info: Model `RGB' extended on input line 1365.
Package xcolor Info: Model `HTML' substituted by `rgb' on input line 1367.
Package xcolor Info: Model `Hsb' substituted by `hsb' on input line 1368.
Package xcolor Info: Model `tHsb' substituted by `hsb' on input line 1369.
Package xcolor Info: Model `HSB' substituted by `hsb' on input line 1370.
Package xcolor Info: Model `Gray' substituted by `gray' on input line 1371.
Package xcolor Info: Model `wave' substituted by `hsb' on input line 1372.
) (C:\Users\pc\AppData\Local\Programs\MiKTeX\tex/latex/fancyhdr\fancyhdr.sty
Package: fancyhdr 2025/02/07 v5.2 Extensive control of page headers and footers
\f@nch@headwidth=\skip61
\f@nch@offset@elh=\skip62
\f@nch@offset@erh=\skip63
\f@nch@offset@olh=\skip64
\f@nch@offset@orh=\skip65
\f@nch@offset@elf=\skip66
\f@nch@offset@erf=\skip67
\f@nch@offset@olf=\skip68
\f@nch@offset@orf=\skip69
\f@nch@height=\skip70
\f@nch@footalignment=\skip71
\f@nch@widthL=\skip72
\f@nch@widthC=\skip73
\f@nch@widthR=\skip74
\@temptokenb=\toks30
) (C:\Users\pc\AppData\Local\Programs\MiKTeX\tex/latex/hyperref\hyperref.sty
Package: hyperref 2025-07-12 v7.01o Hypertext links for LaTeX
 (C:\Users\pc\AppData\Local\Programs\MiKTeX\tex/latex/kvsetkeys\kvsetkeys.sty
Package: kvsetkeys 2022-10-05 v1.19 Key value parser (HO)
) (C:\Users\pc\AppData\Local\Programs\MiKTeX\tex/generic/kvdefinekeys\kvdefinekeys.sty
Package: kvdefinekeys 2019-12-19 v1.6 Define keys (HO)
) (C:\Users\pc\AppData\Local\Programs\MiKTeX\tex/generic/pdfescape\pdfescape.sty
Package: pdfescape 2019/12/09 v1.15 Implements pdfTeX's escape features (HO)
 (C:\Users\pc\AppData\Local\Programs\MiKTeX\tex/generic/ltxcmds\ltxcmds.sty
Package: ltxcmds 2023-12-04 v1.26 LaTeX kernel commands for general use (HO)
) (C:\Users\pc\AppData\Local\Programs\MiKTeX\tex/generic/pdftexcmds\pdftexcmds.sty
Package: pdftexcmds 2020-06-27 v0.33 Utility functions of pdfTeX for LuaTeX (HO)
 (C:\Users\pc\AppData\Local\Programs\MiKTeX\tex/generic/infwarerr\infwarerr.sty
Package: infwarerr 2019/12/03 v1.5 Providing info/warning/error messages (HO)
)
Package pdftexcmds Info: \pdf@primitive is available.
Package pdftexcmds Info: \pdf@ifprimitive is available.
Package pdftexcmds Info: \pdfdraftmode found.
)) (C:\Users\pc\AppData\Local\Programs\MiKTeX\tex/latex/hycolor\hycolor.sty
Package: hycolor 2020-01-27 v1.10 Color options for hyperref/bookmark (HO)
) (C:\Users\pc\AppData\Local\Programs\MiKTeX\tex/latex/hyperref\nameref.sty
Package: nameref 2025-06-21 v2.57 Cross-referencing by name of section
 (C:\Users\pc\AppData\Local\Programs\MiKTeX\tex/latex/refcount\refcount.sty
Package: refcount 2019/12/15 v3.6 Data extraction from label references (HO)
) (C:\Users\pc\AppData\Local\Programs\MiKTeX\tex/generic/gettitlestring\gettitlestring.sty
Package: gettitlestring 2019/12/15 v1.6 Cleanup title references (HO)
 (C:\Users\pc\AppData\Local\Programs\MiKTeX\tex/latex/kvoptions\kvoptions.sty
Package: kvoptions 2022-06-15 v3.15 Key value format for package options (HO)
))
\c@section@level=\count318
) (C:\Users\pc\AppData\Local\Programs\MiKTeX\tex/latex/etoolbox\etoolbox.sty
Package: etoolbox 2025/10/02 v2.5m e-TeX tools for LaTeX (JAW)
\etb@tempcnta=\count319
) (C:\Users\pc\AppData\Local\Programs\MiKTeX\tex/generic/stringenc\stringenc.sty
Package: stringenc 2019/11/29 v1.12 Convert strings between diff. encodings (HO)
)
\@linkdim=\dimen195
\Hy@linkcounter=\count320
\Hy@pagecounter=\count321
 (C:\Users\pc\AppData\Local\Programs\MiKTeX\tex/latex/hyperref\pd1enc.def
File: pd1enc.def 2025-07-12 v7.01o Hyperref: PDFDocEncoding definition (HO)
Now handling font encoding PD1 ...
... no UTF-8 mapping file for font encoding PD1
) (C:\Users\pc\AppData\Local\Programs\MiKTeX\tex/generic/intcalc\intcalc.sty
Package: intcalc 2019/12/15 v1.3 Expandable calculations with integers (HO)
)
\Hy@SavedSpaceFactor=\count322
 (C:\Users\pc\AppData\Local\Programs\MiKTeX\tex/latex/hyperref\puenc.def
File: puenc.def 2025-07-12 v7.01o Hyperref: PDF Unicode definition (HO)
Now handling font encoding PU ...
... no UTF-8 mapping file for font encoding PU
)
Package hyperref Info: Hyper figures OFF on input line 4195.
Package hyperref Info: Link nesting OFF on input line 4200.
Package hyperref Info: Hyper index ON on input line 4203.
Package hyperref Info: Plain pages OFF on input line 4210.
Package hyperref Info: Backreferencing OFF on input line 4215.
Package hyperref Info: Implicit mode ON; LaTeX internals redefined.
Package hyperref Info: Bookmarks ON on input line 4462.
\c@Hy@tempcnt=\count323
 (C:\Users\pc\AppData\Local\Programs\MiKTeX\tex/latex/url\url.sty
\Urlmuskip=\muskip18
Package: url 2013/09/16  ver 3.4  Verb mode for urls, etc.
)
LaTeX Info: Redefining \url on input line 4801.
\XeTeXLinkMargin=\dimen196
 (C:\Users\pc\AppData\Local\Programs\MiKTeX\tex/generic/bitset\bitset.sty
Package: bitset 2019/12/09 v1.3 Handle bit-vector datatype (HO)
 (C:\Users\pc\AppData\Local\Programs\MiKTeX\tex/generic/bigintcalc\bigintcalc.sty
Package: bigintcalc 2019/12/15 v1.5 Expandable calculations on big integers (HO)
))
\Fld@menulength=\count324
\Field@Width=\dimen197
\Fld@charsize=\dimen198
Package hyperref Info: Hyper figures OFF on input line 6078.
Package hyperref Info: Link nesting OFF on input line 6083.
Package hyperref Info: Hyper index ON on input line 6086.
Package hyperref Info: backreferencing OFF on input line 6093.
Package hyperref Info: Link coloring OFF on input line 6098.
Package hyperref Info: Link coloring with OCG OFF on input line 6103.
Package hyperref Info: PDF/A mode OFF on input line 6108.
\Hy@abspage=\count325
\c@Item=\count326
\c@Hfootnote=\count327
)
Package hyperref Info: Driver (autodetected): hpdftex.
 (C:\Users\pc\AppData\Local\Programs\MiKTeX\tex/latex/hyperref\hpdftex.def
File: hpdftex.def 2025-07-12 v7.01o Hyperref driver for pdfTeX
\Fld@listcount=\count328
\c@bookmark@seq@number=\count329
 (C:\Users\pc\AppData\Local\Programs\MiKTeX\tex/latex/rerunfilecheck\rerunfilecheck.sty
Package: rerunfilecheck 2025-06-21 v1.11 Rerun checks for auxiliary files (HO)
 (C:\Users\pc\AppData\Local\Programs\MiKTeX\tex/generic/uniquecounter\uniquecounter.sty
Package: uniquecounter 2019/12/15 v1.4 Provide unlimited unique counter (HO)
)
Package uniquecounter Info: New unique counter `rerunfilecheck' on input line 284.
)
\Hy@SectionHShift=\skip75
)
Package hyperref Info: Option `colorlinks' set `true' on input line 31.
 (C:\Users\pc\AppData\Local\Programs\MiKTeX\tex/latex/titlesec\titlesec.sty
Package: titlesec 2025/01/04 v2.17 Sectioning titles
\ttl@box=\box63
\beforetitleunit=\skip76
\aftertitleunit=\skip77
\ttl@plus=\dimen199
\ttl@minus=\dimen256
\ttl@toksa=\toks31
\titlewidth=\dimen257
\titlewidthlast=\dimen258
\titlewidthfirst=\dimen259
)
Package french3.ldf Info: Setting StandardItemizeEnv=true for
(french3.ldf)             compatibility with enumitem package,
(french3.ldf)             reported on input line 38.
Package french3.ldf Info: Setting StandardEnumerateEnv=true for
(french3.ldf)             compatibility with enumitem package,
(french3.ldf)             reported on input line 38.
 (C:\Users\pc\AppData\Local\Programs\MiKTeX\tex/latex/l3backend\l3backend-pdftex.def
File: l3backend-pdftex.def 2025-10-09 L3 backend support: PDF output (pdfTeX)
\l__color_backend_stack_int=\count330
) (TGAMMENOMENCLATURE.aux
Package babel Info: 'french' activates 'french' shorthands.
(babel)             Reported on input line 11.
)
\openout1 = `TGAMMENOMENCLATURE.aux'.

LaTeX Font Info:    Checking defaults for OML/cmm/m/it on input line 38.
LaTeX Font Info:    ... okay on input line 38.
LaTeX Font Info:    Checking defaults for OMS/cmsy/m/n on input line 38.
LaTeX Font Info:    ... okay on input line 38.
LaTeX Font Info:    Checking defaults for OT1/cmr/m/n on input line 38.
LaTeX Font Info:    ... okay on input line 38.
LaTeX Font Info:    Checking defaults for T1/cmr/m/n on input line 38.
LaTeX Font Info:    ... okay on input line 38.
LaTeX Font Info:    Checking defaults for TS1/cmr/m/n on input line 38.
LaTeX Font Info:    ... okay on input line 38.
LaTeX Font Info:    Checking defaults for OMX/cmex/m/n on input line 38.
LaTeX Font Info:    ... okay on input line 38.
LaTeX Font Info:    Checking defaults for U/cmr/m/n on input line 38.
LaTeX Font Info:    ... okay on input line 38.
LaTeX Font Info:    Checking defaults for PD1/pdf/m/n on input line 38.
LaTeX Font Info:    ... okay on input line 38.
LaTeX Font Info:    Checking defaults for PU/pdf/m/n on input line 38.
LaTeX Font Info:    ... okay on input line 38.
LaTeX Info: Redefining \degres on input line 38.

*geometry* driver: auto-detecting
*geometry* detected driver: pdftex
*geometry* verbose mode - [ preamble ] result:
* driver: pdftex
* paper: a4paper
* layout: <same size as paper>
* layoutoffset:(h,v)=(0.0pt,0.0pt)
* modes: 
* h-part:(L,W,R)=(71.13188pt, 455.24411pt, 71.13188pt)
* v-part:(T,H,B)=(71.13188pt, 702.78308pt, 71.13188pt)
* \paperwidth=597.50787pt
* \paperheight=845.04684pt
* \textwidth=455.24411pt
* \textheight=702.78308pt
* \oddsidemargin=-1.1381pt
* \evensidemargin=-1.1381pt
* \topmargin=-38.1381pt
* \headheight=12.0pt
* \headsep=25.0pt
* \topskip=12.0pt
* \footskip=30.0pt
* \marginparwidth=35.0pt
* \marginparsep=10.0pt
* \columnsep=10.0pt
* \skip\footins=10.8pt plus 4.0pt minus 2.0pt
* \hoffset=0.0pt
* \voffset=0.0pt
* \mag=1000
* \@twocolumnfalse
* \@twosidefalse
* \@mparswitchfalse
* \@reversemarginfalse
* (1in=72.27pt=25.4mm, 1cm=28.453pt)

(C:\Users\pc\AppData\Local\Programs\MiKTeX\tex/context/base/mkii\supp-pdf.mkii
[Loading MPS to PDF converter (version 2006.09.02).]
\scratchcounter=\count331
\scratchdimen=\dimen260
\scratchbox=\box64
\nofMPsegments=\count332
\nofMParguments=\count333
\everyMPshowfont=\toks32
\MPscratchCnt=\count334
\MPscratchDim=\dimen261
\MPnumerator=\count335
\makeMPintoPDFobject=\count336
\everyMPtoPDFconversion=\toks33
) (C:\Users\pc\AppData\Local\Programs\MiKTeX\tex/latex/epstopdf-pkg\epstopdf-base.sty
Package: epstopdf-base 2020-01-24 v2.11 Base part for package epstopdf
Package epstopdf-base Info: Redefining graphics rule for `.eps' on input line 485.
 (C:\Users\pc\AppData\Local\Programs\MiKTeX\tex/latex/00miktex\epstopdf-sys.cfg
File: epstopdf-sys.cfg 2021/03/18 v2.0 Configuration of epstopdf for MiKTeX
))
Package hyperref Info: Link coloring ON on input line 38.
 (TGAMMENOMENCLATURE.out) (TGAMMENOMENCLATURE.out)
\@outlinefile=\write3
\openout3 = `TGAMMENOMENCLATURE.out'.

 [1

{C:/Users/pc/AppData/Local/MiKTeX/fonts/map/pdftex/pdftex.map}] (TGAMMENOMENCLATURE.toc
LaTeX Font Info:    Trying to load font information for U+msa on input line 3.
 (C:\Users\pc\AppData\Local\Programs\MiKTeX\tex/latex/amsfonts\umsa.fd
File: umsa.fd 2013/01/14 v3.01 AMS symbols A
)
LaTeX Font Info:    Trying to load font information for U+msb on input line 3.
 (C:\Users\pc\AppData\Local\Programs\MiKTeX\tex/latex/amsfonts\umsb.fd
File: umsb.fd 2013/01/14 v3.01 AMS symbols B
)

Package fancyhdr Warning: \headheight is too small (12.0pt): 
(fancyhdr)                Make it at least 13.59999pt, for example:
(fancyhdr)                \setlength{\headheight}{13.59999pt}.
(fancyhdr)                You might also make \topmargin smaller:
(fancyhdr)                \addtolength{\topmargin}{-1.59999pt}.


pdfTeX warning (ext4): destination with the same identifier (name{page.1}) has been already used, duplicate ignored
<to be read again> 
                   \relax 
l.51 ...duits concernĂ©s}{12}{subsubsection.3.5.4}
                                                  % [1]

Package fancyhdr Warning: \headheight is too small (12.0pt): 
(fancyhdr)                Make it at least 13.59999pt, for example:
(fancyhdr)                \setlength{\headheight}{13.59999pt}.
(fancyhdr)                You might also make \topmargin smaller:
(fancyhdr)                \addtolength{\topmargin}{-1.59999pt}.

[2])
\tf@toc=\write4
\openout4 = `TGAMMENOMENCLATURE.toc'.



Package fancyhdr Warning: \headheight is too small (12.0pt): 
(fancyhdr)                Make it at least 13.59999pt, for example:
(fancyhdr)                \setlength{\headheight}{13.59999pt}.
(fancyhdr)                You might also make \topmargin smaller:
(fancyhdr)                \addtolength{\topmargin}{-1.59999pt}.

[3]
LaTeX Font Info:    Font shape `T1/cmtt/bx/n' in size <12> not available
(Font)              Font shape `T1/cmtt/m/n' tried instead on input line 97.


Package fancyhdr Warning: \headheight is too small (12.0pt): 
(fancyhdr)                Make it at least 13.59999pt, for example:
(fancyhdr)                \setlength{\headheight}{13.59999pt}.
(fancyhdr)                You might also make \topmargin smaller:
(fancyhdr)                \addtolength{\topmargin}{-1.59999pt}.

[4]
Overfull \hbox (9.14719pt too wide) in alignment at lines 131--135
 [] [] [] 
 []


Overfull \hbox (9.14719pt too wide) in alignment at lines 135--139
 [] [] [] 
 []


Overfull \hbox (9.14719pt too wide) in alignment at lines 139--141
 [] [] [] 
 []


Underfull \hbox (badness 10000) in paragraph at lines 142--143
[]|\T1/cmr/m/n/12 Code unique du pro-duit fini (ex :
 []


Underfull \hbox (badness 10000) in paragraph at lines 145--145
[]|\T1/cmr/m/n/12 Désignation Com-po-
 []


Overfull \hbox (9.14719pt too wide) in alignment at lines 141--149
 [] [] [] 
 []


Overfull \hbox (14.8489pt too wide) in paragraph at lines 151--151
|[]\T1/cmr/bx/n/12 Structure des gammes opé-ra-toires (fi-chier PRO-CESS PRO-DUIT YNION)| 
 []


Overfull \hbox (37.59995pt too wide) in alignment at lines 166--170
 [] [] [] 
 []


Overfull \hbox (37.59995pt too wide) in alignment at lines 170--174
 [] [] [] 
 []


Overfull \hbox (37.59995pt too wide) in alignment at lines 174--176
 [] [] [] 
 []


Overfull \hbox (37.59995pt too wide) in alignment at lines 176--182
 [] [] [] 
 []


Package fancyhdr Warning: \headheight is too small (12.0pt): 
(fancyhdr)                Make it at least 13.59999pt, for example:
(fancyhdr)                \setlength{\headheight}{13.59999pt}.
(fancyhdr)                You might also make \topmargin smaller:
(fancyhdr)                \addtolength{\topmargin}{-1.59999pt}.

[5]
Overfull \hbox (35.77356pt too wide) in alignment at lines 190--194
 [] [] [] [] 
 []


Overfull \hbox (35.77356pt too wide) in alignment at lines 194--198
 [] [] [] [] 
 []


Overfull \hbox (35.77356pt too wide) in alignment at lines 198--200
 [] [] [] [] 
 []


Underfull \hbox (badness 10000) in paragraph at lines 201--202
[]|\T1/cmr/m/n/12 MPPAF16SR209,
 []


Underfull \hbox (badness 10000) in paragraph at lines 201--202
\T1/cmr/m/n/12 MP-PAF28516BLS,
 []


Underfull \hbox (badness 10000) in paragraph at lines 202--203
[]|\T1/cmr/m/n/12 MPBC819BL209,
 []


Underfull \hbox (badness 10000) in paragraph at lines 203--204
[]|\T1/cmr/m/n/12 QUVICH055000,
 []


Underfull \hbox (badness 10000) in paragraph at lines 204--205
[]|\T1/cmr/m/n/12 QUFCHAFR3500,
 []


Underfull \hbox (badness 10000) in paragraph at lines 205--206
[]|\T1/cmr/m/n/12 QUPOCH500500, QU-
 []


Underfull \hbox (badness 10000) in paragraph at lines 207--207
[]|\T1/cmr/m/n/12 QUCO, QU-
 []


Underfull \hbox (badness 10000) in paragraph at lines 207--208
[]|\T1/cmr/m/n/12 QUCOCOTHERM0, QU-
 []


Underfull \hbox (badness 1052) in paragraph at lines 208--208
[]|\T1/cmr/m/n/12 MPFRAL, MP-
 []


Underfull \hbox (badness 10000) in paragraph at lines 209--210
[]|\T1/cmr/m/n/12 EMCAEURMB601, EM-
 []


Underfull \hbox (badness 10000) in paragraph at lines 210--211
[]|\T1/cmr/m/n/12 EMSPDPMB9012, EM-
 []


Overfull \hbox (35.77356pt too wide) in alignment at lines 200--213
 [] [] [] [] 
 []


Package fancyhdr Warning: \headheight is too small (12.0pt): 
(fancyhdr)                Make it at least 13.59999pt, for example:
(fancyhdr)                \setlength{\headheight}{13.59999pt}.
(fancyhdr)                You might also make \topmargin smaller:
(fancyhdr)                \addtolength{\topmargin}{-1.59999pt}.

[6]
Overfull \hbox (37.59995pt too wide) in alignment at lines 237--241
 [] [] [] 
 []


Overfull \hbox (37.59995pt too wide) in alignment at lines 241--245
 [] [] [] 
 []


Overfull \hbox (37.59995pt too wide) in alignment at lines 245--247
 [] [] [] 
 []


Underfull \hbox (badness 3396) in paragraph at lines 251--252
[]|\T1/cmr/m/n/12 QUFCHAFR3500 (ŕ frein), QUFCH-NOR3500
 []


Underfull \hbox (badness 10000) in paragraph at lines 252--253
[]|\T1/cmr/m/n/12 QUPOCH500500 (JRG chrome), QU-
 []


Underfull \hbox (badness 10000) in paragraph at lines 254--255
[]|\T1/cmr/m/n/12 QUDVSUMET000 (sup-port mé-tal), QUDV-
 []


Overfull \hbox (37.59995pt too wide) in alignment at lines 247--256
 [] [] [] 
 []


Overfull \hbox (37.59995pt too wide) in alignment at lines 260--264
 [] [] [] 
 []


Overfull \hbox (37.59995pt too wide) in alignment at lines 264--268
 [] [] [] 
 []


Overfull \hbox (37.59995pt too wide) in alignment at lines 268--270
 [] [] [] 
 []


Underfull \hbox (badness 4266) in paragraph at lines 273--273
[]|\T1/cmr/m/n/12 Colles d'as-sem-
 []


Overfull \hbox (37.59995pt too wide) in alignment at lines 270--280
 [] [] [] 
 []


Underfull \hbox (badness 1097) in paragraph at lines 300--301
[]|\T1/cmr/m/n/12 Perçage, frai-sage, in-serts, mor-
 []


Underfull \hbox (badness 10000) in paragraph at lines 302--302
[]|\T1/cmr/m/n/12 Assemblage quin-
 []


Underfull \hbox (badness 1019) in paragraph at lines 302--303
[]|\T1/cmr/m/n/12 Pose char-ničres, poi-gnées, cou-
 []


Underfull \hbox (badness 10000) in paragraph at lines 303--304
[]|\T1/cmr/m/n/12 Ponceuse, ap-pli-ca-tion fond,
 []


Underfull \hbox (badness 1852) in paragraph at lines 306--307
[]|\T1/cmr/m/n/12 Vérification di-men-sion-nelle, as-
 []


Package fancyhdr Warning: \headheight is too small (12.0pt): 
(fancyhdr)                Make it at least 13.59999pt, for example:
(fancyhdr)                \setlength{\headheight}{13.59999pt}.
(fancyhdr)                You might also make \topmargin smaller:
(fancyhdr)                \addtolength{\topmargin}{-1.59999pt}.

[7]
Overfull \hbox (23.37357pt too wide) in alignment at lines 323--327
 [] [] [] 
 []


Overfull \hbox (23.37357pt too wide) in alignment at lines 327--331
 [] [] [] 
 []


Overfull \hbox (23.37357pt too wide) in alignment at lines 331--333
 [] [] [] 
 []


Overfull \hbox (23.37357pt too wide) in alignment at lines 333--343
 [] [] [] 
 []


Overfull \hbox (3.54053pt too wide) in alignment at lines 349--353
 [] [] [] [] 
 []


Overfull \hbox (3.54053pt too wide) in alignment at lines 353--357
 [] [] [] [] 
 []


Overfull \hbox (3.54053pt too wide) in alignment at lines 357--359
 [] [] [] [] 
 []


Overfull \hbox (3.54053pt too wide) in alignment at lines 359--369
 [] [] [] [] 
 []


Package fancyhdr Warning: \headheight is too small (12.0pt): 
(fancyhdr)                Make it at least 13.59999pt, for example:
(fancyhdr)                \setlength{\headheight}{13.59999pt}.
(fancyhdr)                You might also make \topmargin smaller:
(fancyhdr)                \addtolength{\topmargin}{-1.59999pt}.

[8]
Overfull \hbox (118.31299pt too wide) in alignment at lines 392--396
 [] [] [] [] [] [] 
 []


Overfull \hbox (118.31299pt too wide) in alignment at lines 396--400
 [] [] [] [] [] [] 
 []


Overfull \hbox (118.31299pt too wide) in alignment at lines 400--402
 [] [] [] [] [] [] 
 []


Underfull \hbox (badness 4752) in paragraph at lines 404--404
[]|\T1/cmr/m/n/12 Découpe pan-neau hy-dro-
 []


Overfull \hbox (118.31299pt too wide) in alignment at lines 402--409
 [] [] [] [] [] [] 
 []


Package fancyhdr Warning: \headheight is too small (12.0pt): 
(fancyhdr)                Make it at least 13.59999pt, for example:
(fancyhdr)                \setlength{\headheight}{13.59999pt}.
(fancyhdr)                You might also make \topmargin smaller:
(fancyhdr)                \addtolength{\topmargin}{-1.59999pt}.

[9]
Overfull \hbox (118.31299pt too wide) in alignment at lines 428--432
 [] [] [] [] [] [] 
 []


Overfull \hbox (118.31299pt too wide) in alignment at lines 432--436
 [] [] [] [] [] [] 
 []


Overfull \hbox (118.31299pt too wide) in alignment at lines 436--438
 [] [] [] [] [] [] 
 []


Overfull \hbox (118.31299pt too wide) in alignment at lines 438--445
 [] [] [] [] [] [] 
 []


Overfull \hbox (118.31299pt too wide) in alignment at lines 463--467
 [] [] [] [] [] [] 
 []


Overfull \hbox (118.31299pt too wide) in alignment at lines 467--471
 [] [] [] [] [] [] 
 []


Overfull \hbox (118.31299pt too wide) in alignment at lines 471--473
 [] [] [] [] [] [] 
 []


Overfull \hbox (118.31299pt too wide) in alignment at lines 473--481
 [] [] [] [] [] [] 
 []


Package fancyhdr Warning: \headheight is too small (12.0pt): 
(fancyhdr)                Make it at least 13.59999pt, for example:
(fancyhdr)                \setlength{\headheight}{13.59999pt}.
(fancyhdr)                You might also make \topmargin smaller:
(fancyhdr)                \addtolength{\topmargin}{-1.59999pt}.

[10]
Overfull \hbox (118.31299pt too wide) in alignment at lines 499--503
 [] [] [] [] [] [] 
 []


Overfull \hbox (118.31299pt too wide) in alignment at lines 503--507
 [] [] [] [] [] [] 
 []


Overfull \hbox (118.31299pt too wide) in alignment at lines 507--509
 [] [] [] [] [] [] 
 []


Overfull \hbox (118.31299pt too wide) in alignment at lines 509--519
 [] [] [] [] [] [] 
 []


Overfull \hbox (118.31299pt too wide) in alignment at lines 538--542
 [] [] [] [] [] [] 
 []


Overfull \hbox (118.31299pt too wide) in alignment at lines 542--546
 [] [] [] [] [] [] 
 []


Overfull \hbox (118.31299pt too wide) in alignment at lines 546--548
 [] [] [] [] [] [] 
 []


Overfull \hbox (118.31299pt too wide) in alignment at lines 548--558
 [] [] [] [] [] [] 
 []


Package fancyhdr Warning: \headheight is too small (12.0pt): 
(fancyhdr)                Make it at least 13.59999pt, for example:
(fancyhdr)                \setlength{\headheight}{13.59999pt}.
(fancyhdr)                You might also make \topmargin smaller:
(fancyhdr)                \addtolength{\topmargin}{-1.59999pt}.

[11]
Overfull \hbox (118.31299pt too wide) in alignment at lines 576--580
 [] [] [] [] [] [] 
 []


Overfull \hbox (118.31299pt too wide) in alignment at lines 580--584
 [] [] [] [] [] [] 
 []


Overfull \hbox (118.31299pt too wide) in alignment at lines 584--586
 [] [] [] [] [] [] 
 []


Overfull \hbox (118.31299pt too wide) in alignment at lines 586--593
 [] [] [] [] [] [] 
 []


Package fancyhdr Warning: \headheight is too small (12.0pt): 
(fancyhdr)                Make it at least 13.59999pt, for example:
(fancyhdr)                \setlength{\headheight}{13.59999pt}.
(fancyhdr)                You might also make \topmargin smaller:
(fancyhdr)                \addtolength{\topmargin}{-1.59999pt}.

[12]
Overfull \hbox (118.31299pt too wide) in alignment at lines 612--616
 [] [] [] [] [] [] 
 []


Overfull \hbox (118.31299pt too wide) in alignment at lines 616--620
 [] [] [] [] [] [] 
 []


Overfull \hbox (118.31299pt too wide) in alignment at lines 620--622
 [] [] [] [] [] [] 
 []


Overfull \hbox (118.31299pt too wide) in alignment at lines 622--629
 [] [] [] [] [] [] 
 []


Overfull \hbox (118.31299pt too wide) in alignment at lines 648--652
 [] [] [] [] [] [] 
 []


Overfull \hbox (118.31299pt too wide) in alignment at lines 652--656
 [] [] [] [] [] [] 
 []


Overfull \hbox (118.31299pt too wide) in alignment at lines 656--658
 [] [] [] [] [] [] 
 []


Underfull \hbox (badness 3635) in paragraph at lines 660--660
[]|\T1/cmr/m/n/12 Contrôle as-pect (cou-leur,
 []


Underfull \hbox (badness 3690) in paragraph at lines 661--661
[]|\T1/cmr/m/n/12 Contrôle fonc-tion-nel (ou-
 []


Overfull \hbox (118.31299pt too wide) in alignment at lines 658--665
 [] [] [] [] [] [] 
 []


Package fancyhdr Warning: \headheight is too small (12.0pt): 
(fancyhdr)                Make it at least 13.59999pt, for example:
(fancyhdr)                \setlength{\headheight}{13.59999pt}.
(fancyhdr)                You might also make \topmargin smaller:
(fancyhdr)                \addtolength{\topmargin}{-1.59999pt}.

[13]
Overfull \hbox (111.64069pt too wide) in alignment at lines 681--685
 [] [] [] [] [] 
 []


Overfull \hbox (111.64069pt too wide) in alignment at lines 685--689
 [] [] [] [] [] 
 []


Overfull \hbox (111.64069pt too wide) in alignment at lines 689--691
 [] [] [] [] [] 
 []


Overfull \hbox (111.64069pt too wide) in alignment at lines 691--701
 [] [] [] [] [] 
 []


Overfull \hbox (111.64069pt too wide) in alignment at lines 705--709
 [] [] [] [] [] 
 []


Overfull \hbox (111.64069pt too wide) in alignment at lines 709--713
 [] [] [] [] [] 
 []


Overfull \hbox (111.64069pt too wide) in alignment at lines 713--715
 [] [] [] [] [] 
 []


Underfull \hbox (badness 10000) in paragraph at lines 716--717
[]|\T1/cmr/m/n/12 Hydrofuge
 []


Underfull \hbox (badness 10000) in paragraph at lines 717--718
[]|\T1/cmr/m/n/12 Hydrofuge
 []


Underfull \hbox (badness 10000) in paragraph at lines 718--719
[]|\T1/cmr/m/n/12 Hydrofuge
 []


Overfull \hbox (111.64069pt too wide) in alignment at lines 715--720
 [] [] [] [] [] 
 []


Overfull \hbox (111.64069pt too wide) in alignment at lines 724--728
 [] [] [] [] [] 
 []


Overfull \hbox (111.64069pt too wide) in alignment at lines 728--732
 [] [] [] [] [] 
 []


Overfull \hbox (111.64069pt too wide) in alignment at lines 732--734
 [] [] [] [] [] 
 []


Underfull \hbox (badness 2368) in paragraph at lines 735--735
[]|\T1/cmr/m/n/12 Panneau PVC 244x122x15 1F
 []


Underfull \hbox (badness 2368) in paragraph at lines 736--736
[]|\T1/cmr/m/n/12 Panneau PVC 244x122x15 1F
 []


Underfull \hbox (badness 10000) in paragraph at lines 736--737
[]|\T1/cmr/m/n/12 PVC blanc
 []


Underfull \hbox (badness 10000) in paragraph at lines 737--738
[]|\T1/cmr/m/n/12 PVC mousse
 []


Overfull \hbox (111.64069pt too wide) in alignment at lines 734--739
 [] [] [] [] [] 
 []

c:/Users/pc/Documents/INFO/GitHub/SOUKAINA/TGAMMENOMENCLATURE.tex:739: ignored error: Infinite glue shrinkage found in box being split

Package fancyhdr Warning: \headheight is too small (12.0pt): 
(fancyhdr)                Make it at least 13.59999pt, for example:
(fancyhdr)                \setlength{\headheight}{13.59999pt}.
(fancyhdr)                You might also make \topmargin smaller:
(fancyhdr)                \addtolength{\topmargin}{-1.59999pt}.

[14]
Overfull \hbox (130.86656pt too wide) in alignment at lines 743--747
 [] [] [] [] [] 
 []


Overfull \hbox (130.86656pt too wide) in alignment at lines 747--751
 [] [] [] [] [] 
 []


Overfull \hbox (130.86656pt too wide) in alignment at lines 751--753
 [] [] [] [] [] 
 []


Underfull \hbox (badness 10000) in paragraph at lines 754--755
[]|\T1/cmr/m/n/12 Blanc
 []


Underfull \hbox (badness 1231) in paragraph at lines 758--758
[]|\T1/cmr/m/n/12 Bande de chant Pro-tec 08x19 231-
 []


Underfull \hbox (badness 10000) in paragraph at lines 758--759
[]|\T1/cmr/m/n/12 Noir
 []


Underfull \hbox (badness 10000) in paragraph at lines 759--760
[]|\T1/cmr/m/n/12 Chęne
 []


Overfull \hbox (130.86656pt too wide) in alignment at lines 753--762
 [] [] [] [] [] 
 []


Overfull \hbox (111.64069pt too wide) in alignment at lines 768--772
 [] [] [] [] [] 
 []


Overfull \hbox (111.64069pt too wide) in alignment at lines 772--776
 [] [] [] [] [] 
 []


Overfull \hbox (111.64069pt too wide) in alignment at lines 776--778
 [] [] [] [] [] 
 []


Underfull \hbox (badness 6876) in paragraph at lines 788--789
[]|\T1/cmr/m/n/12 Cheville ré-duc-
 []


Overfull \hbox (111.64069pt too wide) in alignment at lines 778--791
 [] [] [] [] [] 
 []


Overfull \hbox (111.64069pt too wide) in alignment at lines 795--799
 [] [] [] [] [] 
 []


Overfull \hbox (111.64069pt too wide) in alignment at lines 799--803
 [] [] [] [] [] 
 []


Overfull \hbox (111.64069pt too wide) in alignment at lines 803--805
 [] [] [] [] [] 
 []


Underfull \hbox (badness 2426) in paragraph at lines 807--808
[]|\T1/cmr/m/n/12 Charničre stan-
 []


Overfull \hbox (111.64069pt too wide) in alignment at lines 805--811
 [] [] [] [] [] 
 []


Package fancyhdr Warning: \headheight is too small (12.0pt): 
(fancyhdr)                Make it at least 13.59999pt, for example:
(fancyhdr)                \setlength{\headheight}{13.59999pt}.
(fancyhdr)                You might also make \topmargin smaller:
(fancyhdr)                \addtolength{\topmargin}{-1.59999pt}.

[15]
Overfull \hbox (111.64069pt too wide) in alignment at lines 815--819
 [] [] [] [] [] 
 []


Overfull \hbox (111.64069pt too wide) in alignment at lines 819--823
 [] [] [] [] [] 
 []


Overfull \hbox (111.64069pt too wide) in alignment at lines 823--825
 [] [] [] [] [] 
 []


Underfull \hbox (badness 10000) in paragraph at lines 828--829
[]|\T1/cmr/m/n/12 Poignée haute
 []


Underfull \hbox (badness 10000) in paragraph at lines 831--831
[]|\T1/cmr/m/n/12 ASA-73 128mm Em-bu-tir
 []


Underfull \hbox (badness 10000) in paragraph at lines 831--832
[]|\T1/cmr/m/n/12 Poignée en-cas-
 []


Overfull \hbox (111.64069pt too wide) in alignment at lines 825--834
 [] [] [] [] [] 
 []


Overfull \hbox (111.64069pt too wide) in alignment at lines 838--842
 [] [] [] [] [] 
 []


Overfull \hbox (111.64069pt too wide) in alignment at lines 842--846
 [] [] [] [] [] 
 []


Overfull \hbox (111.64069pt too wide) in alignment at lines 846--848
 [] [] [] [] [] 
 []


Overfull \hbox (111.64069pt too wide) in alignment at lines 848--856
 [] [] [] [] [] 
 []


Overfull \hbox (130.86656pt too wide) in alignment at lines 862--866
 [] [] [] [] [] 
 []


Overfull \hbox (130.86656pt too wide) in alignment at lines 866--870
 [] [] [] [] [] 
 []


Overfull \hbox (130.86656pt too wide) in alignment at lines 870--872
 [] [] [] [] [] 
 []


Underfull \hbox (badness 2875) in paragraph at lines 874--875
[]|\T1/cmr/m/n/12 Colle hot-
 []


Underfull \hbox (badness 10000) in paragraph at lines 876--877
[]|\T1/cmr/m/n/12 Colle
 []


Underfull \hbox (badness 10000) in paragraph at lines 877--878
[]|\T1/cmr/m/n/12 Colle
 []


Overfull \hbox (130.86656pt too wide) in alignment at lines 872--881
 [] [] [] [] [] 
 []


Package fancyhdr Warning: \headheight is too small (12.0pt): 
(fancyhdr)                Make it at least 13.59999pt, for example:
(fancyhdr)                \setlength{\headheight}{13.59999pt}.
(fancyhdr)                You might also make \topmargin smaller:
(fancyhdr)                \addtolength{\topmargin}{-1.59999pt}.

[16]
Overfull \hbox (130.86656pt too wide) in alignment at lines 885--889
 [] [] [] [] [] 
 []


Overfull \hbox (130.86656pt too wide) in alignment at lines 889--893
 [] [] [] [] [] 
 []


Overfull \hbox (130.86656pt too wide) in alignment at lines 893--895
 [] [] [] [] [] 
 []


Underfull \hbox (badness 2828) in paragraph at lines 897--897
[]|\T1/cmr/m/n/12 Finition RAL PU Mat Noir 9005
 []


Underfull \hbox (badness 10000) in paragraph at lines 898--899
[]|\T1/cmr/m/n/12 Gris gra-
 []


Underfull \hbox (badness 10000) in paragraph at lines 900--901
[]|\T1/cmr/m/n/12 Blanc
 []


Underfull \hbox (badness 10000) in paragraph at lines 901--902
[]|\T1/cmr/m/n/12 Vernis
 []


Overfull \hbox (130.86656pt too wide) in alignment at lines 895--904
 [] [] [] [] [] 
 []


Overfull \hbox (130.86656pt too wide) in alignment at lines 908--912
 [] [] [] [] [] 
 []


Overfull \hbox (130.86656pt too wide) in alignment at lines 912--916
 [] [] [] [] [] 
 []


Overfull \hbox (130.86656pt too wide) in alignment at lines 916--918
 [] [] [] [] [] 
 []


Underfull \hbox (badness 10000) in paragraph at lines 922--923
[]|\T1/cmr/m/n/12 Catalyseur
 []


Underfull \hbox (badness 10000) in paragraph at lines 924--925
[]|\T1/cmr/m/n/12 Liquide
 []


Overfull \hbox (130.86656pt too wide) in alignment at lines 918--926
 [] [] [] [] [] 
 []


Overfull \hbox (130.86656pt too wide) in alignment at lines 932--936
 [] [] [] [] [] 
 []


Overfull \hbox (130.86656pt too wide) in alignment at lines 936--940
 [] [] [] [] [] 
 []


Overfull \hbox (130.86656pt too wide) in alignment at lines 940--942
 [] [] [] [] [] 
 []


Underfull \hbox (badness 10000) in paragraph at lines 943--943
[]|\T1/cmr/m/n/12 Sachet plas-tique meuble LDPE
 []


Underfull \hbox (badness 10000) in paragraph at lines 943--944
[]|\T1/cmr/m/n/12 Sachet
 []


Underfull \hbox (badness 10000) in paragraph at lines 945--946
[]|\T1/cmr/m/n/12 Petit
 []


Overfull \hbox (130.86656pt too wide) in alignment at lines 942--947
 [] [] [] [] [] 
 []


Package fancyhdr Warning: \headheight is too small (12.0pt): 
(fancyhdr)                Make it at least 13.59999pt, for example:
(fancyhdr)                \setlength{\headheight}{13.59999pt}.
(fancyhdr)                You might also make \topmargin smaller:
(fancyhdr)                \addtolength{\topmargin}{-1.59999pt}.

[17]
Overfull \hbox (130.86656pt too wide) in alignment at lines 951--955
 [] [] [] [] [] 
 []


Overfull \hbox (130.86656pt too wide) in alignment at lines 955--959
 [] [] [] [] [] 
 []


Overfull \hbox (130.86656pt too wide) in alignment at lines 959--961
 [] [] [] [] [] 
 []


Underfull \hbox (badness 10000) in paragraph at lines 962--963
[]|\T1/cmr/m/n/12 Carton
 []


Underfull \hbox (badness 2790) in paragraph at lines 963--963
[]|\T1/cmr/m/n/12 Carton em-bal-lage Euro meuble 60
 []


Underfull \hbox (badness 10000) in paragraph at lines 963--964
[]|\T1/cmr/m/n/12 Carton
 []


Underfull \hbox (badness 10000) in paragraph at lines 964--965
[]|\T1/cmr/m/n/12 Carton
 []


Underfull \hbox (badness 10000) in paragraph at lines 965--966
[]|\T1/cmr/m/n/12 Carton
 []


Underfull \hbox (badness 10000) in paragraph at lines 966--967
[]|\T1/cmr/m/n/12 Carton
 []


Underfull \hbox (badness 10000) in paragraph at lines 967--967
[]|\T1/cmr/m/n/12 Carton em-bal-lage meuble D100
 []


Underfull \hbox (badness 10000) in paragraph at lines 967--968
[]|\T1/cmr/m/n/12 Carton
 []


Underfull \hbox (badness 10000) in paragraph at lines 968--969
[]|\T1/cmr/m/n/12 Carton
 []


Underfull \hbox (badness 2158) in paragraph at lines 969--969
[]|\T1/cmr/m/n/12 Carton em-bal-lage Euro plaque DF
 []


Underfull \hbox (badness 10000) in paragraph at lines 969--970
[]|\T1/cmr/m/n/12 Carton
 []


Underfull \hbox (badness 1127) in paragraph at lines 970--970
[]|\T1/cmr/m/n/12 Carton em-bal-lage Euro plaque coin
 []


Underfull \hbox (badness 10000) in paragraph at lines 970--971
[]|\T1/cmr/m/n/12 Carton
 []


Underfull \hbox (badness 2573) in paragraph at lines 971--971
[]|\T1/cmr/m/n/12 Carton em-bal-lage Euro mi-roir 100
 []


Underfull \hbox (badness 2573) in paragraph at lines 972--972
[]|\T1/cmr/m/n/12 Carton em-bal-lage Euro mi-roir 120
 []


Underfull \hbox (badness 10000) in paragraph at lines 976--977
[]|\T1/cmr/m/n/12 Carton
 []


Overfull \hbox (130.86656pt too wide) in alignment at lines 961--978
 [] [] [] [] [] 
 []


Overfull \hbox (130.86656pt too wide) in alignment at lines 982--986
 [] [] [] [] [] 
 []


Overfull \hbox (130.86656pt too wide) in alignment at lines 986--990
 [] [] [] [] [] 
 []


Overfull \hbox (130.86656pt too wide) in alignment at lines 990--992
 [] [] [] [] [] 
 []


Underfull \hbox (badness 10000) in paragraph at lines 993--994
[]|\T1/cmr/m/n/12 Palette
 []


Underfull \hbox (badness 10000) in paragraph at lines 994--995
[]|\T1/cmr/m/n/12 Agrafes
 []


Underfull \hbox (badness 10000) in paragraph at lines 994--995
\T1/cmr/m/n/12 (prix ŕ
 []


Underfull \hbox (badness 10000) in paragraph at lines 995--996
[]|\T1/cmr/m/n/12 Ruban
 []


Overfull \hbox (130.86656pt too wide) in alignment at lines 992--998
 [] [] [] [] [] 
 []


Package fancyhdr Warning: \headheight is too small (12.0pt): 
(fancyhdr)                Make it at least 13.59999pt, for example:
(fancyhdr)                \setlength{\headheight}{13.59999pt}.
(fancyhdr)                You might also make \topmargin smaller:
(fancyhdr)                \addtolength{\topmargin}{-1.59999pt}.

[18]
Overfull \hbox (130.86656pt too wide) in alignment at lines 1007--1011
 [] [] [] [] [] 
 []


Overfull \hbox (130.86656pt too wide) in alignment at lines 1011--1015
 [] [] [] [] [] 
 []


Overfull \hbox (130.86656pt too wide) in alignment at lines 1015--1017
 [] [] [] [] [] 
 []


Underfull \hbox (badness 10000) in paragraph at lines 1018--1019
[]|\T1/cmr/m/n/12 Miroir
 []


Underfull \hbox (badness 10000) in paragraph at lines 1019--1020
[]|\T1/cmr/m/n/12 Miroir
 []


Underfull \hbox (badness 10000) in paragraph at lines 1020--1021
[]|\T1/cmr/m/n/12 Miroir
 []


Underfull \hbox (badness 10000) in paragraph at lines 1021--1022
[]|\T1/cmr/m/n/12 Miroir
 []


Underfull \hbox (badness 10000) in paragraph at lines 1022--1023
[]|\T1/cmr/m/n/12 Miroir
 []


Underfull \hbox (badness 10000) in paragraph at lines 1023--1024
[]|\T1/cmr/m/n/12 Miroir
 []


Underfull \hbox (badness 10000) in paragraph at lines 1025--1026
[]|\T1/cmr/m/n/12 Support
 []


Underfull \hbox (badness 10000) in paragraph at lines 1026--1027
[]|\T1/cmr/m/n/12 Accroche
 []


Underfull \hbox (badness 10000) in paragraph at lines 1027--1028
[]|\T1/cmr/m/n/12 Corničre
 []


Overfull \hbox (130.86656pt too wide) in alignment at lines 1017--1029
 [] [] [] [] [] 
 []


Overfull \hbox (61.79178pt too wide) in alignment at lines 1033--1037
 [] [] [] [] [] 
 []


Overfull \hbox (61.79178pt too wide) in alignment at lines 1037--1041
 [] [] [] [] [] 
 []


Overfull \hbox (61.79178pt too wide) in alignment at lines 1041--1043
 [] [] [] [] [] 
 []


Underfull \hbox (badness 1571) in paragraph at lines 1046--1046
[]|\T1/cmr/m/n/12 Bande de chant Pro-tec 08x19
 []


Underfull \hbox (badness 10000) in paragraph at lines 1049--1050
[]|\T1/cmr/m/n/12 Protection
 []


Underfull \hbox (badness 10000) in paragraph at lines 1051--1052
[]|\T1/cmr/m/n/12 Chevilles mu-
 []


Underfull \hbox (badness 2096) in paragraph at lines 1053--1053
[]|\T1/cmr/m/n/12 Carton em-bal-lage Euro mi-roir
 []


Overfull \hbox (61.79178pt too wide) in alignment at lines 1043--1061
 [] [] [] [] [] 
 []


Package fancyhdr Warning: \headheight is too small (12.0pt): 
(fancyhdr)                Make it at least 13.59999pt, for example:
(fancyhdr)                \setlength{\headheight}{13.59999pt}.
(fancyhdr)                You might also make \topmargin smaller:
(fancyhdr)                \addtolength{\topmargin}{-1.59999pt}.

[19]

Package fancyhdr Warning: \headheight is too small (12.0pt): 
(fancyhdr)                Make it at least 13.59999pt, for example:
(fancyhdr)                \setlength{\headheight}{13.59999pt}.
(fancyhdr)                You might also make \topmargin smaller:
(fancyhdr)                \addtolength{\topmargin}{-1.59999pt}.

[20]
Overfull \hbox (194.66238pt too wide) in alignment at lines 1088--1092
 [] [] [] [] [] [] 
 []


Overfull \hbox (194.66238pt too wide) in alignment at lines 1092--1096
 [] [] [] [] [] [] 
 []


Overfull \hbox (194.66238pt too wide) in alignment at lines 1096--1098
 [] [] [] [] [] [] 
 []


Underfull \hbox (badness 1762) in paragraph at lines 1100--1100
[]|\T1/cmr/m/n/12 Meuble K2 D 60x36 cm
 []


Underfull \hbox (badness 1558) in paragraph at lines 1107--1107
[]|\T1/cmr/m/n/12 Meuble Aga-dir avec pied
 []


Underfull \hbox (badness 3769) in paragraph at lines 1109--1109
[]|\T1/cmr/m/n/12 Meuble In-ara D 80 cm
 []


Underfull \hbox (badness 3769) in paragraph at lines 1112--1112
[]|\T1/cmr/m/n/12 Meuble In-ara D 60 cm
 []


Underfull \hbox (badness 3769) in paragraph at lines 1114--1114
[]|\T1/cmr/m/n/12 Meuble In-ara D 60 cm
 []


Underfull \hbox (badness 1721) in paragraph at lines 1119--1119
[]|\T1/cmr/m/n/12 Meuble Bil-bao D 60 cm
 []


Overfull \hbox (194.66238pt too wide) in alignment at lines 1098--1124
 [] [] [] [] [] [] 
 []

c:/Users/pc/Documents/INFO/GitHub/SOUKAINA/TGAMMENOMENCLATURE.tex:1124: ignored error: Infinite glue shrinkage found in box being split

Package fancyhdr Warning: \headheight is too small (12.0pt): 
(fancyhdr)                Make it at least 13.59999pt, for example:
(fancyhdr)                \setlength{\headheight}{13.59999pt}.
(fancyhdr)                You might also make \topmargin smaller:
(fancyhdr)                \addtolength{\topmargin}{-1.59999pt}.

[21]
Overfull \hbox (33.33902pt too wide) in alignment at lines 1128--1132
 [] [] [] [] [] 
 []


Overfull \hbox (33.33902pt too wide) in alignment at lines 1132--1136
 [] [] [] [] [] 
 []


Overfull \hbox (33.33902pt too wide) in alignment at lines 1136--1138
 [] [] [] [] [] 
 []


Underfull \hbox (badness 10000) in paragraph at lines 1139--1139
[]|\T1/cmr/m/n/12 Panneau Finsa 275x210x16
 []


Underfull \hbox (badness 10000) in paragraph at lines 1140--1140
[]|\T1/cmr/m/n/12 Panneau Finsa 285x210x16
 []


Underfull \hbox (badness 1210) in paragraph at lines 1141--1141
[]|\T1/cmr/m/n/12 Bande de chant 08x19 Blanco
 []


Underfull \hbox (badness 1117) in paragraph at lines 1142--1142
[]|\T1/cmr/m/n/12 Bande de chant 0.8x19 2011N
 []


Overfull \hbox (4.16496pt too wide) in paragraph at lines 1143--1143
[]|\T1/cmr/m/n/12 QUCOCOTHERM0| 
 []


Overfull \hbox (33.33902pt too wide) in alignment at lines 1138--1162
 [] [] [] [] [] 
 []


Package fancyhdr Warning: \headheight is too small (12.0pt): 
(fancyhdr)                Make it at least 13.59999pt, for example:
(fancyhdr)                \setlength{\headheight}{13.59999pt}.
(fancyhdr)                You might also make \topmargin smaller:
(fancyhdr)                \addtolength{\topmargin}{-1.59999pt}.

[22]
Overfull \hbox (174.10483pt too wide) in alignment at lines 1182--1186
 [] [] [] [] [] [] 
 []


Overfull \hbox (174.10483pt too wide) in alignment at lines 1186--1190
 [] [] [] [] [] [] 
 []


Overfull \hbox (174.10483pt too wide) in alignment at lines 1190--1192
 [] [] [] [] [] [] 
 []


Underfull \hbox (badness 1708) in paragraph at lines 1194--1194
[]|\T1/cmr/m/n/12 Meuble Pa-tras D 60 cm
 []


Underfull \hbox (badness 1596) in paragraph at lines 1195--1195
[]|\T1/cmr/m/n/12 Meuble To-rino D 60 cm
 []


Underfull \hbox (badness 1708) in paragraph at lines 1196--1196
[]|\T1/cmr/m/n/12 Meuble Pa-tras D 80 cm
 []


Underfull \hbox (badness 1596) in paragraph at lines 1198--1198
[]|\T1/cmr/m/n/12 Meuble To-rino D 80 cm
 []


Overfull \hbox (174.10483pt too wide) in alignment at lines 1192--1200
 [] [] [] [] [] [] 
 []


Overfull \hbox (33.33902pt too wide) in alignment at lines 1204--1208
 [] [] [] [] [] 
 []


Overfull \hbox (33.33902pt too wide) in alignment at lines 1208--1212
 [] [] [] [] [] 
 []


Overfull \hbox (33.33902pt too wide) in alignment at lines 1212--1214
 [] [] [] [] [] 
 []


Underfull \hbox (badness 2368) in paragraph at lines 1215--1215
[]|\T1/cmr/m/n/12 Panneau PVC 244x122x15 1F
 []


Underfull \hbox (badness 1210) in paragraph at lines 1216--1216
[]|\T1/cmr/m/n/12 Bande de chant 08x19 Blanco
 []


Overfull \hbox (4.16496pt too wide) in paragraph at lines 1217--1217
[]|\T1/cmr/m/n/12 QUCOCOTHERM0| 
 []


Overfull \hbox (3.66512pt too wide) in paragraph at lines 1229--1229
[]|\T1/cmr/m/n/12 QUMCHSA4R5MM| 
 []


Overfull \hbox (33.33902pt too wide) in alignment at lines 1214--1238
 [] [] [] [] [] 
 []

c:/Users/pc/Documents/INFO/GitHub/SOUKAINA/TGAMMENOMENCLATURE.tex:1238: ignored error: Infinite glue shrinkage found in box being split

Package fancyhdr Warning: \headheight is too small (12.0pt): 
(fancyhdr)                Make it at least 13.59999pt, for example:
(fancyhdr)                \setlength{\headheight}{13.59999pt}.
(fancyhdr)                You might also make \topmargin smaller:
(fancyhdr)                \addtolength{\topmargin}{-1.59999pt}.

[23]
Overfull \hbox (206.55525pt too wide) in alignment at lines 1258--1262
 [] [] [] [] [] [] 
 []


Overfull \hbox (206.55525pt too wide) in alignment at lines 1262--1266
 [] [] [] [] [] [] 
 []


Overfull \hbox (206.55525pt too wide) in alignment at lines 1266--1268
 [] [] [] [] [] [] 
 []


Underfull \hbox (badness 2173) in paragraph at lines 1275--1275
[]|\T1/cmr/m/n/12 Meuble Ra-bat D 60 cm
 []


Underfull \hbox (badness 2173) in paragraph at lines 1276--1276
[]|\T1/cmr/m/n/12 Meuble Ra-bat D 80 cm
 []


Overfull \hbox (206.55525pt too wide) in alignment at lines 1268--1278
 [] [] [] [] [] [] 
 []


Overfull \hbox (33.33902pt too wide) in alignment at lines 1282--1286
 [] [] [] [] [] 
 []


Overfull \hbox (33.33902pt too wide) in alignment at lines 1286--1290
 [] [] [] [] [] 
 []


Overfull \hbox (33.33902pt too wide) in alignment at lines 1290--1292
 [] [] [] [] [] 
 []


Underfull \hbox (badness 10000) in paragraph at lines 1295--1295
[]|\T1/cmr/m/n/12 Panneau Finsa 285x210x16
 []


Underfull \hbox (badness 10000) in paragraph at lines 1297--1297
[]|\T1/cmr/m/n/12 Fond Blanc Po-ly-uré-thane
 []


Underfull \hbox (badness 10000) in paragraph at lines 1300--1300
[]|\T1/cmr/m/n/12 Catalyseur Po-ly-re-thane
 []


Overfull \hbox (4.16496pt too wide) in paragraph at lines 1308--1308
[]|\T1/cmr/m/n/12 QUCOCOTHERM0| 
 []


Underfull \hbox (badness 5175) in paragraph at lines 1328--1328
[]|\T1/cmr/m/n/12 Tiraguardera 2050x86x16 Gris
 []


Underfull \hbox (badness 5175) in paragraph at lines 1329--1329
[]|\T1/cmr/m/n/12 Tiraguardera 1980x86x12 Gris
 []


Underfull \hbox (badness 1102) in paragraph at lines 1330--1330
[]|\T1/cmr/m/n/12 Tiraguardera 1980x150x12 Gris
 []


Overfull \hbox (33.33902pt too wide) in alignment at lines 1292--1333
 [] [] [] [] [] 
 []


Package fancyhdr Warning: \headheight is too small (12.0pt): 
(fancyhdr)                Make it at least 13.59999pt, for example:
(fancyhdr)                \setlength{\headheight}{13.59999pt}.
(fancyhdr)                You might also make \topmargin smaller:
(fancyhdr)                \addtolength{\topmargin}{-1.59999pt}.

[24]
c:/Users/pc/Documents/INFO/GitHub/SOUKAINA/TGAMMENOMENCLATURE.tex:1333: ignored error: Infinite glue shrinkage found in box being split

Package fancyhdr Warning: \headheight is too small (12.0pt): 
(fancyhdr)                Make it at least 13.59999pt, for example:
(fancyhdr)                \setlength{\headheight}{13.59999pt}.
(fancyhdr)                You might also make \topmargin smaller:
(fancyhdr)                \addtolength{\topmargin}{-1.59999pt}.

[25]
Overfull \hbox (121.72296pt too wide) in alignment at lines 1352--1356
 [] [] [] [] [] 
 []


Overfull \hbox (121.72296pt too wide) in alignment at lines 1356--1360
 [] [] [] [] [] 
 []


Overfull \hbox (121.72296pt too wide) in alignment at lines 1360--1362
 [] [] [] [] [] 
 []


Overfull \hbox (121.72296pt too wide) in alignment at lines 1362--1375
 [] [] [] [] [] 
 []

c:/Users/pc/Documents/INFO/GitHub/SOUKAINA/TGAMMENOMENCLATURE.tex:1375: ignored error: Infinite glue shrinkage found in box being split

Package fancyhdr Warning: \headheight is too small (12.0pt): 
(fancyhdr)                Make it at least 13.59999pt, for example:
(fancyhdr)                \setlength{\headheight}{13.59999pt}.
(fancyhdr)                You might also make \topmargin smaller:
(fancyhdr)                \addtolength{\topmargin}{-1.59999pt}.

[26]
Overfull \hbox (33.33902pt too wide) in alignment at lines 1379--1383
 [] [] [] [] [] 
 []


Overfull \hbox (33.33902pt too wide) in alignment at lines 1383--1387
 [] [] [] [] [] 
 []


Overfull \hbox (33.33902pt too wide) in alignment at lines 1387--1389
 [] [] [] [] [] 
 []


Underfull \hbox (badness 10000) in paragraph at lines 1390--1390
[]|\T1/cmr/m/n/12 Panneau Finsa 285x210x16
 []


Underfull \hbox (badness 1210) in paragraph at lines 1392--1392
[]|\T1/cmr/m/n/12 Bande de chant 08x19 Blanco
 []


Underfull \hbox (badness 2096) in paragraph at lines 1399--1399
[]|\T1/cmr/m/n/12 Carton em-bal-lage Euro mi-roir
 []


Overfull \hbox (33.33902pt too wide) in alignment at lines 1389--1407
 [] [] [] [] [] 
 []


Overfull \hbox (14.66418pt too wide) in alignment at lines 1418--1422
 [] [] [] [] 
 []


Overfull \hbox (14.66418pt too wide) in alignment at lines 1422--1426
 [] [] [] [] 
 []


Overfull \hbox (14.66418pt too wide) in alignment at lines 1426--1428
 [] [] [] [] 
 []


Underfull \hbox (badness 1490) in paragraph at lines 1429--1430
\T1/cmr/m/n/12 poi-gnées, char-ničres), em-
 []


Underfull \hbox (badness 2165) in paragraph at lines 1431--1432
[]|\T1/cmr/m/n/12 Panneaux (mé-la-miné, hy-
 []


Overfull \hbox (14.66418pt too wide) in alignment at lines 1428--1438
 [] [] [] [] 
 []

c:/Users/pc/Documents/INFO/GitHub/SOUKAINA/TGAMMENOMENCLATURE.tex:1438: ignored error: Infinite glue shrinkage found in box being split

Package fancyhdr Warning: \headheight is too small (12.0pt): 
(fancyhdr)                Make it at least 13.59999pt, for example:
(fancyhdr)                \setlength{\headheight}{13.59999pt}.
(fancyhdr)                You might also make \topmargin smaller:
(fancyhdr)                \addtolength{\topmargin}{-1.59999pt}.

[27]
Overfull \hbox (42.94891pt too wide) in alignment at lines 1455--1459
 [] [] [] [] 
 []


Overfull \hbox (42.94891pt too wide) in alignment at lines 1459--1463
 [] [] [] [] 
 []


Overfull \hbox (42.94891pt too wide) in alignment at lines 1463--1465
 [] [] [] [] 
 []


Underfull \hbox (badness 10000) in paragraph at lines 1469--1469
[]|\T1/cmr/m/n/12 Colle as-sem-blage (ré-cur-
 []


Underfull \hbox (badness 6792) in paragraph at lines 1470--1470
[]|\T1/cmr/m/n/12 Bande de chant ci-ment
 []


Overfull \hbox (42.94891pt too wide) in alignment at lines 1465--1472
 [] [] [] [] 
 []


Overfull \hbox (42.94891pt too wide) in alignment at lines 1476--1480
 [] [] [] [] 
 []


Overfull \hbox (42.94891pt too wide) in alignment at lines 1480--1484
 [] [] [] [] 
 []


Overfull \hbox (42.94891pt too wide) in alignment at lines 1484--1486
 [] [] [] [] 
 []


Underfull \hbox (badness 10000) in paragraph at lines 1487--1487
[]|\T1/cmr/m/n/12 Tiraguardera (AC-
 []


Overfull \hbox (42.94891pt too wide) in alignment at lines 1486--1491
 [] [] [] [] 
 []


Overfull \hbox (42.94891pt too wide) in alignment at lines 1495--1499
 [] [] [] [] 
 []


Overfull \hbox (42.94891pt too wide) in alignment at lines 1499--1503
 [] [] [] [] 
 []


Overfull \hbox (42.94891pt too wide) in alignment at lines 1503--1505
 [] [] [] [] 
 []


Overfull \hbox (42.94891pt too wide) in alignment at lines 1505--1509
 [] [] [] [] 
 []


Package fancyhdr Warning: \headheight is too small (12.0pt): 
(fancyhdr)                Make it at least 13.59999pt, for example:
(fancyhdr)                \setlength{\headheight}{13.59999pt}.
(fancyhdr)                You might also make \topmargin smaller:
(fancyhdr)                \addtolength{\topmargin}{-1.59999pt}.

[28]
Overfull \hbox (42.94891pt too wide) in alignment at lines 1513--1517
 [] [] [] [] 
 []


Overfull \hbox (42.94891pt too wide) in alignment at lines 1517--1521
 [] [] [] [] 
 []


Overfull \hbox (42.94891pt too wide) in alignment at lines 1521--1523
 [] [] [] [] 
 []


Overfull \hbox (42.94891pt too wide) in alignment at lines 1523--1533
 [] [] [] [] 
 []


Overfull \hbox (42.94891pt too wide) in alignment at lines 1537--1541
 [] [] [] [] 
 []


Overfull \hbox (42.94891pt too wide) in alignment at lines 1541--1545
 [] [] [] [] 
 []


Overfull \hbox (42.94891pt too wide) in alignment at lines 1545--1547
 [] [] [] [] 
 []


Overfull \hbox (42.94891pt too wide) in alignment at lines 1547--1551
 [] [] [] [] 
 []


Overfull \hbox (126.11221pt too wide) in alignment at lines 1559--1563
 [] [] [] [] [] 
 []


Overfull \hbox (126.11221pt too wide) in alignment at lines 1563--1567
 [] [] [] [] [] 
 []


Overfull \hbox (126.11221pt too wide) in alignment at lines 1567--1569
 [] [] [] [] [] 
 []


Overfull \hbox (126.11221pt too wide) in alignment at lines 1569--1576
 [] [] [] [] [] 
 []


Overfull \hbox (151.92534pt too wide) in alignment at lines 1580--1584
 [] [] [] [] [] 
 []


Overfull \hbox (151.92534pt too wide) in alignment at lines 1584--1588
 [] [] [] [] [] 
 []


Overfull \hbox (151.92534pt too wide) in alignment at lines 1588--1590
 [] [] [] [] [] 
 []


Overfull \hbox (151.92534pt too wide) in alignment at lines 1590--1597
 [] [] [] [] [] 
 []

c:/Users/pc/Documents/INFO/GitHub/SOUKAINA/TGAMMENOMENCLATURE.tex:1597: ignored error: Infinite glue shrinkage found in box being split

Package fancyhdr Warning: \headheight is too small (12.0pt): 
(fancyhdr)                Make it at least 13.59999pt, for example:
(fancyhdr)                \setlength{\headheight}{13.59999pt}.
(fancyhdr)                You might also make \topmargin smaller:
(fancyhdr)                \addtolength{\topmargin}{-1.59999pt}.

[29]
Overfull \hbox (133.44374pt too wide) in alignment at lines 1601--1605
 [] [] [] [] [] 
 []


Overfull \hbox (133.44374pt too wide) in alignment at lines 1605--1609
 [] [] [] [] [] 
 []


Overfull \hbox (133.44374pt too wide) in alignment at lines 1609--1611
 [] [] [] [] [] 
 []


Overfull \hbox (133.44374pt too wide) in alignment at lines 1611--1620
 [] [] [] [] [] 
 []


Overfull \hbox (151.92534pt too wide) in alignment at lines 1624--1628
 [] [] [] [] [] 
 []


Overfull \hbox (151.92534pt too wide) in alignment at lines 1628--1632
 [] [] [] [] [] 
 []


Overfull \hbox (151.92534pt too wide) in alignment at lines 1632--1634
 [] [] [] [] [] 
 []


Overfull \hbox (151.92534pt too wide) in alignment at lines 1634--1644
 [] [] [] [] [] 
 []


Overfull \hbox (126.11223pt too wide) in alignment at lines 1648--1652
 [] [] [] [] [] 
 []


Overfull \hbox (126.11223pt too wide) in alignment at lines 1652--1656
 [] [] [] [] [] 
 []


Overfull \hbox (126.11223pt too wide) in alignment at lines 1656--1658
 [] [] [] [] [] 
 []


Underfull \hbox (badness 10000) in paragraph at lines 1664--1664
[]|\T1/cmr/m/n/12 Application fi-ni-tion
 []


Overfull \hbox (126.11223pt too wide) in alignment at lines 1658--1668
 [] [] [] [] [] 
 []


Overfull \hbox (152.66124pt too wide) in alignment at lines 1672--1676
 [] [] [] [] [] 
 []


Overfull \hbox (152.66124pt too wide) in alignment at lines 1676--1680
 [] [] [] [] [] 
 []


Overfull \hbox (152.66124pt too wide) in alignment at lines 1680--1682
 [] [] [] [] [] 
 []


Overfull \hbox (152.66124pt too wide) in alignment at lines 1682--1689
 [] [] [] [] [] 
 []


Package fancyhdr Warning: \headheight is too small (12.0pt): 
(fancyhdr)                Make it at least 13.59999pt, for example:
(fancyhdr)                \setlength{\headheight}{13.59999pt}.
(fancyhdr)                You might also make \topmargin smaller:
(fancyhdr)                \addtolength{\topmargin}{-1.59999pt}.

[30]
Overfull \hbox (151.92534pt too wide) in alignment at lines 1693--1697
 [] [] [] [] [] 
 []


Overfull \hbox (151.92534pt too wide) in alignment at lines 1697--1701
 [] [] [] [] [] 
 []


Overfull \hbox (151.92534pt too wide) in alignment at lines 1701--1703
 [] [] [] [] [] 
 []


Overfull \hbox (151.92534pt too wide) in alignment at lines 1703--1710
 [] [] [] [] [] 
 []


Overfull \hbox (179.87685pt too wide) in alignment at lines 1714--1718
 [] [] [] [] [] 
 []


Overfull \hbox (179.87685pt too wide) in alignment at lines 1718--1722
 [] [] [] [] [] 
 []


Overfull \hbox (179.87685pt too wide) in alignment at lines 1722--1724
 [] [] [] [] [] 
 []


Overfull \hbox (179.87685pt too wide) in alignment at lines 1724--1731
 [] [] [] [] [] 
 []


Overfull \hbox (1.4233pt too wide) in paragraph at lines 1750--1750
[]|\T1/cmr/m/n/12 MPPAF16SR209| 
 []


Overfull \hbox (8.43687pt too wide) in paragraph at lines 1751--1751
[]|\T1/cmr/m/n/12 MPPAF28516BLS| 
 []


Overfull \hbox (10.39888pt too wide) in paragraph at lines 1752--1752
[]|\T1/cmr/m/n/12 MPPAF28516COS| 
 []


Overfull \hbox (12.02628pt too wide) in paragraph at lines 1753--1753
[]|\T1/cmr/m/n/12 MPPAF28516CSM| 
 []


Overfull \hbox (2.56328pt too wide) in paragraph at lines 1754--1754
[]|\T1/cmr/m/n/12 MPPAF28516RF| 
 []


Overfull \hbox (1.4233pt too wide) in paragraph at lines 1755--1755
[]|\T1/cmr/m/n/12 MPPAF28516PZ| 
 []


Overfull \hbox (4.6864pt too wide) in paragraph at lines 1756--1756
[]|\T1/cmr/m/n/12 MPPAF24405GG| 
 []


Overfull \hbox (2.07593pt too wide) in paragraph at lines 1757--1757
[]|\T1/cmr/m/n/12 MPPAF24125LC| 
 []


Overfull \hbox (7.4538pt too wide) in paragraph at lines 1758--1758
[]|\T1/cmr/m/n/12 MPPACNHD2856| 
 []


Overfull \hbox (7.4538pt too wide) in paragraph at lines 1759--1759
[]|\T1/cmr/m/n/12 MPPACNHD2858| 
 []


Overfull \hbox (9.90318pt too wide) in paragraph at lines 1760--1760
[]|\T1/cmr/m/n/12 MPPAFHBS36622| 
 []


Overfull \hbox (10.39058pt too wide) in paragraph at lines 1761--1761
[]|\T1/cmr/m/n/12 MPAPVC15JY032| 
 []


Overfull \hbox (13.41205pt too wide) in paragraph at lines 1762--1762
[]|\T1/cmr/m/n/12 MPAPVC15ZL03G| 
 []


Underfull \hbox (badness 3098) in paragraph at lines 1762--1763
[]|\T1/cmr/m/n/12 Panneau PVC 244x122x15 1F ZL-003G
 []


Overfull \hbox (19.36197pt too wide) in paragraph at lines 1763--1763
[]|\T1/cmr/m/n/12 MPAPVC05PVCFO| 
 []

c:/Users/pc/Documents/INFO/GitHub/SOUKAINA/TGAMMENOMENCLATURE.tex:1765: ignored error: Infinite glue shrinkage found in box being split

Package fancyhdr Warning: \headheight is too small (12.0pt): 
(fancyhdr)                Make it at least 13.59999pt, for example:
(fancyhdr)                \setlength{\headheight}{13.59999pt}.
(fancyhdr)                You might also make \topmargin smaller:
(fancyhdr)                \addtolength{\topmargin}{-1.59999pt}.

[31]
Overfull \hbox (1.10118pt too wide) in paragraph at lines 1778--1778
[]|\T1/cmr/m/n/12 MPBC819BL209| 
 []


Overfull \hbox (1.91904pt too wide) in paragraph at lines 1781--1781
[]|\T1/cmr/m/n/12 MPBC0819CE67| 
 []


Overfull \hbox (2.24118pt too wide) in paragraph at lines 1782--1782
[]|\T1/cmr/m/n/12 MPBC0819NE64| 
 []


Overfull \hbox (0.61378pt too wide) in paragraph at lines 1784--1784
[]|\T1/cmr/m/n/12 MPBC0819ZE86| 
 []


Overfull \hbox (3.5422pt too wide) in paragraph at lines 1805--1805
[]|\T1/cmr/m/n/12 QUVITR3525CH| 
 []


Overfull \hbox (5.8264pt too wide) in paragraph at lines 1807--1807
[]|\T1/cmr/m/n/12 QUDVCHPL0810| 
 []


Overfull \hbox (17.8915pt too wide) in paragraph at lines 1808--1808
[]|\T1/cmr/m/n/12 QUMCHSA4R5MM| 
 []


Overfull \hbox (1.42328pt too wide) in paragraph at lines 1809--1809
[]|\T1/cmr/m/n/12 QUVITOU08300| 
 []


Overfull \hbox (5.82635pt too wide) in paragraph at lines 1810--1810
[]|\T1/cmr/m/n/12 QUFCHAFR3500| 
 []


Overfull \hbox (7.29683pt too wide) in paragraph at lines 1811--1811
[]|\T1/cmr/m/n/12 QUFCHNOR3500| 
 []


Overfull \hbox (5.01683pt too wide) in paragraph at lines 1812--1812
[]|\T1/cmr/m/n/12 QUSACOFR3500| 
 []


Overfull \hbox (10.88206pt too wide) in paragraph at lines 1813--1813
[]|\T1/cmr/m/n/12 QUSACONV35FR| 
 []

c:/Users/pc/Documents/INFO/GitHub/SOUKAINA/TGAMMENOMENCLATURE.tex:1815: ignored error: Infinite glue shrinkage found in box being split

Package fancyhdr Warning: \headheight is too small (12.0pt): 
(fancyhdr)                Make it at least 13.59999pt, for example:
(fancyhdr)                \setlength{\headheight}{13.59999pt}.
(fancyhdr)                You might also make \topmargin smaller:
(fancyhdr)                \addtolength{\topmargin}{-1.59999pt}.

[32]
Overfull \hbox (2.24532pt too wide) in paragraph at lines 1828--1828
[]|\T1/cmr/m/n/12 QUPOCH500500| 
 []


Overfull \hbox (7.7884pt too wide) in paragraph at lines 1829--1829
[]|\T1/cmr/m/n/12 QUPOCH159CU0| 
 []


Overfull \hbox (7.62317pt too wide) in paragraph at lines 1830--1830
[]|\T1/cmr/m/n/12 QUPOCH0963AB| 
 []


Underfull \hbox (badness 2903) in paragraph at lines 1830--1831
[]|\T1/cmr/m/n/12 Poignée JRG Chrome 70-096-300-96-89E
 []


Overfull \hbox (2.24532pt too wide) in paragraph at lines 1831--1831
[]|\T1/cmr/m/n/12 QUPOCH704000| 
 []


Underfull \hbox (badness 2903) in paragraph at lines 1831--1832
[]|\T1/cmr/m/n/12 Poignée JRG Chrome 70-096-400-96-89E
 []


Overfull \hbox (2.24532pt too wide) in paragraph at lines 1832--1832
[]|\T1/cmr/m/n/12 QUPOCH702050| 
 []


Overfull \hbox (9.90318pt too wide) in paragraph at lines 1834--1834
[]|\T1/cmr/m/n/12 ACPOSMPPL10A| 
 []


Underfull \hbox (badness 5924) in paragraph at lines 1834--1835
[]|\T1/cmr/m/n/12 Pomo Samb PPL10 100x100 Alu-mi-nio
 []


Overfull \hbox (10.22949pt too wide) in paragraph at lines 1835--1835
[]|\T1/cmr/m/n/12 QUDVSUMET000| 
 []


Overfull \hbox (6.80533pt too wide) in paragraph at lines 1836--1836
[]|\T1/cmr/m/n/12 QUDVSUHS933C| 
 []


Overfull \hbox (2.23701pt too wide) in paragraph at lines 1837--1837
[]|\T1/cmr/m/n/12 ACSALB4012AL| 
 []


Overfull \hbox (18.39134pt too wide) in paragraph at lines 1854--1854
[]|\T1/cmr/m/n/12 QUCOCOTHERM0| 
 []


Overfull \hbox (7.13994pt too wide) in paragraph at lines 1855--1855
[]|\T1/cmr/m/n/12 QUCOTF953MS3| 
 []


Overfull \hbox (7.301pt too wide) in paragraph at lines 1856--1856
[]|\T1/cmr/m/n/12 QUCORAT1495R| 
 []


Overfull \hbox (8.92424pt too wide) in paragraph at lines 1857--1857
[]|\T1/cmr/m/n/12 QUCOUNNU1000| 
 []


Overfull \hbox (8.92424pt too wide) in paragraph at lines 1858--1858
[]|\T1/cmr/m/n/12 QUCOUNNU1001| 
 []


Overfull \hbox (8.59789pt too wide) in paragraph at lines 1859--1859
[]|\T1/cmr/m/n/12 QUCOFAKFX360| 
 []


Overfull \hbox (1.42328pt too wide) in paragraph at lines 1860--1860
[]|\T1/cmr/m/n/12 QUCOUNI66900| 
 []


Overfull \hbox (6.97055pt too wide) in paragraph at lines 1861--1861
[]|\T1/cmr/m/n/12 MPFOBUP1017T| 
 []


Overfull \hbox (8.92007pt too wide) in paragraph at lines 1862--1862
[]|\T1/cmr/m/n/12 MPFRAL9005NM| 
 []


Overfull \hbox (7.21214pt too wide) in paragraph at lines 1863--1863
[]|\T1/cmr/m/n/12 MPFRAL7037GR| 
 []


Overfull \hbox (6.9664pt too wide) in paragraph at lines 1864--1864
[]|\T1/cmr/m/n/12 MPKJ1048CBLM| 
 []


Overfull \hbox (7.29271pt too wide) in paragraph at lines 1865--1865
[]|\T1/cmr/m/n/12 MPBLBKU1110T| 
 []


Overfull \hbox (8.52158pt too wide) in paragraph at lines 1866--1866
[]|\T1/cmr/m/n/12 MPGLCKD4010T| 
 []


Underfull \hbox (badness 2894) in paragraph at lines 1866--1867
[]|\T1/cmr/m/n/12 Finition Kup-sa-max Glossy PU Top-coat
 []


Overfull \hbox (2.07175pt too wide) in paragraph at lines 1867--1867
[]|\T1/cmr/m/n/12 MPISPUK9011T| 
 []


Overfull \hbox (12.5095pt too wide) in paragraph at lines 1868--1868
[]|\T1/cmr/m/n/12 MPDLMDU5002M| 
 []


Overfull \hbox (6.9664pt too wide) in paragraph at lines 1869--1869
[]|\T1/cmr/m/n/12 MPDLRDU5023L| 
 []


Overfull \hbox (7.78427pt too wide) in paragraph at lines 1870--1870
[]|\T1/cmr/m/n/12 MPCATCU2126U| 
 []


Overfull \hbox (7.29689pt too wide) in paragraph at lines 1871--1871
[]|\T1/cmr/m/n/12 MPCATCB5228A| 
 []


Overfull \hbox (8.11473pt too wide) in paragraph at lines 1872--1872
[]|\T1/cmr/m/n/12 MPCPOCH2818B| 
 []


Overfull \hbox (13.65364pt too wide) in paragraph at lines 1873--1873
[]|\T1/cmr/m/n/12 MPPFLQMD3M00| 
 []

c:/Users/pc/Documents/INFO/GitHub/SOUKAINA/TGAMMENOMENCLATURE.tex:1875: ignored error: Infinite glue shrinkage found in box being split

Package fancyhdr Warning: \headheight is too small (12.0pt): 
(fancyhdr)                Make it at least 13.59999pt, for example:
(fancyhdr)                \setlength{\headheight}{13.59999pt}.
(fancyhdr)                You might also make \topmargin smaller:
(fancyhdr)                \addtolength{\topmargin}{-1.59999pt}.

[33]
Overfull \hbox (7.45796pt too wide) in paragraph at lines 1888--1888
[]|\T1/cmr/m/n/12 EMSPDPMB9012| 
 []


Underfull \hbox (badness 10000) in paragraph at lines 1888--1889
[]|\T1/cmr/m/n/12 Sachet plas-tique meuble LDPE
 []


Overfull \hbox (7.78426pt too wide) in paragraph at lines 1889--1889
[]|\T1/cmr/m/n/12 EMSPDPMR9090| 
 []


Overfull \hbox (13.32318pt too wide) in paragraph at lines 1890--1890
[]|\T1/cmr/m/n/12 QUDVSAPLASSM| 
 []


Overfull \hbox (12.8358pt too wide) in paragraph at lines 1891--1891
[]|\T1/cmr/m/n/12 EMCAEURMB601| 
 []


Underfull \hbox (badness 10000) in paragraph at lines 1891--1892
[]|\T1/cmr/m/n/12 Carton em-bal-lage Euro meuble D60
 []


Overfull \hbox (12.8358pt too wide) in paragraph at lines 1892--1892
[]|\T1/cmr/m/n/12 EMCAEURMB602| 
 []


Underfull \hbox (badness 10000) in paragraph at lines 1892--1893
[]|\T1/cmr/m/n/12 Carton em-bal-lage Euro meuble 60
 []


Overfull \hbox (12.8358pt too wide) in paragraph at lines 1893--1893
[]|\T1/cmr/m/n/12 EMCAEURMB600| 
 []


Underfull \hbox (badness 2564) in paragraph at lines 1893--1894
[]|\T1/cmr/m/n/12 Carton em-bal-lage Euro meuble 60 F45
 []


Overfull \hbox (12.8358pt too wide) in paragraph at lines 1894--1894
[]|\T1/cmr/m/n/12 EMCAEURMB800| 
 []


Underfull \hbox (badness 10000) in paragraph at lines 1894--1895
[]|\T1/cmr/m/n/12 Carton em-bal-lage Euro meuble D80
 []


Overfull \hbox (12.8358pt too wide) in paragraph at lines 1895--1895
[]|\T1/cmr/m/n/12 EMCAEURMB801| 
 []


Underfull \hbox (badness 10000) in paragraph at lines 1895--1896
[]|\T1/cmr/m/n/12 Carton em-bal-lage Euro meuble D80
 []


Overfull \hbox (12.8358pt too wide) in paragraph at lines 1896--1896
[]|\T1/cmr/m/n/12 EMCAEURMB100| 
 []


Underfull \hbox (badness 10000) in paragraph at lines 1896--1897
[]|\T1/cmr/m/n/12 Carton em-bal-lage meuble D100
 []


Overfull \hbox (12.8358pt too wide) in paragraph at lines 1897--1897
[]|\T1/cmr/m/n/12 EMCAEURMB120| 
 []


Underfull \hbox (badness 10000) in paragraph at lines 1897--1898
[]|\T1/cmr/m/n/12 Carton em-bal-lage Euro meuble D120
 []


Overfull \hbox (9.08533pt too wide) in paragraph at lines 1898--1898
[]|\T1/cmr/m/n/12 EMCAEURPL423| 
 []


Overfull \hbox (11.04733pt too wide) in paragraph at lines 1899--1899
[]|\T1/cmr/m/n/12 EMCAEURCO830| 
 []


Overfull \hbox (13.1621pt too wide) in paragraph at lines 1900--1900
[]|\T1/cmr/m/n/12 EMCAEURMR100| 
 []


Underfull \hbox (badness 10000) in paragraph at lines 1900--1901
[]|\T1/cmr/m/n/12 Carton em-bal-lage Euro mi-roir 100
 []


Overfull \hbox (13.1621pt too wide) in paragraph at lines 1901--1901
[]|\T1/cmr/m/n/12 EMCAEURMR120| 
 []


Underfull \hbox (badness 10000) in paragraph at lines 1901--1902
[]|\T1/cmr/m/n/12 Carton em-bal-lage Euro mi-roir 120
 []


Overfull \hbox (13.1621pt too wide) in paragraph at lines 1902--1902
[]|\T1/cmr/m/n/12 EMCAEURMR600| 
 []


Underfull \hbox (badness 6204) in paragraph at lines 1902--1903
[]|\T1/cmr/m/n/12 Carton em-bal-lage Euro mi-roir 60/H80
 []


Overfull \hbox (13.1621pt too wide) in paragraph at lines 1903--1903
[]|\T1/cmr/m/n/12 EMCAEURMR700| 
 []


Underfull \hbox (badness 6204) in paragraph at lines 1903--1904
[]|\T1/cmr/m/n/12 Carton em-bal-lage Euro mi-roir 70/H80
 []


Overfull \hbox (13.1621pt too wide) in paragraph at lines 1904--1904
[]|\T1/cmr/m/n/12 EMCAEURMR800| 
 []


Underfull \hbox (badness 6204) in paragraph at lines 1904--1905
[]|\T1/cmr/m/n/12 Carton em-bal-lage Euro mi-roir 80/H80
 []


Overfull \hbox (12.50949pt too wide) in paragraph at lines 1905--1905
[]|\T1/cmr/m/n/12 EMCAEURMP600| 
 []


Underfull \hbox (badness 1603) in paragraph at lines 1905--1906
[]|\T1/cmr/m/n/12 Carton em-bal-lage Euro M-Pharmacie 60
 []


Overfull \hbox (1.91486pt too wide) in paragraph at lines 1906--1906
[]|\T1/cmr/m/n/12 DVCOPAL80120| 
 []


Overfull \hbox (7.70786pt too wide) in paragraph at lines 1907--1907
[]|\T1/cmr/m/n/12 QUCOAGRP3515| 
 []


Overfull \hbox (7.93279pt too wide) in paragraph at lines 1909--1909
[]|\T1/cmr/m/n/12 QUDVFIALHITB| 
 []

c:/Users/pc/Documents/INFO/GitHub/SOUKAINA/TGAMMENOMENCLATURE.tex:1911: ignored error: Infinite glue shrinkage found in box being split

Package fancyhdr Warning: \headheight is too small (12.0pt): 
(fancyhdr)                Make it at least 13.59999pt, for example:
(fancyhdr)                \setlength{\headheight}{13.59999pt}.
(fancyhdr)                You might also make \topmargin smaller:
(fancyhdr)                \addtolength{\topmargin}{-1.59999pt}.

[34]
Overfull \hbox (10.22948pt too wide) in paragraph at lines 1930--1930
[]|\T1/cmr/m/n/12 MRMRM4M61542| 
 []


Overfull \hbox (5.657pt too wide) in paragraph at lines 1931--1931
[]|\T1/cmr/m/n/12 MPINDSUCA035| 
 []


Overfull \hbox (9.077pt too wide) in paragraph at lines 1932--1932
[]|\T1/cmr/m/n/12 MPINDSUADH31| 
 []


Overfull \hbox (5.339pt too wide) in paragraph at lines 1933--1933
[]|\T1/cmr/m/n/12 QUCANSER2200| 
 []


Overfull \hbox (3.86855pt too wide) in paragraph at lines 1948--1948
[]|\T1/cmr/m/n/12 MPINDCTSL036| 
 []


Overfull \hbox (11.20422pt too wide) in paragraph at lines 1950--1950
[]|\T1/cmr/m/n/12 MPINDDHOTR31| 
 []


Overfull \hbox (4.44061pt too wide) in paragraph at lines 1957--1957
[]|\T1/cmr/m/n/12 QUDVAGR14000| 
 []


Package fancyhdr Warning: \headheight is too small (12.0pt): 
(fancyhdr)                Make it at least 13.59999pt, for example:
(fancyhdr)                \setlength{\headheight}{13.59999pt}.
(fancyhdr)                You might also make \topmargin smaller:
(fancyhdr)                \addtolength{\topmargin}{-1.59999pt}.

[35] (TGAMMENOMENCLATURE.aux)
 ***********
LaTeX2e <2025-11-01>
L3 programming layer <2025-12-24>
 ***********
Package rerunfilecheck Info: File `TGAMMENOMENCLATURE.out' has not changed.
(rerunfilecheck)             Checksum: 0B0F322FD7C6876B31CFD470A84FFDF5;26848.
 ) 
Here is how much of TeX's memory you used:
 14319 strings out of 467871
 225023 string characters out of 5419828
 696381 words of memory out of 5000000
 42793 multiletter control sequences out of 15000+600000
 640300 words of font info for 70 fonts, out of 8000000 for 9000
 1141 hyphenation exceptions out of 8191
 75i,13n,79p,523b,723s stack positions out of 10000i,1000n,20000p,200000b,200000s
 <C:\Users\pc\AppData\Local\MiKTeX\fonts/pk/ljfour/jknappen/ec/dpi600\tcbx1200.pk> <C:\Users\pc\AppData\Local\MiKTeX\fonts/pk/ljfour/jknappen/ec/dpi600\tcrm1200.pk> <C:\Users\pc\AppData\Local\MiKTeX\fonts/pk/ljfour/jknappen/ec/dpi600\ectt1200.pk> <C:\Users\pc\AppData\Local\MiKTeX\fonts/pk/ljfour/jknappen/ec/dpi600\ecbx1440.pk> <C:\Users\pc\AppData\Local\MiKTeX\fonts/pk/ljfour/jknappen/ec/dpi600\ecrm1200.pk> <C:\Users\pc\AppData\Local\MiKTeX\fonts/pk/ljfour/jknappen/ec/dpi600\ecbx1200.pk> <C:\Users\pc\AppData\Local\MiKTeX\fonts/pk/ljfour/jknappen/ec/dpi600\ecrm1095.pk> <C:\Users\pc\AppData\Local\MiKTeX\fonts/pk/ljfour/jknappen/ec/dpi600\ecrm1440.pk> <C:\Users\pc\AppData\Local\MiKTeX\fonts/pk/ljfour/jknappen/ec/dpi600\ecbx1728.pk> <C:\Users\pc\AppData\Local\MiKTeX\fonts/pk/ljfour/jknappen/ec/dpi600\ecbx2488.pk>
Output written on TGAMMENOMENCLATURE.pdf (36 pages, 348265 bytes).
PDF statistics:
 1316 PDF objects out of 1440 (max. 8388607)
 222 named destinations out of 1000 (max. 500000)
 993 words of extra memory for PDF output out of 10000 (max. 10000000)

