\BOOKMARK [1][-]{section.1}{\376\377\000I\000n\000t\000r\000o\000d\000u\000c\000t\000i\000o\000n}{}% 1
\BOOKMARK [2][-]{subsection.1.1}{\376\377\000O\000b\000j\000e\000c\000t\000i\000f\000\040\000d\000u\000\040\000d\000o\000c\000u\000m\000e\000n\000t}{section.1}% 2
\BOOKMARK [2][-]{subsection.1.2}{\376\377\000P\000\351\000r\000i\000m\000\350\000t\000r\000e\000\040\000f\000o\000n\000c\000t\000i\000o\000n\000n\000e\000l\000\040\000e\000t\000\040\000p\000r\000o\000d\000u\000i\000t\000s\000\040\000c\000o\000n\000c\000e\000r\000n\000\351\000s}{section.1}% 3
\BOOKMARK [2][-]{subsection.1.3}{\376\377\000S\000o\000u\000r\000c\000e\000s\000\040\000d\000e\000s\000\040\000d\000o\000n\000n\000\351\000e\000s\000\040\000\050\000f\000i\000c\000h\000i\000e\000r\000s\000\040\000E\000x\000c\000e\000l\000\051}{section.1}% 4
\BOOKMARK [1][-]{section.2}{\376\377\000M\000\351\000t\000h\000o\000d\000o\000l\000o\000g\000i\000e\000\040\000d\000'\000\351\000l\000a\000b\000o\000r\000a\000t\000i\000o\000n}{}% 5
\BOOKMARK [2][-]{subsection.2.1}{\376\377\000S\000t\000r\000u\000c\000t\000u\000r\000e\000\040\000d\000e\000s\000\040\000d\000o\000n\000n\000\351\000e\000s\000\040\000d\000'\000e\000n\000t\000r\000\351\000e}{section.2}% 6
\BOOKMARK [3][-]{subsubsection.2.1.1}{\376\377\000D\000e\000s\000c\000r\000i\000p\000t\000i\000o\000n\000\040\000d\000e\000s\000\040\000c\000o\000l\000o\000n\000n\000e\000s\000\040\000\050\000f\000i\000c\000h\000i\000e\000r\000\040\000N\000o\000m\000e\000n\000c\000l\000a\000t\000u\000r\000e\000\040\000C\000E\000J\000I\000D\000\040\0002\0000\0002\0006\000\051}{subsection.2.1}% 7
\BOOKMARK [3][-]{subsubsection.2.1.2}{\376\377\000S\000t\000r\000u\000c\000t\000u\000r\000e\000\040\000d\000e\000s\000\040\000g\000a\000m\000m\000e\000s\000\040\000o\000p\000\351\000r\000a\000t\000o\000i\000r\000e\000s\000\040\000\050\000f\000i\000c\000h\000i\000e\000r\000\040\000P\000R\000O\000C\000E\000S\000S\000\040\000P\000R\000O\000D\000U\000I\000T\000\040\000Y\000N\000I\000O\000N\000\051}{subsection.2.1}% 8
\BOOKMARK [3][-]{subsubsection.2.1.3}{\376\377\000R\000\350\000g\000l\000e\000s\000\040\000d\000'\000i\000n\000t\000e\000r\000p\000r\000\351\000t\000a\000t\000i\000o\000n\000\040\000d\000e\000s\000\040\000d\000o\000n\000n\000\351\000e\000s}{subsection.2.1}% 9
\BOOKMARK [2][-]{subsection.2.2}{\376\377\000C\000l\000a\000s\000s\000i\000f\000i\000c\000a\000t\000i\000o\000n\000\040\000d\000e\000s\000\040\000c\000o\000m\000p\000o\000s\000a\000n\000t\000s}{section.2}% 10
\BOOKMARK [3][-]{subsubsection.2.2.1}{\376\377\000T\000a\000b\000l\000e\000a\000u\000\040\000d\000e\000\040\000c\000l\000a\000s\000s\000i\000f\000i\000c\000a\000t\000i\000o\000n\000\040\000g\000\351\000n\000\351\000r\000a\000l\000e}{subsection.2.2}% 11
\BOOKMARK [3][-]{subsubsection.2.2.2}{\376\377\000C\000l\000a\000s\000s\000i\000f\000i\000c\000a\000t\000i\000o\000n\000\040\000d\000\351\000t\000a\000i\000l\000l\000\351\000e\000\040\000d\000e\000s\000\040\000m\000a\000t\000i\000\350\000r\000e\000s\000\040\000p\000r\000e\000m\000i\000\350\000r\000e\000s}{subsection.2.2}% 12
\BOOKMARK [3][-]{subsubsection.2.2.3}{\376\377\000C\000l\000a\000s\000s\000i\000f\000i\000c\000a\000t\000i\000o\000n\000\040\000d\000\351\000t\000a\000i\000l\000l\000\351\000e\000\040\000d\000e\000\040\000l\000a\000\040\000q\000u\000i\000n\000c\000a\000i\000l\000l\000e\000r\000i\000e}{subsection.2.2}% 13
\BOOKMARK [3][-]{subsubsection.2.2.4}{\376\377\000C\000l\000a\000s\000s\000i\000f\000i\000c\000a\000t\000i\000o\000n\000\040\000d\000\351\000t\000a\000i\000l\000l\000\351\000e\000\040\000d\000e\000s\000\040\000p\000r\000o\000d\000u\000i\000t\000s\000\040\000c\000h\000i\000m\000i\000q\000u\000e\000s}{subsection.2.2}% 14
\BOOKMARK [2][-]{subsection.2.3}{\376\377\000D\000\351\000f\000i\000n\000i\000t\000i\000o\000n\000\040\000d\000e\000s\000\040\000p\000o\000s\000t\000e\000s\000\040\000d\000e\000\040\000c\000h\000a\000r\000g\000e}{section.2}% 15
\BOOKMARK [3][-]{subsubsection.2.3.1}{\376\377\000T\000a\000b\000l\000e\000a\000u\000\040\000d\000e\000s\000\040\000p\000o\000s\000t\000e\000s\000\040\000d\000e\000\040\000c\000h\000a\000r\000g\000e}{subsection.2.3}% 16
\BOOKMARK [3][-]{subsubsection.2.3.2}{\376\377\000D\000\351\000f\000i\000n\000i\000t\000i\000o\000n\000\040\000d\000e\000s\000\040\000t\000e\000m\000p\000s\000\040\000o\000p\000\351\000r\000a\000t\000o\000i\000r\000e\000s}{subsection.2.3}% 17
\BOOKMARK [3][-]{subsubsection.2.3.3}{\376\377\000C\000o\000r\000r\000e\000s\000p\000o\000n\000d\000a\000n\000c\000e\000\040\000p\000o\000s\000t\000e\000s\000\040\000/\000\040\000f\000a\000m\000i\000l\000l\000e\000s\000\040\000p\000r\000o\000d\000u\000i\000t\000s}{subsection.2.3}% 18
\BOOKMARK [3][-]{subsubsection.2.3.4}{\376\377\000C\000a\000p\000a\000c\000i\000t\000\351\000s\000\040\000e\000t\000\040\000r\000e\000n\000d\000e\000m\000e\000n\000t\000s}{subsection.2.3}% 19
\BOOKMARK [1][-]{section.3}{\376\377\000G\000a\000m\000m\000e\000s\000\040\000o\000p\000\351\000r\000a\000t\000o\000i\000r\000e\000s\000\040\000p\000a\000r\000\040\000p\000o\000s\000t\000e\000\040\000d\000e\000\040\000c\000h\000a\000r\000g\000e}{}% 20
\BOOKMARK [2][-]{subsection.3.1}{\376\377\000P\000o\000s\000t\000e\000\040\0001\0000\0000\000\040\040\023\000\040\000D\000\351\000c\000o\000u\000p\000e\000\040\000p\000a\000n\000n\000e\000a\000u\000x}{section.3}% 21
\BOOKMARK [3][-]{subsubsection.3.1.1}{\376\377\000D\000e\000s\000c\000r\000i\000p\000t\000i\000o\000n\000\040\000d\000u\000\040\000p\000o\000s\000t\000e}{subsection.3.1}% 22
\BOOKMARK [3][-]{subsubsection.3.1.2}{\376\377\000M\000o\000y\000e\000n\000s\000\040\000d\000e\000\040\000p\000r\000o\000d\000u\000c\000t\000i\000o\000n}{subsection.3.1}% 23
\BOOKMARK [3][-]{subsubsection.3.1.3}{\376\377\000O\000p\000\351\000r\000a\000t\000i\000o\000n\000s\000\040\000t\000y\000p\000e\000s}{subsection.3.1}% 24
\BOOKMARK [3][-]{subsubsection.3.1.4}{\376\377\000P\000r\000o\000d\000u\000i\000t\000s\000\040\000c\000o\000n\000c\000e\000r\000n\000\351\000s}{subsection.3.1}% 25
\BOOKMARK [2][-]{subsection.3.2}{\376\377\000P\000o\000s\000t\000e\000\040\0002\0000\0000\000\040\040\023\000\040\000U\000s\000i\000n\000a\000g\000e\000\040\000/\000\040\000P\000e\000r\000\347\000a\000g\000e}{section.3}% 26
\BOOKMARK [3][-]{subsubsection.3.2.1}{\376\377\000D\000e\000s\000c\000r\000i\000p\000t\000i\000o\000n\000\040\000d\000u\000\040\000p\000o\000s\000t\000e}{subsection.3.2}% 27
\BOOKMARK [3][-]{subsubsection.3.2.2}{\376\377\000M\000o\000y\000e\000n\000s\000\040\000d\000e\000\040\000p\000r\000o\000d\000u\000c\000t\000i\000o\000n}{subsection.3.2}% 28
\BOOKMARK [3][-]{subsubsection.3.2.3}{\376\377\000O\000p\000\351\000r\000a\000t\000i\000o\000n\000s\000\040\000t\000y\000p\000e\000s}{subsection.3.2}% 29
\BOOKMARK [3][-]{subsubsection.3.2.4}{\376\377\000P\000r\000o\000d\000u\000i\000t\000s\000\040\000c\000o\000n\000c\000e\000r\000n\000\351\000s}{subsection.3.2}% 30
\BOOKMARK [2][-]{subsection.3.3}{\376\377\000P\000o\000s\000t\000e\000\040\0003\0000\0000\000\040\040\023\000\040\000P\000l\000a\000c\000a\000g\000e\000\040\000d\000e\000\040\000c\000h\000a\000n\000t\000s}{section.3}% 31
\BOOKMARK [3][-]{subsubsection.3.3.1}{\376\377\000D\000e\000s\000c\000r\000i\000p\000t\000i\000o\000n\000\040\000d\000u\000\040\000p\000o\000s\000t\000e}{subsection.3.3}% 32
\BOOKMARK [3][-]{subsubsection.3.3.2}{\376\377\000M\000o\000y\000e\000n\000s\000\040\000d\000e\000\040\000p\000r\000o\000d\000u\000c\000t\000i\000o\000n}{subsection.3.3}% 33
\BOOKMARK [3][-]{subsubsection.3.3.3}{\376\377\000O\000p\000\351\000r\000a\000t\000i\000o\000n\000s\000\040\000t\000y\000p\000e\000s}{subsection.3.3}% 34
\BOOKMARK [3][-]{subsubsection.3.3.4}{\376\377\000P\000r\000o\000d\000u\000i\000t\000s\000\040\000c\000o\000n\000c\000e\000r\000n\000\351\000s}{subsection.3.3}% 35
\BOOKMARK [2][-]{subsection.3.4}{\376\377\000P\000o\000s\000t\000e\000\040\0004\0000\0000\000\040\040\023\000\040\000A\000s\000s\000e\000m\000b\000l\000a\000g\000e\000\040\000q\000u\000i\000n\000c\000a\000i\000l\000l\000e\000r\000i\000e}{section.3}% 36
\BOOKMARK [3][-]{subsubsection.3.4.1}{\376\377\000D\000e\000s\000c\000r\000i\000p\000t\000i\000o\000n\000\040\000d\000u\000\040\000p\000o\000s\000t\000e}{subsection.3.4}% 37
\BOOKMARK [3][-]{subsubsection.3.4.2}{\376\377\000M\000o\000y\000e\000n\000s\000\040\000d\000e\000\040\000p\000r\000o\000d\000u\000c\000t\000i\000o\000n}{subsection.3.4}% 38
\BOOKMARK [3][-]{subsubsection.3.4.3}{\376\377\000O\000p\000\351\000r\000a\000t\000i\000o\000n\000s\000\040\000t\000y\000p\000e\000s}{subsection.3.4}% 39
\BOOKMARK [3][-]{subsubsection.3.4.4}{\376\377\000P\000r\000o\000d\000u\000i\000t\000s\000\040\000c\000o\000n\000c\000e\000r\000n\000\351\000s}{subsection.3.4}% 40
\BOOKMARK [2][-]{subsection.3.5}{\376\377\000P\000o\000s\000t\000e\000\040\0005\0000\0000\000\040\040\023\000\040\000F\000i\000n\000i\000t\000i\000o\000n\000\040\000/\000\040\000L\000a\000q\000u\000a\000g\000e}{section.3}% 41
\BOOKMARK [3][-]{subsubsection.3.5.1}{\376\377\000D\000e\000s\000c\000r\000i\000p\000t\000i\000o\000n\000\040\000d\000u\000\040\000p\000o\000s\000t\000e}{subsection.3.5}% 42
\BOOKMARK [3][-]{subsubsection.3.5.2}{\376\377\000M\000o\000y\000e\000n\000s\000\040\000d\000e\000\040\000p\000r\000o\000d\000u\000c\000t\000i\000o\000n}{subsection.3.5}% 43
\BOOKMARK [3][-]{subsubsection.3.5.3}{\376\377\000O\000p\000\351\000r\000a\000t\000i\000o\000n\000s\000\040\000t\000y\000p\000e\000s}{subsection.3.5}% 44
\BOOKMARK [3][-]{subsubsection.3.5.4}{\376\377\000P\000r\000o\000d\000u\000i\000t\000s\000\040\000c\000o\000n\000c\000e\000r\000n\000\351\000s}{subsection.3.5}% 45
\BOOKMARK [2][-]{subsection.3.6}{\376\377\000P\000o\000s\000t\000e\000\040\0006\0000\0000\000\040\040\023\000\040\000M\000o\000n\000t\000a\000g\000e\000\040\000t\000i\000r\000o\000i\000r\000s}{section.3}% 46
\BOOKMARK [3][-]{subsubsection.3.6.1}{\376\377\000D\000e\000s\000c\000r\000i\000p\000t\000i\000o\000n\000\040\000d\000u\000\040\000p\000o\000s\000t\000e}{subsection.3.6}% 47
\BOOKMARK [3][-]{subsubsection.3.6.2}{\376\377\000M\000o\000y\000e\000n\000s\000\040\000d\000e\000\040\000p\000r\000o\000d\000u\000c\000t\000i\000o\000n}{subsection.3.6}% 48
\BOOKMARK [3][-]{subsubsection.3.6.3}{\376\377\000O\000p\000\351\000r\000a\000t\000i\000o\000n\000s\000\040\000t\000y\000p\000e\000s}{subsection.3.6}% 49
\BOOKMARK [3][-]{subsubsection.3.6.4}{\376\377\000P\000r\000o\000d\000u\000i\000t\000s\000\040\000c\000o\000n\000c\000e\000r\000n\000\351\000s}{subsection.3.6}% 50
\BOOKMARK [2][-]{subsection.3.7}{\376\377\000P\000o\000s\000t\000e\000\040\0007\0000\0000\000\040\040\023\000\040\000E\000m\000b\000a\000l\000l\000a\000g\000e}{section.3}% 51
\BOOKMARK [3][-]{subsubsection.3.7.1}{\376\377\000D\000e\000s\000c\000r\000i\000p\000t\000i\000o\000n\000\040\000d\000u\000\040\000p\000o\000s\000t\000e}{subsection.3.7}% 52
\BOOKMARK [3][-]{subsubsection.3.7.2}{\376\377\000M\000o\000y\000e\000n\000s\000\040\000d\000e\000\040\000p\000r\000o\000d\000u\000c\000t\000i\000o\000n}{subsection.3.7}% 53
\BOOKMARK [3][-]{subsubsection.3.7.3}{\376\377\000O\000p\000\351\000r\000a\000t\000i\000o\000n\000s\000\040\000t\000y\000p\000e\000s}{subsection.3.7}% 54
\BOOKMARK [3][-]{subsubsection.3.7.4}{\376\377\000P\000r\000o\000d\000u\000i\000t\000s\000\040\000c\000o\000n\000c\000e\000r\000n\000\351\000s}{subsection.3.7}% 55
\BOOKMARK [2][-]{subsection.3.8}{\376\377\000P\000o\000s\000t\000e\000\040\0008\0000\0000\000\040\040\023\000\040\000C\000o\000n\000t\000r\000\364\000l\000e\000\040\000q\000u\000a\000l\000i\000t\000\351}{section.3}% 56
\BOOKMARK [3][-]{subsubsection.3.8.1}{\376\377\000D\000e\000s\000c\000r\000i\000p\000t\000i\000o\000n\000\040\000d\000u\000\040\000p\000o\000s\000t\000e}{subsection.3.8}% 57
\BOOKMARK [3][-]{subsubsection.3.8.2}{\376\377\000M\000o\000y\000e\000n\000s\000\040\000d\000e\000\040\000p\000r\000o\000d\000u\000c\000t\000i\000o\000n}{subsection.3.8}% 58
\BOOKMARK [3][-]{subsubsection.3.8.3}{\376\377\000O\000p\000\351\000r\000a\000t\000i\000o\000n\000s\000\040\000t\000y\000p\000e\000s}{subsection.3.8}% 59
\BOOKMARK [3][-]{subsubsection.3.8.4}{\376\377\000P\000r\000o\000d\000u\000i\000t\000s\000\040\000c\000o\000n\000c\000e\000r\000n\000\351\000s}{subsection.3.8}% 60
\BOOKMARK [1][-]{section.4}{\376\377\000N\000o\000m\000e\000n\000c\000l\000a\000t\000u\000r\000e\000\040\000c\000o\000r\000r\000e\000s\000p\000o\000n\000d\000a\000n\000t\000e\000\040\000\050\000B\000O\000M\000\051}{}% 61
\BOOKMARK [2][-]{subsection.4.1}{\376\377\000M\000a\000t\000i\000\350\000r\000e\000s\000\040\000p\000r\000e\000m\000i\000\350\000r\000e\000s\000\040\000\050\000p\000a\000n\000n\000e\000a\000u\000x\000,\000\040\000b\000a\000n\000d\000e\000s\000\040\000d\000e\000\040\000c\000h\000a\000n\000t\000\051}{section.4}% 62
\BOOKMARK [3][-]{subsubsection.4.1.1}{\376\377\000P\000a\000n\000n\000e\000a\000u\000x\000\040\000m\000\351\000l\000a\000m\000i\000n\000\351\000s}{subsection.4.1}% 63
\BOOKMARK [3][-]{subsubsection.4.1.2}{\376\377\000P\000a\000n\000n\000e\000a\000u\000x\000\040\000h\000y\000d\000r\000o\000f\000u\000g\000e\000s\000\040\000\050\000l\000a\000q\000u\000\351\000s\000\051}{subsection.4.1}% 64
\BOOKMARK [3][-]{subsubsection.4.1.3}{\376\377\000P\000a\000n\000n\000e\000a\000u\000x\000\040\000P\000V\000C}{subsection.4.1}% 65
\BOOKMARK [3][-]{subsubsection.4.1.4}{\376\377\000B\000a\000n\000d\000e\000s\000\040\000d\000e\000\040\000c\000h\000a\000n\000t}{subsection.4.1}% 66
\BOOKMARK [2][-]{subsection.4.2}{\376\377\000Q\000u\000i\000n\000c\000a\000i\000l\000l\000e\000r\000i\000e}{section.4}% 67
\BOOKMARK [3][-]{subsubsection.4.2.1}{\376\377\000V\000i\000s\000\040\000e\000t\000\040\000c\000h\000e\000v\000i\000l\000l\000e\000s}{subsection.4.2}% 68
\BOOKMARK [3][-]{subsubsection.4.2.2}{\376\377\000C\000h\000a\000r\000n\000i\000\350\000r\000e\000s\000\040\000e\000t\000\040\000c\000o\000u\000l\000i\000s\000s\000e\000s}{subsection.4.2}% 69
\BOOKMARK [3][-]{subsubsection.4.2.3}{\376\377\000P\000o\000i\000g\000n\000\351\000e\000s}{subsection.4.2}% 70
\BOOKMARK [3][-]{subsubsection.4.2.4}{\376\377\000S\000u\000p\000p\000o\000r\000t\000s\000\040\000e\000t\000\040\000a\000c\000c\000e\000s\000s\000o\000i\000r\000e\000s}{subsection.4.2}% 71
\BOOKMARK [2][-]{subsection.4.3}{\376\377\000P\000r\000o\000d\000u\000i\000t\000s\000\040\000c\000h\000i\000m\000i\000q\000u\000e\000s\000\040\000\050\000c\000o\000l\000l\000e\000s\000,\000\040\000l\000a\000q\000u\000e\000s\000,\000\040\000d\000i\000l\000u\000a\000n\000t\000s\000\051}{section.4}% 72
\BOOKMARK [3][-]{subsubsection.4.3.1}{\376\377\000C\000o\000l\000l\000e\000s}{subsection.4.3}% 73
\BOOKMARK [3][-]{subsubsection.4.3.2}{\376\377\000L\000a\000q\000u\000e\000s\000\040\000e\000t\000\040\000f\000i\000n\000i\000t\000i\000o\000n\000s\000\040\000\050\000m\000e\000u\000b\000l\000e\000s\000\040\000l\000a\000q\000u\000\351\000s\000\051}{subsection.4.3}% 74
\BOOKMARK [3][-]{subsubsection.4.3.3}{\376\377\000D\000i\000l\000u\000a\000n\000t\000s\000\040\000e\000t\000\040\000c\000a\000t\000a\000l\000y\000s\000e\000u\000r\000s}{subsection.4.3}% 75
\BOOKMARK [2][-]{subsection.4.4}{\376\377\000E\000m\000b\000a\000l\000l\000a\000g\000e\000s}{section.4}% 76
\BOOKMARK [3][-]{subsubsection.4.4.1}{\376\377\000S\000a\000c\000h\000e\000t\000s\000\040\000p\000l\000a\000s\000t\000i\000q\000u\000e\000s}{subsection.4.4}% 77
\BOOKMARK [3][-]{subsubsection.4.4.2}{\376\377\000C\000a\000r\000t\000o\000n\000s\000\040\000d\000'\000e\000m\000b\000a\000l\000l\000a\000g\000e}{subsection.4.4}% 78
\BOOKMARK [3][-]{subsubsection.4.4.3}{\376\377\000P\000a\000l\000e\000t\000t\000e\000s\000\040\000e\000t\000\040\000c\000o\000n\000s\000o\000m\000m\000a\000b\000l\000e\000s}{subsection.4.4}% 79
\BOOKMARK [2][-]{subsection.4.5}{\376\377\000M\000i\000r\000o\000i\000r\000s\000\040\000\050\000f\000a\000m\000i\000l\000l\000e\000\040\000s\000p\000\351\000c\000i\000f\000i\000q\000u\000e\000\051}{section.4}% 80
\BOOKMARK [3][-]{subsubsection.4.5.1}{\376\377\000D\000e\000s\000c\000r\000i\000p\000t\000i\000o\000n\000\040\000g\000\351\000n\000\351\000r\000a\000l\000e}{subsection.4.5}% 81
\BOOKMARK [3][-]{subsubsection.4.5.2}{\376\377\000C\000o\000m\000p\000o\000s\000a\000n\000t\000s\000\040\000s\000p\000\351\000c\000i\000f\000i\000q\000u\000e\000s\000\040\000m\000i\000r\000o\000i\000r\000s}{subsection.4.5}% 82
\BOOKMARK [3][-]{subsubsection.4.5.3}{\376\377\000N\000o\000m\000e\000n\000c\000l\000a\000t\000u\000r\000e\000\040\000t\000y\000p\000e\000\040\000d\000'\000u\000n\000\040\000m\000i\000r\000o\000i\000r\000\040\000\050\000e\000x\000e\000m\000p\000l\000e\000\040\000M\000I\000R\0001\0000\0000\000C\000O\000R\000B\000L\000B\000\051}{subsection.4.5}% 83
\BOOKMARK [1][-]{section.5}{\376\377\000C\000o\000r\000r\000e\000s\000p\000o\000n\000d\000a\000n\000c\000e\000\040\000g\000a\000m\000m\000e\000s\000\040\000/\000\040\000n\000o\000m\000e\000n\000c\000l\000a\000t\000u\000r\000e\000\040\000p\000a\000r\000\040\000f\000a\000m\000i\000l\000l\000e\000\040\000p\000r\000o\000d\000u\000i\000t}{}% 84
\BOOKMARK [2][-]{subsection.5.1}{\376\377\000M\000e\000u\000b\000l\000e\000s\000\040\000m\000\351\000l\000a\000m\000i\000n\000\351\000s}{section.5}% 85
\BOOKMARK [3][-]{subsubsection.5.1.1}{\376\377\000C\000a\000r\000a\000c\000t\000\351\000r\000i\000s\000t\000i\000q\000u\000e\000s\000\040\000g\000\351\000n\000\351\000r\000a\000l\000e\000s}{subsection.5.1}% 86
\BOOKMARK [3][-]{subsubsection.5.1.2}{\376\377\000P\000o\000s\000t\000e\000s\000\040\000d\000e\000\040\000c\000h\000a\000r\000g\000e\000\040\000c\000o\000n\000c\000e\000r\000n\000\351\000s}{subsection.5.1}% 87
\BOOKMARK [3][-]{subsubsection.5.1.3}{\376\377\000T\000a\000b\000l\000e\000a\000u\000\040\000d\000e\000\040\000s\000y\000n\000t\000h\000\350\000s\000e\000\040\000d\000e\000s\000\040\000r\000\351\000f\000\351\000r\000e\000n\000c\000e\000s\000\040\000m\000\351\000l\000a\000m\000i\000n\000\351\000e\000s}{subsection.5.1}% 88
\BOOKMARK [3][-]{subsubsection.5.1.4}{\376\377\000N\000o\000m\000e\000n\000c\000l\000a\000t\000u\000r\000e\000\040\000t\000y\000p\000e\000\040\040\023\000\040\000M\000e\000u\000b\000l\000e\000\040\000m\000\351\000l\000a\000m\000i\000n\000\351\000\040\000\050\000e\000x\000e\000m\000p\000l\000e\000\040\000M\000E\000U\0000\0005\0000\000N\000M\000A\000B\000L\000B\000\051}{subsection.5.1}% 89
\BOOKMARK [2][-]{subsection.5.2}{\376\377\000M\000e\000u\000b\000l\000e\000s\000\040\000P\000V\000C}{section.5}% 90
\BOOKMARK [3][-]{subsubsection.5.2.1}{\376\377\000C\000a\000r\000a\000c\000t\000\351\000r\000i\000s\000t\000i\000q\000u\000e\000s\000\040\000g\000\351\000n\000\351\000r\000a\000l\000e\000s}{subsection.5.2}% 91
\BOOKMARK [3][-]{subsubsection.5.2.2}{\376\377\000P\000o\000s\000t\000e\000s\000\040\000d\000e\000\040\000c\000h\000a\000r\000g\000e\000\040\000c\000o\000n\000c\000e\000r\000n\000\351\000s}{subsection.5.2}% 92
\BOOKMARK [3][-]{subsubsection.5.2.3}{\376\377\000T\000a\000b\000l\000e\000a\000u\000\040\000d\000e\000\040\000s\000y\000n\000t\000h\000\350\000s\000e\000\040\000d\000e\000s\000\040\000r\000\351\000f\000\351\000r\000e\000n\000c\000e\000s\000\040\000P\000V\000C}{subsection.5.2}% 93
\BOOKMARK [3][-]{subsubsection.5.2.4}{\376\377\000N\000o\000m\000e\000n\000c\000l\000a\000t\000u\000r\000e\000\040\000t\000y\000p\000e\000\040\040\023\000\040\000M\000e\000u\000b\000l\000e\000\040\000P\000V\000C\000\040\000\050\000e\000x\000e\000m\000p\000l\000e\000\040\000M\000E\000U\0000\0006\0000\000M\000Y\000K\000C\000H\0002\000F\000\051}{subsection.5.2}% 94
\BOOKMARK [2][-]{subsection.5.3}{\376\377\000M\000e\000u\000b\000l\000e\000s\000\040\000l\000a\000q\000u\000\351\000s}{section.5}% 95
\BOOKMARK [3][-]{subsubsection.5.3.1}{\376\377\000C\000a\000r\000a\000c\000t\000\351\000r\000i\000s\000t\000i\000q\000u\000e\000s\000\040\000g\000\351\000n\000\351\000r\000a\000l\000e\000s}{subsection.5.3}% 96
\BOOKMARK [3][-]{subsubsection.5.3.2}{\376\377\000P\000o\000s\000t\000e\000s\000\040\000d\000e\000\040\000c\000h\000a\000r\000g\000e\000\040\000c\000o\000n\000c\000e\000r\000n\000\351\000s}{subsection.5.3}% 97
\BOOKMARK [3][-]{subsubsection.5.3.3}{\376\377\000T\000a\000b\000l\000e\000a\000u\000\040\000d\000e\000\040\000s\000y\000n\000t\000h\000\350\000s\000e\000\040\000d\000e\000s\000\040\000r\000\351\000f\000\351\000r\000e\000n\000c\000e\000s\000\040\000l\000a\000q\000u\000\351\000e\000s}{subsection.5.3}% 98
\BOOKMARK [3][-]{subsubsection.5.3.4}{\376\377\000N\000o\000m\000e\000n\000c\000l\000a\000t\000u\000r\000e\000\040\000t\000y\000p\000e\000\040\040\023\000\040\000M\000e\000u\000b\000l\000e\000\040\000l\000a\000q\000u\000\351\000\040\000\050\000e\000x\000e\000m\000p\000l\000e\000\040\000M\000E\000U\0000\0006\0000\000M\000C\000O\000B\000L\000B\000\051}{subsection.5.3}% 99
\BOOKMARK [2][-]{subsection.5.4}{\376\377\000M\000i\000r\000o\000i\000r\000s}{section.5}% 100
\BOOKMARK [3][-]{subsubsection.5.4.1}{\376\377\000C\000a\000r\000a\000c\000t\000\351\000r\000i\000s\000t\000i\000q\000u\000e\000s\000\040\000g\000\351\000n\000\351\000r\000a\000l\000e\000s}{subsection.5.4}% 101
\BOOKMARK [3][-]{subsubsection.5.4.2}{\376\377\000P\000o\000s\000t\000e\000s\000\040\000d\000e\000\040\000c\000h\000a\000r\000g\000e\000\040\000c\000o\000n\000c\000e\000r\000n\000\351\000s}{subsection.5.4}% 102
\BOOKMARK [3][-]{subsubsection.5.4.3}{\376\377\000T\000a\000b\000l\000e\000a\000u\000\040\000d\000e\000\040\000s\000y\000n\000t\000h\000\350\000s\000e\000\040\000d\000e\000s\000\040\000r\000\351\000f\000\351\000r\000e\000n\000c\000e\000s\000\040\000m\000i\000r\000o\000i\000r\000s}{subsection.5.4}% 103
\BOOKMARK [3][-]{subsubsection.5.4.4}{\376\377\000N\000o\000m\000e\000n\000c\000l\000a\000t\000u\000r\000e\000\040\000t\000y\000p\000e\000\040\040\023\000\040\000M\000i\000r\000o\000i\000r\000\040\000\050\000e\000x\000e\000m\000p\000l\000e\000\040\000M\000I\000R\0001\0000\0000\000C\000O\000R\000B\000L\000B\000\051}{subsection.5.4}% 104
\BOOKMARK [1][-]{section.6}{\376\377\000A\000n\000n\000e\000x\000e\000s\000\040\000t\000e\000c\000h\000n\000i\000q\000u\000e\000s}{}% 105
\BOOKMARK [2][-]{subsection.6.1}{\376\377\000U\000n\000i\000t\000\351\000s\000\040\000d\000e\000\040\000m\000e\000s\000u\000r\000e\000\040\000u\000t\000i\000l\000i\000s\000\351\000e\000s}{section.6}% 106
\BOOKMARK [3][-]{subsubsection.6.1.1}{\376\377\000R\000\350\000g\000l\000e\000s\000\040\000d\000e\000\040\000c\000o\000n\000v\000e\000r\000s\000i\000o\000n\000\040\000e\000t\000\040\000d\000'\000a\000r\000r\000o\000n\000d\000i}{subsection.6.1}% 107
\BOOKMARK [2][-]{subsection.6.2}{\376\377\000F\000o\000r\000m\000u\000l\000e\000s\000\040\000d\000e\000\040\000c\000a\000l\000c\000u\000l\000\040\000p\000r\000\351\000s\000e\000n\000t\000e\000s\000\040\000d\000a\000n\000s\000\040\000l\000e\000s\000\040\000d\000o\000n\000n\000\351\000e\000s\000\040\000s\000o\000u\000r\000c\000e}{section.6}% 108
\BOOKMARK [3][-]{subsubsection.6.2.1}{\376\377\000F\000o\000r\000m\000u\000l\000e\000s\000\040\000d\000e\000\040\000t\000y\000p\000e\000\040\000a\000d\000d\000i\000t\000i\000o\000n}{subsection.6.2}% 109
\BOOKMARK [3][-]{subsubsection.6.2.2}{\376\377\000F\000o\000r\000m\000u\000l\000e\000s\000\040\000d\000e\000\040\000t\000y\000p\000e\000\040\000m\000u\000l\000t\000i\000p\000l\000i\000c\000a\000t\000i\000o\000n}{subsection.6.2}% 110
\BOOKMARK [3][-]{subsubsection.6.2.3}{\376\377\000F\000o\000r\000m\000u\000l\000e\000s\000\040\000d\000e\000\040\000t\000y\000p\000e\000\040\000d\000i\000v\000i\000s\000i\000o\000n}{subsection.6.2}% 111
\BOOKMARK [3][-]{subsubsection.6.2.4}{\376\377\000F\000o\000r\000m\000u\000l\000e\000s\000\040\000d\000e\000\040\000t\000y\000p\000e\000\040\000a\000d\000d\000i\000t\000i\000o\000n\000\040\000d\000e\000\040\000s\000u\000r\000f\000a\000c\000e\000s\000\040\000\050\000p\000a\000n\000n\000e\000a\000u\000x\000\051}{subsection.6.2}% 112
\BOOKMARK [3][-]{subsubsection.6.2.5}{\376\377\000F\000o\000r\000m\000u\000l\000e\000s\000\040\000d\000e\000\040\000t\000y\000p\000e\000\040\000c\000a\000l\000c\000u\000l\000s\000\040\000d\000e\000\040\000b\000a\000n\000d\000e\000s\000\040\000d\000e\000\040\000c\000h\000a\000n\000t\000\040\000\050\000M\000L\000\051}{subsection.6.2}% 113
\BOOKMARK [2][-]{subsection.6.3}{\376\377\000T\000a\000b\000l\000e\000a\000u\000\040\000d\000e\000\040\000c\000o\000n\000s\000o\000l\000i\000d\000a\000t\000i\000o\000n\000\040\000d\000e\000s\000\040\000t\000e\000m\000p\000s\000\040\000o\000p\000\351\000r\000a\000t\000o\000i\000r\000e\000s\000\040\000p\000a\000r\000\040\000p\000o\000s\000t\000e}{section.6}% 114
\BOOKMARK [3][-]{subsubsection.6.3.1}{\376\377\000P\000o\000s\000t\000e\000\040\0001\0000\0000\000\040\040\023\000\040\000D\000\351\000c\000o\000u\000p\000e\000\040\000p\000a\000n\000n\000e\000a\000u\000x}{subsection.6.3}% 115
\BOOKMARK [3][-]{subsubsection.6.3.2}{\376\377\000P\000o\000s\000t\000e\000\040\0002\0000\0000\000\040\040\023\000\040\000U\000s\000i\000n\000a\000g\000e\000\040\000/\000\040\000P\000e\000r\000\347\000a\000g\000e}{subsection.6.3}% 116
\BOOKMARK [3][-]{subsubsection.6.3.3}{\376\377\000P\000o\000s\000t\000e\000\040\0003\0000\0000\000\040\040\023\000\040\000P\000l\000a\000c\000a\000g\000e\000\040\000d\000e\000\040\000c\000h\000a\000n\000t\000s}{subsection.6.3}% 117
\BOOKMARK [3][-]{subsubsection.6.3.4}{\376\377\000P\000o\000s\000t\000e\000\040\0004\0000\0000\000\040\040\023\000\040\000A\000s\000s\000e\000m\000b\000l\000a\000g\000e\000\040\000q\000u\000i\000n\000c\000a\000i\000l\000l\000e\000r\000i\000e}{subsection.6.3}% 118
\BOOKMARK [3][-]{subsubsection.6.3.5}{\376\377\000P\000o\000s\000t\000e\000\040\0005\0000\0000\000\040\040\023\000\040\000F\000i\000n\000i\000t\000i\000o\000n\000\040\000/\000\040\000L\000a\000q\000u\000a\000g\000e}{subsection.6.3}% 119
\BOOKMARK [3][-]{subsubsection.6.3.6}{\376\377\000P\000o\000s\000t\000e\000\040\0006\0000\0000\000\040\040\023\000\040\000M\000o\000n\000t\000a\000g\000e\000\040\000t\000i\000r\000o\000i\000r\000s}{subsection.6.3}% 120
\BOOKMARK [3][-]{subsubsection.6.3.7}{\376\377\000P\000o\000s\000t\000e\000\040\0007\0000\0000\000\040\040\023\000\040\000E\000m\000b\000a\000l\000l\000a\000g\000e}{subsection.6.3}% 121
\BOOKMARK [3][-]{subsubsection.6.3.8}{\376\377\000P\000o\000s\000t\000e\000\040\0008\0000\0000\000\040\040\023\000\040\000C\000o\000n\000t\000r\000\364\000l\000e\000\040\000q\000u\000a\000l\000i\000t\000\351}{subsection.6.3}% 122
\BOOKMARK [2][-]{subsection.6.4}{\376\377\000L\000i\000s\000t\000e\000\040\000d\000e\000s\000\040\000c\000o\000d\000e\000s\000\040\000c\000o\000m\000p\000o\000s\000a\000n\000t\000s\000\040\000a\000v\000e\000c\000\040\000d\000\351\000s\000i\000g\000n\000a\000t\000i\000o\000n\000\040\000c\000o\000m\000p\000l\000\350\000t\000e}{section.6}% 123
\BOOKMARK [3][-]{subsubsection.6.4.1}{\376\377\000C\000o\000d\000e\000\040\000d\000e\000\040\000d\000\351\000s\000i\000g\000n\000a\000t\000i\000o\000n\000\040\000p\000a\000r\000\040\000c\000a\000t\000\351\000g\000o\000r\000i\000e}{subsection.6.4}% 124
