\BOOKMARK [1][-]{section.1}{\376\377\000I\000n\000t\000r\000o\000d\000u\000c\000t\000i\000o\000n\000\040\000\340\000\040\000l\000'\000\351\000q\000u\000i\000l\000i\000b\000r\000a\000g\000e\000\040\000d\000e\000s\000\040\000l\000i\000g\000n\000e\000s\000\040\000d\000e\000\040\000p\000r\000o\000d\000u\000c\000t\000i\000o\000n}{}% 1
\BOOKMARK [2][-]{subsection.1.1}{\376\377\000D\000\351\000f\000i\000n\000i\000t\000i\000o\000n\000\040\000e\000t\000\040\000o\000b\000j\000e\000c\000t\000i\000f\000s}{section.1}% 2
\BOOKMARK [3][-]{subsubsection.1.1.1}{\376\377\000L\000e\000\040\000c\000o\000n\000c\000e\000p\000t\000\040\000d\000e\000\040\000g\000o\000u\000l\000o\000t\000\040\000d\000'\000\351\000t\000r\000a\000n\000g\000l\000e\000m\000e\000n\000t}{subsection.1.1}% 3
\BOOKMARK [2][-]{subsection.1.2}{\376\377\000D\000i\000f\000f\000\351\000r\000e\000n\000c\000e\000\040\000e\000n\000t\000r\000e\000\040\000C\000y\000c\000l\000e\000\040\000T\000i\000m\000e\000,\000\040\000L\000e\000a\000d\000\040\000T\000i\000m\000e\000\040\000e\000t\000\040\000T\000a\000k\000t\000\040\000T\000i\000m\000e}{section.1}% 4
\BOOKMARK [3][-]{subsubsection.1.2.1}{\376\377\000T\000a\000k\000t\000\040\000T\000i\000m\000e\000\040\000\050\000T\000T\000\051}{subsection.1.2}% 5
\BOOKMARK [3][-]{subsubsection.1.2.2}{\376\377\000C\000y\000c\000l\000e\000\040\000T\000i\000m\000e\000\040\000\050\000T\000C\000\051}{subsection.1.2}% 6
\BOOKMARK [3][-]{subsubsection.1.2.3}{\376\377\000L\000e\000a\000d\000\040\000T\000i\000m\000e\000\040\000\050\000L\000T\000\051}{subsection.1.2}% 7
\BOOKMARK [3][-]{subsubsection.1.2.4}{\376\377\000T\000a\000b\000l\000e\000a\000u\000\040\000r\000\351\000c\000a\000p\000i\000t\000u\000l\000a\000t\000i\000f}{subsection.1.2}% 8
\BOOKMARK [3][-]{subsubsection.1.2.5}{\376\377\000I\000l\000l\000u\000s\000t\000r\000a\000t\000i\000o\000n\000\040\000g\000r\000a\000p\000h\000i\000q\000u\000e\000\040\000d\000e\000s\000\040\000c\000o\000n\000c\000e\000p\000t\000s}{subsection.1.2}% 9
\BOOKMARK [2][-]{subsection.1.3}{\376\377\000P\000o\000u\000r\000q\000u\000o\000i\000\040\000\351\000q\000u\000i\000l\000i\000b\000r\000e\000r\000\040\000u\000n\000e\000\040\000l\000i\000g\000n\000e\000\040\000?}{section.1}% 10
\BOOKMARK [3][-]{subsubsection.1.3.1}{\376\377\000L\000e\000s\000\040\000b\000\351\000n\000\351\000f\000i\000c\000e\000s\000\040\000d\000'\000u\000n\000\040\000b\000o\000n\000\040\000\351\000q\000u\000i\000l\000i\000b\000r\000a\000g\000e}{subsection.1.3}% 11
\BOOKMARK [3][-]{subsubsection.1.3.2}{\376\377\000L\000e\000s\000\040\000c\000o\000\373\000t\000s\000\040\000d\000u\000\040\000d\000\351\000s\000\351\000q\000u\000i\000l\000i\000b\000r\000e}{subsection.1.3}% 12
\BOOKMARK [3][-]{subsubsection.1.3.3}{\376\377\000L\000'\000i\000m\000p\000a\000c\000t\000\040\000s\000u\000r\000\040\000l\000a\000\040\000p\000e\000r\000f\000o\000r\000m\000a\000n\000c\000e\000\040\000g\000l\000o\000b\000a\000l\000e}{subsection.1.3}% 13
\BOOKMARK [3][-]{subsubsection.1.3.4}{\376\377\000Q\000u\000a\000n\000d\000\040\000f\000a\000u\000t\000-\000i\000l\000\040\000\351\000q\000u\000i\000l\000i\000b\000r\000e\000r\000\040\000?}{subsection.1.3}% 14
\BOOKMARK [1][-]{section.2}{\376\377\000I\000n\000f\000o\000r\000m\000a\000t\000i\000o\000n\000s\000\040\000n\000\351\000c\000e\000s\000s\000a\000i\000r\000e\000s\000\040\000p\000o\000u\000r\000\040\000r\000\351\000a\000l\000i\000s\000e\000r\000\040\000u\000n\000\040\000\351\000q\000u\000i\000l\000i\000b\000r\000a\000g\000e}{}% 15
\BOOKMARK [2][-]{subsection.2.1}{\376\377\000D\000o\000n\000n\000\351\000e\000s\000\040\000d\000e\000\040\000p\000r\000o\000d\000u\000c\000t\000i\000o\000n}{section.2}% 16
\BOOKMARK [3][-]{subsubsection.2.1.1}{\376\377\000L\000a\000\040\000d\000e\000m\000a\000n\000d\000e\000\040\000c\000l\000i\000e\000n\000t}{subsection.2.1}% 17
\BOOKMARK [3][-]{subsubsection.2.1.2}{\376\377\000T\000e\000m\000p\000s\000\040\000d\000e\000\040\000p\000r\000o\000d\000u\000c\000t\000i\000o\000n\000\040\000d\000i\000s\000p\000o\000n\000i\000b\000l\000e}{subsection.2.1}% 18
\BOOKMARK [3][-]{subsubsection.2.1.3}{\376\377\000T\000e\000m\000p\000s\000\040\000d\000e\000\040\000c\000y\000c\000l\000e\000\040\000d\000e\000s\000\040\000o\000p\000\351\000r\000a\000t\000i\000o\000n\000s}{subsection.2.1}% 19
\BOOKMARK [3][-]{subsubsection.2.1.4}{\376\377\000C\000o\000n\000t\000r\000a\000i\000n\000t\000e\000s\000\040\000d\000e\000\040\000p\000r\000\351\000c\000\351\000d\000e\000n\000c\000e}{subsection.2.1}% 20
\BOOKMARK [2][-]{subsection.2.2}{\376\377\000M\000\351\000t\000h\000o\000d\000e\000s\000\040\000d\000e\000\040\000c\000o\000l\000l\000e\000c\000t\000e\000\040\000d\000e\000s\000\040\000d\000o\000n\000n\000\351\000e\000s}{section.2}% 21
\BOOKMARK [3][-]{subsubsection.2.2.1}{\376\377\000O\000b\000s\000e\000r\000v\000a\000t\000i\000o\000n\000\040\000d\000i\000r\000e\000c\000t\000e\000\040\000s\000u\000r\000\040\000l\000e\000\040\000t\000e\000r\000r\000a\000i\000n\000\040\000\050\000G\000e\000m\000b\000a\000\051}{subsection.2.2}% 22
\BOOKMARK [3][-]{subsubsection.2.2.2}{\376\377\000A\000n\000a\000l\000y\000s\000e\000\040\000d\000e\000s\000\040\000g\000a\000m\000m\000e\000s\000\040\000d\000e\000\040\000f\000a\000b\000r\000i\000c\000a\000t\000i\000o\000n}{subsection.2.2}% 23
\BOOKMARK [3][-]{subsubsection.2.2.3}{\376\377\000E\000n\000t\000r\000e\000t\000i\000e\000n\000s\000\040\000a\000v\000e\000c\000\040\000l\000e\000s\000\040\000o\000p\000\351\000r\000a\000t\000e\000u\000r\000s}{subsection.2.2}% 24
\BOOKMARK [3][-]{subsubsection.2.2.4}{\376\377\000A\000n\000a\000l\000y\000s\000e\000\040\000d\000e\000s\000\040\000d\000o\000n\000n\000\351\000e\000s\000\040\000h\000i\000s\000t\000o\000r\000i\000q\000u\000e\000s}{subsection.2.2}% 25
\BOOKMARK [2][-]{subsection.2.3}{\376\377\000P\000r\000\351\000p\000a\000r\000a\000t\000i\000o\000n\000\040\000d\000u\000\040\000d\000i\000a\000g\000r\000a\000m\000m\000e\000\040\000d\000'\000a\000n\000t\000\351\000r\000i\000o\000r\000i\000t\000\351}{section.2}% 26
\BOOKMARK [3][-]{subsubsection.2.3.1}{\376\377\000C\000o\000n\000s\000t\000r\000u\000c\000t\000i\000o\000n\000\040\000d\000u\000\040\000d\000i\000a\000g\000r\000a\000m\000m\000e\000\040\000d\000'\000a\000n\000t\000\351\000r\000i\000o\000r\000i\000t\000\351}{subsection.2.3}% 27
\BOOKMARK [3][-]{subsubsection.2.3.2}{\376\377\000E\000x\000e\000m\000p\000l\000e\000\040\000d\000e\000\040\000d\000i\000a\000g\000r\000a\000m\000m\000e\000\040\000d\000'\000a\000n\000t\000\351\000r\000i\000o\000r\000i\000t\000\351}{subsection.2.3}% 28
\BOOKMARK [3][-]{subsubsection.2.3.3}{\376\377\000R\000\350\000g\000l\000e\000s\000\040\000d\000e\000\040\000c\000o\000n\000s\000t\000r\000u\000c\000t\000i\000o\000n}{subsection.2.3}% 29
\BOOKMARK [2][-]{subsection.2.4}{\376\377\000F\000o\000r\000m\000u\000l\000a\000i\000r\000e\000\040\000d\000e\000\040\000c\000o\000l\000l\000e\000c\000t\000e\000\040\000d\000e\000s\000\040\000d\000o\000n\000n\000\351\000e\000s}{section.2}% 30
\BOOKMARK [2][-]{subsection.2.5}{\376\377\000C\000h\000e\000c\000k\000-\000l\000i\000s\000t\000\040\000p\000r\000\351\000-\000\351\000q\000u\000i\000l\000i\000b\000r\000a\000g\000e}{section.2}% 31
\BOOKMARK [2][-]{subsection.2.6}{\376\377\000E\000r\000r\000e\000u\000r\000s\000\040\000f\000r\000\351\000q\000u\000e\000n\000t\000e\000s\000\040\000\340\000\040\000\351\000v\000i\000t\000e\000r}{section.2}% 32
\BOOKMARK [1][-]{section.3}{\376\377\000J\000u\000s\000t\000i\000f\000i\000c\000a\000t\000i\000o\000n\000\040\000d\000e\000\040\000l\000a\000\040\000n\000\351\000c\000e\000s\000s\000i\000t\000\351\000\040\000d\000'\000u\000n\000\040\000\351\000q\000u\000i\000l\000i\000b\000r\000a\000g\000e}{}% 33
\BOOKMARK [2][-]{subsection.3.1}{\376\377\000I\000n\000d\000i\000c\000a\000t\000e\000u\000r\000s\000\040\000d\000e\000\040\000d\000\351\000s\000\351\000q\000u\000i\000l\000i\000b\000r\000e}{section.3}% 34
\BOOKMARK [3][-]{subsubsection.3.1.1}{\376\377\000S\000t\000o\000c\000k\000s\000\040\000i\000n\000t\000e\000r\000m\000\351\000d\000i\000a\000i\000r\000e\000s\000\040\000i\000m\000p\000o\000r\000t\000a\000n\000t\000s\000\040\000\050\000W\000I\000P\000\051}{subsection.3.1}% 35
\BOOKMARK [3][-]{subsubsection.3.1.2}{\376\377\000T\000e\000m\000p\000s\000\040\000d\000'\000a\000t\000t\000e\000n\000t\000e\000\040\000o\000b\000s\000e\000r\000v\000\351\000s}{subsection.3.1}% 36
\BOOKMARK [3][-]{subsubsection.3.1.3}{\376\377\000V\000a\000r\000i\000a\000b\000i\000l\000i\000t\000\351\000\040\000d\000e\000s\000\040\000c\000a\000d\000e\000n\000c\000e\000s}{subsection.3.1}% 37
\BOOKMARK [3][-]{subsubsection.3.1.4}{\376\377\000G\000o\000u\000l\000o\000t\000s\000\040\000d\000'\000\351\000t\000r\000a\000n\000g\000l\000e\000m\000e\000n\000t\000\040\000i\000d\000e\000n\000t\000i\000f\000i\000\351\000s}{subsection.3.1}% 38
\BOOKMARK [3][-]{subsubsection.3.1.5}{\376\377\000T\000a\000u\000x\000\040\000d\000'\000e\000f\000f\000i\000c\000a\000c\000i\000t\000\351\000\040\000f\000a\000i\000b\000l\000e}{subsection.3.1}% 39
\BOOKMARK [3][-]{subsubsection.3.1.6}{\376\377\000T\000e\000m\000p\000s\000\040\000d\000e\000\040\000c\000y\000c\000l\000e\000\040\000n\000o\000n\000\040\000a\000l\000i\000g\000n\000\351\000s\000\040\000a\000v\000e\000c\000\040\000l\000e\000\040\000T\000a\000k\000t\000\040\000T\000i\000m\000e}{subsection.3.1}% 40
\BOOKMARK [2][-]{subsection.3.2}{\376\377\000C\000a\000l\000c\000u\000l\000\040\000d\000e\000\040\000l\000'\000e\000f\000f\000i\000c\000a\000c\000i\000t\000\351\000\040\000d\000'\000\351\000q\000u\000i\000l\000i\000b\000r\000a\000g\000e}{section.3}% 41
\BOOKMARK [3][-]{subsubsection.3.2.1}{\376\377\000E\000f\000f\000i\000c\000a\000c\000i\000t\000\351\000\040\000t\000h\000\351\000o\000r\000i\000q\000u\000e}{subsection.3.2}% 42
\BOOKMARK [3][-]{subsubsection.3.2.2}{\376\377\000E\000f\000f\000i\000c\000a\000c\000i\000t\000\351\000\040\000r\000\351\000e\000l\000l\000e}{subsection.3.2}% 43
\BOOKMARK [3][-]{subsubsection.3.2.3}{\376\377\000E\000x\000e\000m\000p\000l\000e\000\040\000d\000e\000\040\000c\000a\000l\000c\000u\000l}{subsection.3.2}% 44
\BOOKMARK [2][-]{subsection.3.3}{\376\377\000E\000f\000f\000i\000c\000a\000c\000i\000t\000\351\000\040\000p\000a\000r\000\040\000p\000o\000s\000t\000e\000\040\000d\000e\000\040\000t\000r\000a\000v\000a\000i\000l}{section.3}% 45
\BOOKMARK [2][-]{subsection.3.4}{\376\377\000T\000o\000l\000\351\000r\000a\000n\000c\000e\000\040\000e\000t\000\040\000s\000e\000u\000i\000l\000s\000\040\000d\000'\000i\000n\000t\000e\000r\000v\000e\000n\000t\000i\000o\000n}{section.3}% 46
\BOOKMARK [2][-]{subsection.3.5}{\376\377\000A\000n\000a\000l\000y\000s\000e\000\040\000d\000e\000s\000\040\000c\000a\000u\000s\000e\000s\000\040\000d\000u\000\040\000d\000\351\000s\000\351\000q\000u\000i\000l\000i\000b\000r\000e}{section.3}% 47
\BOOKMARK [2][-]{subsection.3.6}{\376\377\000J\000u\000s\000t\000i\000f\000i\000c\000a\000t\000i\000o\000n\000\040\000\351\000c\000o\000n\000o\000m\000i\000q\000u\000e\000\040\000d\000e\000\040\000l\000'\000\351\000q\000u\000i\000l\000i\000b\000r\000a\000g\000e}{section.3}% 48
\BOOKMARK [3][-]{subsubsection.3.6.1}{\376\377\000C\000o\000\373\000t\000s\000\040\000d\000u\000\040\000d\000\351\000s\000\351\000q\000u\000i\000l\000i\000b\000r\000e}{subsection.3.6}% 49
\BOOKMARK [3][-]{subsubsection.3.6.2}{\376\377\000C\000a\000l\000c\000u\000l\000\040\000d\000u\000\040\000r\000e\000t\000o\000u\000r\000\040\000s\000u\000r\000\040\000i\000n\000v\000e\000s\000t\000i\000s\000s\000e\000m\000e\000n\000t}{subsection.3.6}% 50
\BOOKMARK [2][-]{subsection.3.7}{\376\377\000\311\000t\000u\000d\000e\000\040\000d\000e\000\040\000c\000a\000s\000\040\000:\000\040\000D\000i\000a\000g\000n\000o\000s\000t\000i\000c\000\040\000p\000r\000\351\000-\000\351\000q\000u\000i\000l\000i\000b\000r\000a\000g\000e}{section.3}% 51
\BOOKMARK [1][-]{section.4}{\376\377\000L\000e\000s\000\040\000m\000\351\000t\000h\000o\000d\000e\000s\000\040\000d\000'\000\351\000q\000u\000i\000l\000i\000b\000r\000a\000g\000e}{}% 52
\BOOKMARK [2][-]{subsection.4.1}{\376\377\000C\000l\000a\000s\000s\000i\000f\000i\000c\000a\000t\000i\000o\000n\000\040\000d\000e\000s\000\040\000m\000\351\000t\000h\000o\000d\000e\000s\000\040\000d\000'\000\351\000q\000u\000i\000l\000i\000b\000r\000a\000g\000e}{section.4}% 53
\BOOKMARK [2][-]{subsection.4.2}{\376\377\000M\000\351\000t\000h\000o\000d\000e\000s\000\040\000m\000a\000n\000u\000e\000l\000l\000e\000s}{section.4}% 54
\BOOKMARK [3][-]{subsubsection.4.2.1}{\376\377\000M\000\351\000t\000h\000o\000d\000e\000\040\000i\000n\000t\000u\000i\000t\000i\000v\000e}{subsection.4.2}% 55
\BOOKMARK [3][-]{subsubsection.4.2.2}{\376\377\000M\000\351\000t\000h\000o\000d\000e\000\040\000d\000u\000\040\000c\000a\000n\000d\000i\000d\000a\000t\000\040\000l\000e\000\040\000p\000l\000u\000s\000\040\000g\000r\000a\000n\000d}{subsection.4.2}% 56
\BOOKMARK [3][-]{subsubsection.4.2.3}{\376\377\000M\000\351\000t\000h\000o\000d\000e\000\040\000d\000u\000\040\000p\000o\000i\000d\000s\000\040\000p\000o\000s\000i\000t\000i\000o\000n\000n\000e\000l\000\040\000\050\000R\000a\000n\000k\000e\000d\000\040\000P\000o\000s\000i\000t\000i\000o\000n\000a\000l\000\040\000W\000e\000i\000g\000h\000t\000\051}{subsection.4.2}% 57
\BOOKMARK [2][-]{subsection.4.3}{\376\377\000T\000a\000b\000l\000e\000a\000u\000\040\000c\000o\000m\000p\000a\000r\000a\000t\000i\000f\000\040\000d\000e\000s\000\040\000m\000\351\000t\000h\000o\000d\000e\000s\000\040\000m\000a\000n\000u\000e\000l\000l\000e\000s}{section.4}% 58
\BOOKMARK [2][-]{subsection.4.4}{\376\377\000M\000\351\000t\000h\000o\000d\000e\000s\000\040\000n\000u\000m\000\351\000r\000i\000q\000u\000e\000s}{section.4}% 59
\BOOKMARK [3][-]{subsubsection.4.4.1}{\376\377\000C\000O\000M\000S\000O\000A\000L\000\040\000\050\000C\000o\000m\000p\000u\000t\000e\000r\000\040\000M\000e\000t\000h\000o\000d\000\040\000o\000f\000\040\000S\000e\000q\000u\000e\000n\000c\000i\000n\000g\000\040\000O\000p\000e\000r\000a\000t\000i\000o\000n\000s\000\040\000f\000o\000r\000\040\000A\000s\000s\000e\000m\000b\000l\000y\000\040\000L\000i\000n\000e\000s\000\051}{subsection.4.4}% 60
\BOOKMARK [3][-]{subsubsection.4.4.2}{\376\377\000A\000L\000P\000A\000C\000A\000\040\000\050\000A\000s\000s\000e\000m\000b\000l\000y\000\040\000L\000i\000n\000e\000\040\000P\000l\000a\000n\000n\000i\000n\000g\000\040\000a\000n\000d\000\040\000C\000o\000n\000t\000r\000o\000l\000\040\000A\000c\000t\000i\000v\000i\000t\000y\000\051}{subsection.4.4}% 61
\BOOKMARK [3][-]{subsubsection.4.4.3}{\376\377\000C\000A\000L\000B\000\040\000\050\000C\000o\000m\000p\000u\000t\000e\000r\000-\000A\000i\000d\000e\000d\000\040\000L\000i\000n\000e\000\040\000B\000a\000l\000a\000n\000c\000i\000n\000g\000\051}{subsection.4.4}% 62
\BOOKMARK [3][-]{subsubsection.4.4.4}{\376\377\000P\000r\000o\000g\000r\000a\000m\000m\000a\000t\000i\000o\000n\000\040\000l\000i\000n\000\351\000a\000i\000r\000e}{subsection.4.4}% 63
\BOOKMARK [2][-]{subsection.4.5}{\376\377\000M\000\351\000t\000h\000o\000d\000e\000s\000\040\000h\000y\000b\000r\000i\000d\000e\000s\000\040\000e\000t\000\040\000a\000v\000a\000n\000c\000\351\000e\000s}{section.4}% 64
\BOOKMARK [2][-]{subsection.4.6}{\376\377\000C\000h\000o\000i\000x\000\040\000d\000e\000\040\000l\000a\000\040\000m\000\351\000t\000h\000o\000d\000e\000\040\000s\000e\000l\000o\000n\000\040\000l\000e\000\040\000c\000o\000n\000t\000e\000x\000t\000e}{section.4}% 65
\BOOKMARK [2][-]{subsection.4.7}{\376\377\000\311\000t\000u\000d\000e\000\040\000d\000e\000\040\000c\000a\000s\000\040\000:\000\040\000C\000o\000m\000p\000a\000r\000a\000i\000s\000o\000n\000\040\000d\000e\000s\000\040\000m\000\351\000t\000h\000o\000d\000e\000s}{section.4}% 66
\BOOKMARK [1][-]{section.5}{\376\377\000L\000i\000e\000n\000\040\000e\000n\000t\000r\000e\000\040\000\351\000q\000u\000i\000l\000i\000b\000r\000a\000g\000e\000\040\000d\000e\000s\000\040\000p\000o\000s\000t\000e\000s\000\040\000e\000t\000\040\000V\000S\000M\000\040\000\050\000V\000a\000l\000u\000e\000\040\000S\000t\000r\000e\000a\000m\000\040\000M\000a\000p\000p\000i\000n\000g\000\051}{}% 67
\BOOKMARK [2][-]{subsection.5.1}{\376\377\000L\000e\000\040\000V\000S\000M\000\040\000c\000o\000m\000m\000e\000\040\000o\000u\000t\000i\000l\000\040\000d\000e\000\040\000d\000i\000a\000g\000n\000o\000s\000t\000i\000c\000\040\000p\000r\000\351\000a\000l\000a\000b\000l\000e}{section.5}% 68
\BOOKMARK [3][-]{subsubsection.5.1.1}{\376\377\000C\000a\000r\000t\000o\000g\000r\000a\000p\000h\000i\000e\000\040\000d\000e\000\040\000l\000'\000\351\000t\000a\000t\000\040\000a\000c\000t\000u\000e\000l}{subsection.5.1}% 69
\BOOKMARK [3][-]{subsubsection.5.1.2}{\376\377\000I\000n\000d\000i\000c\000a\000t\000e\000u\000r\000s\000\040\000V\000S\000M\000\040\000p\000o\000u\000r\000\040\000l\000'\000\351\000q\000u\000i\000l\000i\000b\000r\000a\000g\000e}{subsection.5.1}% 70
\BOOKMARK [2][-]{subsection.5.2}{\376\377\000I\000d\000e\000n\000t\000i\000f\000i\000c\000a\000t\000i\000o\000n\000\040\000d\000e\000s\000\040\000g\000o\000u\000l\000o\000t\000s\000\040\000v\000i\000a\000\040\000l\000e\000\040\000V\000S\000M}{section.5}% 71
\BOOKMARK [3][-]{subsubsection.5.2.1}{\376\377\000L\000e\000\040\000c\000o\000n\000c\000e\000p\000t\000\040\000d\000e\000\040\000g\000o\000u\000l\000o\000t\000\040\000d\000a\000n\000s\000\040\000l\000e\000\040\000V\000S\000M}{subsection.5.2}% 72
\BOOKMARK [3][-]{subsubsection.5.2.2}{\376\377\000A\000n\000a\000l\000y\000s\000e\000\040\000d\000e\000s\000\040\000f\000l\000u\000x\000\040\000m\000a\000t\000i\000\350\000r\000e\000s}{subsection.5.2}% 73
\BOOKMARK [2][-]{subsection.5.3}{\376\377\000S\000y\000n\000c\000h\000r\000o\000n\000i\000s\000a\000t\000i\000o\000n\000\040\000d\000e\000s\000\040\000f\000l\000u\000x\000\040\000a\000v\000e\000c\000\040\000l\000e\000\040\000T\000a\000k\000t\000\040\000T\000i\000m\000e}{section.5}% 74
\BOOKMARK [3][-]{subsubsection.5.3.1}{\376\377\000C\000a\000l\000c\000u\000l\000\040\000d\000u\000\040\000T\000a\000k\000t\000\040\000T\000i\000m\000e\000\040\000d\000a\000n\000s\000\040\000l\000e\000\040\000V\000S\000M}{subsection.5.3}% 75
\BOOKMARK [3][-]{subsubsection.5.3.2}{\376\377\000A\000l\000i\000g\000n\000e\000m\000e\000n\000t\000\040\000d\000e\000s\000\040\000t\000e\000m\000p\000s\000\040\000d\000e\000\040\000c\000y\000c\000l\000e}{subsection.5.3}% 76
\BOOKMARK [2][-]{subsection.5.4}{\376\377\000C\000a\000l\000c\000u\000l\000\040\000d\000u\000\040\000R\000a\000t\000i\000o\000\040\000d\000e\000\040\000V\000a\000l\000e\000u\000r\000\040\000A\000j\000o\000u\000t\000\351\000e}{section.5}% 77
\BOOKMARK [2][-]{subsection.5.5}{\376\377\000D\000e\000\040\000l\000'\000\351\000t\000a\000t\000\040\000a\000c\000t\000u\000e\000l\000\040\000\340\000\040\000l\000'\000\351\000t\000a\000t\000\040\000f\000u\000t\000u\000r}{section.5}% 78
\BOOKMARK [3][-]{subsubsection.5.5.1}{\376\377\000\311\000t\000a\000p\000e\000s\000\040\000d\000e\000\040\000t\000r\000a\000n\000s\000i\000t\000i\000o\000n}{subsection.5.5}% 79
\BOOKMARK [2][-]{subsection.5.6}{\376\377\000E\000x\000e\000m\000p\000l\000e\000\040\000d\000'\000i\000n\000t\000\351\000g\000r\000a\000t\000i\000o\000n\000\040\000V\000S\000M\000-\000\311\000q\000u\000i\000l\000i\000b\000r\000a\000g\000e}{section.5}% 80
\BOOKMARK [3][-]{subsubsection.5.6.1}{\376\377\000\311\000t\000a\000t\000\040\000a\000c\000t\000u\000e\000l\000\040\000\050\000V\000S\000M\000\051}{subsection.5.6}% 81
\BOOKMARK [3][-]{subsubsection.5.6.2}{\376\377\000\311\000q\000u\000i\000l\000i\000b\000r\000a\000g\000e\000\040\000r\000\351\000a\000l\000i\000s\000\351}{subsection.5.6}% 82
\BOOKMARK [3][-]{subsubsection.5.6.3}{\376\377\000\311\000t\000a\000t\000\040\000f\000u\000t\000u\000r\000\040\000a\000p\000r\000\350\000s\000\040\000\351\000q\000u\000i\000l\000i\000b\000r\000a\000g\000e}{subsection.5.6}% 83
\BOOKMARK [2][-]{subsection.5.7}{\376\377\000O\000u\000t\000i\000l\000s\000\040\000d\000'\000a\000n\000a\000l\000y\000s\000e\000\040\000c\000o\000m\000p\000l\000\351\000m\000e\000n\000t\000a\000i\000r\000e\000s}{section.5}% 84
\BOOKMARK [3][-]{subsubsection.5.7.1}{\376\377\000M\000a\000t\000r\000i\000c\000e\000\040\000d\000e\000\040\000f\000l\000u\000x\000\040\000\050\000F\000l\000o\000w\000\040\000M\000a\000t\000r\000i\000x\000\051}{subsection.5.7}% 85
\BOOKMARK [3][-]{subsubsection.5.7.2}{\376\377\000S\000p\000a\000g\000h\000e\000t\000t\000i\000\040\000D\000i\000a\000g\000r\000a\000m}{subsection.5.7}% 86
\BOOKMARK [2][-]{subsection.5.8}{\376\377\000C\000o\000n\000c\000l\000u\000s\000i\000o\000n\000\040\000s\000u\000r\000\040\000l\000'\000i\000n\000t\000\351\000g\000r\000a\000t\000i\000o\000n\000\040\000V\000S\000M\000-\000\311\000q\000u\000i\000l\000i\000b\000r\000a\000g\000e}{section.5}% 87
\BOOKMARK [1][-]{section.6}{\376\377\000M\000\351\000t\000h\000o\000d\000o\000l\000o\000g\000i\000e\000\040\000\351\000t\000a\000p\000e\000\040\000p\000a\000r\000\040\000\351\000t\000a\000p\000e\000\040\000p\000o\000u\000r\000\040\000l\000'\000\351\000q\000u\000i\000l\000i\000b\000r\000a\000g\000e}{}% 88
\BOOKMARK [2][-]{subsection.6.1}{\376\377\000V\000u\000e\000\040\000d\000'\000e\000n\000s\000e\000m\000b\000l\000e\000\040\000d\000e\000\040\000l\000a\000\040\000m\000\351\000t\000h\000o\000d\000o\000l\000o\000g\000i\000e}{section.6}% 89
\BOOKMARK [2][-]{subsection.6.2}{\376\377\000P\000h\000a\000s\000e\000\040\0001\000\040\000:\000\040\000A\000n\000a\000l\000y\000s\000e\000\040\000e\000t\000\040\000c\000o\000l\000l\000e\000c\000t\000e\000\040\000d\000e\000s\000\040\000d\000o\000n\000n\000\351\000e\000s}{section.6}% 90
\BOOKMARK [3][-]{subsubsection.6.2.1}{\376\377\000\311\000t\000a\000p\000e\000\040\0001\000.\0001\000\040\000:\000\040\000I\000d\000e\000n\000t\000i\000f\000i\000e\000r\000\040\000l\000a\000\040\000d\000e\000m\000a\000n\000d\000e\000\040\000c\000l\000i\000e\000n\000t\000\040\000e\000t\000\040\000c\000a\000l\000c\000u\000l\000e\000r\000\040\000l\000e\000\040\000T\000a\000k\000t\000\040\000T\000i\000m\000e}{subsection.6.2}% 91
\BOOKMARK [3][-]{subsubsection.6.2.2}{\376\377\000\311\000t\000a\000p\000e\000\040\0001\000.\0002\000\040\000:\000\040\000D\000\351\000c\000o\000m\000p\000o\000s\000e\000r\000\040\000l\000e\000\040\000p\000r\000o\000c\000e\000s\000s\000u\000s\000\040\000e\000t\000\040\000m\000e\000s\000u\000r\000e\000r\000\040\000l\000e\000s\000\040\000t\000e\000m\000p\000s\000\040\000d\000e\000\040\000c\000y\000c\000l\000e}{subsection.6.2}% 92
\BOOKMARK [3][-]{subsubsection.6.2.3}{\376\377\000\311\000t\000a\000p\000e\000\040\0001\000.\0003\000\040\000:\000\040\000\311\000t\000a\000b\000l\000i\000r\000\040\000l\000e\000\040\000d\000i\000a\000g\000r\000a\000m\000m\000e\000\040\000d\000'\000a\000n\000t\000\351\000r\000i\000o\000r\000i\000t\000\351}{subsection.6.2}% 93
\BOOKMARK [3][-]{subsubsection.6.2.4}{\376\377\000\311\000t\000a\000p\000e\000\040\0001\000.\0004\000\040\000:\000\040\000C\000a\000l\000c\000u\000l\000e\000r\000\040\000l\000e\000\040\000n\000o\000m\000b\000r\000e\000\040\000t\000h\000\351\000o\000r\000i\000q\000u\000e\000\040\000d\000e\000\040\000p\000o\000s\000t\000e\000s}{subsection.6.2}% 94
\BOOKMARK [2][-]{subsection.6.3}{\376\377\000P\000h\000a\000s\000e\000\040\0002\000\040\000:\000\040\000R\000e\000g\000r\000o\000u\000p\000e\000m\000e\000n\000t\000\040\000d\000e\000s\000\040\000t\000\342\000c\000h\000e\000s}{section.6}% 95
\BOOKMARK [3][-]{subsubsection.6.3.1}{\376\377\000\311\000t\000a\000p\000e\000\040\0002\000.\0001\000\040\000:\000\040\000C\000h\000o\000i\000s\000i\000r\000\040\000l\000a\000\040\000m\000\351\000t\000h\000o\000d\000e\000\040\000d\000'\000\351\000q\000u\000i\000l\000i\000b\000r\000a\000g\000e}{subsection.6.3}% 96
\BOOKMARK [3][-]{subsubsection.6.3.2}{\376\377\000\311\000t\000a\000p\000e\000\040\0002\000.\0002\000\040\000:\000\040\000A\000s\000s\000i\000g\000n\000e\000r\000\040\000l\000e\000s\000\040\000t\000\342\000c\000h\000e\000s\000\040\000a\000u\000x\000\040\000p\000o\000s\000t\000e\000s}{subsection.6.3}% 97
\BOOKMARK [3][-]{subsubsection.6.3.3}{\376\377\000\311\000t\000a\000p\000e\000\040\0002\000.\0003\000\040\000:\000\040\000D\000o\000c\000u\000m\000e\000n\000t\000e\000r\000\040\000l\000e\000s\000\040\000r\000e\000g\000r\000o\000u\000p\000e\000m\000e\000n\000t\000s}{subsection.6.3}% 98
\BOOKMARK [2][-]{subsection.6.4}{\376\377\000P\000h\000a\000s\000e\000\040\0003\000\040\000:\000\040\000\311\000v\000a\000l\000u\000a\000t\000i\000o\000n\000\040\000e\000t\000\040\000a\000j\000u\000s\000t\000e\000m\000e\000n\000t\000s}{section.6}% 99
\BOOKMARK [3][-]{subsubsection.6.4.1}{\376\377\000\311\000t\000a\000p\000e\000\040\0003\000.\0001\000\040\000:\000\040\000C\000a\000l\000c\000u\000l\000e\000r\000\040\000l\000'\000e\000f\000f\000i\000c\000a\000c\000i\000t\000\351\000\040\000d\000'\000\351\000q\000u\000i\000l\000i\000b\000r\000a\000g\000e}{subsection.6.4}% 100
\BOOKMARK [3][-]{subsubsection.6.4.2}{\376\377\000\311\000t\000a\000p\000e\000\040\0003\000.\0002\000\040\000:\000\040\000I\000d\000e\000n\000t\000i\000f\000i\000e\000r\000\040\000l\000e\000s\000\040\000\351\000c\000a\000r\000t\000s\000\040\000e\000t\000\040\000l\000e\000s\000\040\000g\000o\000u\000l\000o\000t\000s}{subsection.6.4}% 101
\BOOKMARK [3][-]{subsubsection.6.4.3}{\376\377\000\311\000t\000a\000p\000e\000\040\0003\000.\0003\000\040\000:\000\040\000A\000j\000u\000s\000t\000e\000r\000\040\000l\000a\000\040\000r\000\351\000p\000a\000r\000t\000i\000t\000i\000o\000n}{subsection.6.4}% 102
\BOOKMARK [2][-]{subsection.6.5}{\376\377\000P\000h\000a\000s\000e\000\040\0004\000\040\000:\000\040\000I\000m\000p\000l\000\351\000m\000e\000n\000t\000a\000t\000i\000o\000n\000\040\000e\000t\000\040\000s\000u\000i\000v\000i}{section.6}% 103
\BOOKMARK [3][-]{subsubsection.6.5.1}{\376\377\000\311\000t\000a\000p\000e\000\040\0004\000.\0001\000\040\000:\000\040\000F\000o\000r\000m\000e\000r\000\040\000l\000e\000s\000\040\000o\000p\000\351\000r\000a\000t\000e\000u\000r\000s}{subsection.6.5}% 104
\BOOKMARK [3][-]{subsubsection.6.5.2}{\376\377\000\311\000t\000a\000p\000e\000\040\0004\000.\0002\000\040\000:\000\040\000M\000e\000t\000t\000r\000e\000\040\000e\000n\000\040\000p\000l\000a\000c\000e\000\040\000l\000e\000s\000\040\000s\000t\000a\000n\000d\000a\000r\000d\000s}{subsection.6.5}% 105
\BOOKMARK [3][-]{subsubsection.6.5.3}{\376\377\000\311\000t\000a\000p\000e\000\040\0004\000.\0003\000\040\000:\000\040\000S\000u\000i\000v\000r\000e\000\040\000l\000e\000s\000\040\000i\000n\000d\000i\000c\000a\000t\000e\000u\000r\000s\000\040\000d\000e\000\040\000p\000e\000r\000f\000o\000r\000m\000a\000n\000c\000e}{subsection.6.5}% 106
\BOOKMARK [3][-]{subsubsection.6.5.4}{\376\377\000\311\000t\000a\000p\000e\000\040\0004\000.\0004\000\040\000:\000\040\000A\000n\000i\000m\000e\000r\000\040\000l\000e\000s\000\040\000r\000o\000u\000t\000i\000n\000e\000s\000\040\000d\000e\000\040\000t\000e\000r\000r\000a\000i\000n}{subsection.6.5}% 107
\BOOKMARK [2][-]{subsection.6.6}{\376\377\000C\000h\000e\000c\000k\000-\000l\000i\000s\000t\000\040\000c\000o\000m\000p\000l\000\350\000t\000e\000\040\000d\000e\000\040\000l\000a\000\040\000m\000\351\000t\000h\000o\000d\000o\000l\000o\000g\000i\000e}{section.6}% 108
\BOOKMARK [2][-]{subsection.6.7}{\376\377\000\311\000t\000u\000d\000e\000\040\000d\000e\000\040\000c\000a\000s\000\040\000:\000\040\000A\000p\000p\000l\000i\000c\000a\000t\000i\000o\000n\000\040\000c\000o\000m\000p\000l\000\350\000t\000e\000\040\000d\000e\000\040\000l\000a\000\040\000m\000\351\000t\000h\000o\000d\000o\000l\000o\000g\000i\000e}{section.6}% 109
\BOOKMARK [3][-]{subsubsection.6.7.1}{\376\377\000P\000h\000a\000s\000e\000\040\0001\000\040\000-\000\040\000A\000n\000a\000l\000y\000s\000e}{subsection.6.7}% 110
\BOOKMARK [3][-]{subsubsection.6.7.2}{\376\377\000P\000h\000a\000s\000e\000\040\0002\000\040\000-\000\040\000R\000e\000g\000r\000o\000u\000p\000e\000m\000e\000n\000t}{subsection.6.7}% 111
\BOOKMARK [3][-]{subsubsection.6.7.3}{\376\377\000P\000h\000a\000s\000e\000\040\0003\000\040\000-\000\040\000\311\000v\000a\000l\000u\000a\000t\000i\000o\000n}{subsection.6.7}% 112
\BOOKMARK [3][-]{subsubsection.6.7.4}{\376\377\000P\000h\000a\000s\000e\000\040\0004\000\040\000-\000\040\000I\000m\000p\000l\000\351\000m\000e\000n\000t\000a\000t\000i\000o\000n}{subsection.6.7}% 113
\BOOKMARK [1][-]{section.7}{\376\377\000O\000u\000t\000i\000l\000s\000\040\000d\000e\000\040\000s\000u\000i\000v\000i\000\040\000e\000t\000\040\000j\000u\000s\000t\000i\000f\000i\000c\000a\000t\000i\000o\000n\000\040\000c\000o\000n\000t\000i\000n\000u\000e}{}% 114
\BOOKMARK [2][-]{subsection.7.1}{\376\377\000L\000e\000\040\000d\000i\000a\000g\000r\000a\000m\000m\000e\000\040\000d\000'\000\351\000q\000u\000i\000l\000i\000b\000r\000a\000g\000e\000\040\000\050\000B\000a\000l\000a\000n\000c\000e\000\040\000C\000h\000a\000r\000t\000\051}{section.7}% 115
\BOOKMARK [3][-]{subsubsection.7.1.1}{\376\377\000C\000o\000n\000s\000t\000r\000u\000c\000t\000i\000o\000n\000\040\000d\000u\000\040\000d\000i\000a\000g\000r\000a\000m\000m\000e\000\040\000d\000'\000\351\000q\000u\000i\000l\000i\000b\000r\000a\000g\000e}{subsection.7.1}% 116
\BOOKMARK [3][-]{subsubsection.7.1.2}{\376\377\000I\000n\000t\000e\000r\000p\000r\000\351\000t\000a\000t\000i\000o\000n\000\040\000d\000u\000\040\000d\000i\000a\000g\000r\000a\000m\000m\000e}{subsection.7.1}% 117
\BOOKMARK [2][-]{subsection.7.2}{\376\377\000T\000a\000b\000l\000e\000a\000u\000\040\000d\000e\000\040\000b\000o\000r\000d\000\040\000d\000e\000\040\000s\000u\000i\000v\000i\000\040\000d\000e\000s\000\040\000p\000e\000r\000f\000o\000r\000m\000a\000n\000c\000e\000s}{section.7}% 118
\BOOKMARK [3][-]{subsubsection.7.2.1}{\376\377\000I\000n\000d\000i\000c\000a\000t\000e\000u\000r\000s\000\040\000c\000l\000\351\000s\000\040\000\340\000\040\000s\000u\000i\000v\000r\000e}{subsection.7.2}% 119
\BOOKMARK [3][-]{subsubsection.7.2.2}{\376\377\000M\000o\000d\000\350\000l\000e\000\040\000d\000e\000\040\000t\000a\000b\000l\000e\000a\000u\000\040\000d\000e\000\040\000b\000o\000r\000d}{subsection.7.2}% 120
\BOOKMARK [2][-]{subsection.7.3}{\376\377\000C\000a\000l\000c\000u\000l\000\040\000d\000e\000\040\000l\000a\000\040\000c\000h\000a\000r\000g\000e\000\040\000e\000t\000\040\000d\000e\000\040\000l\000'\000e\000f\000f\000i\000c\000a\000c\000i\000t\000\351\000\040\000p\000a\000r\000\040\000p\000o\000s\000t\000e}{section.7}% 121
\BOOKMARK [3][-]{subsubsection.7.3.1}{\376\377\000E\000f\000f\000i\000c\000a\000c\000i\000t\000\351\000\040\000p\000a\000r\000\040\000p\000o\000s\000t\000e}{subsection.7.3}% 122
\BOOKMARK [3][-]{subsubsection.7.3.2}{\376\377\000C\000a\000l\000c\000u\000l\000\040\000d\000e\000\040\000l\000a\000\040\000c\000h\000a\000r\000g\000e\000\040\000g\000l\000o\000b\000a\000l\000e}{subsection.7.3}% 123
\BOOKMARK [2][-]{subsection.7.4}{\376\377\000J\000u\000s\000t\000i\000f\000i\000c\000a\000t\000i\000o\000n\000\040\000\351\000c\000o\000n\000o\000m\000i\000q\000u\000e\000\040\000d\000e\000\040\000l\000'\000\351\000q\000u\000i\000l\000i\000b\000r\000a\000g\000e}{section.7}% 124
\BOOKMARK [3][-]{subsubsection.7.4.1}{\376\377\000C\000a\000l\000c\000u\000l\000\040\000d\000e\000s\000\040\000g\000a\000i\000n\000s}{subsection.7.4}% 125
\BOOKMARK [3][-]{subsubsection.7.4.2}{\376\377\000C\000a\000l\000c\000u\000l\000\040\000d\000u\000\040\000r\000e\000t\000o\000u\000r\000\040\000s\000u\000r\000\040\000i\000n\000v\000e\000s\000t\000i\000s\000s\000e\000m\000e\000n\000t}{subsection.7.4}% 126
\BOOKMARK [2][-]{subsection.7.5}{\376\377\000O\000u\000t\000i\000l\000s\000\040\000d\000e\000\040\000v\000i\000s\000u\000a\000l\000i\000s\000a\000t\000i\000o\000n\000\040\000e\000t\000\040\000d\000e\000\040\000c\000o\000m\000m\000u\000n\000i\000c\000a\000t\000i\000o\000n}{section.7}% 127
\BOOKMARK [3][-]{subsubsection.7.5.1}{\376\377\000A\000f\000f\000i\000c\000h\000e\000\040\000d\000e\000\040\000s\000u\000i\000v\000i\000\040\000d\000'\000\351\000q\000u\000i\000l\000i\000b\000r\000a\000g\000e}{subsection.7.5}% 128
\BOOKMARK [3][-]{subsubsection.7.5.2}{\376\377\000R\000a\000p\000p\000o\000r\000t\000\040\000d\000e\000\040\000p\000e\000r\000f\000o\000r\000m\000a\000n\000c\000e\000\040\000m\000e\000n\000s\000u\000e\000l}{subsection.7.5}% 129
\BOOKMARK [2][-]{subsection.7.6}{\376\377\000R\000o\000u\000t\000i\000n\000e\000s\000\040\000d\000'\000a\000m\000\351\000l\000i\000o\000r\000a\000t\000i\000o\000n\000\040\000c\000o\000n\000t\000i\000n\000u\000e}{section.7}% 130
\BOOKMARK [3][-]{subsubsection.7.6.1}{\376\377\000R\000e\000v\000u\000e\000\040\000q\000u\000o\000t\000i\000d\000i\000e\000n\000n\000e\000\040\000\050\0005\000-\0001\0000\000\040\000m\000i\000n\000u\000t\000e\000s\000\051}{subsection.7.6}% 131
\BOOKMARK [3][-]{subsubsection.7.6.2}{\376\377\000R\000e\000v\000u\000e\000\040\000h\000e\000b\000d\000o\000m\000a\000d\000a\000i\000r\000e\000\040\000\050\0003\0000\000-\0006\0000\000\040\000m\000i\000n\000u\000t\000e\000s\000\051}{subsection.7.6}% 132
\BOOKMARK [3][-]{subsubsection.7.6.3}{\376\377\000R\000e\000v\000u\000e\000\040\000m\000e\000n\000s\000u\000e\000l\000l\000e\000\040\000\050\0002\000\040\000h\000e\000u\000r\000e\000s\000\051}{subsection.7.6}% 133
\BOOKMARK [2][-]{subsection.7.7}{\376\377\000O\000u\000t\000i\000l\000s\000\040\000n\000u\000m\000\351\000r\000i\000q\000u\000e\000s\000\040\000d\000e\000\040\000s\000u\000i\000v\000i}{section.7}% 134
\BOOKMARK [3][-]{subsubsection.7.7.1}{\376\377\000T\000a\000b\000l\000e\000a\000u\000\040\000d\000e\000\040\000b\000o\000r\000d\000\040\000E\000x\000c\000e\000l\000\040\000a\000u\000t\000o\000m\000a\000t\000i\000s\000\351}{subsection.7.7}% 135
\BOOKMARK [3][-]{subsubsection.7.7.2}{\376\377\000I\000n\000d\000i\000c\000a\000t\000e\000u\000r\000s\000\040\000a\000v\000a\000n\000c\000\351\000s\000\040\000p\000o\000u\000r\000\040\000l\000e\000\040\000s\000u\000i\000v\000i}{subsection.7.7}% 136
\BOOKMARK [2][-]{subsection.7.8}{\376\377\000J\000u\000s\000t\000i\000f\000i\000c\000a\000t\000i\000o\000n\000\040\000d\000e\000\040\000l\000a\000\040\000n\000\351\000c\000e\000s\000s\000i\000t\000\351\000\040\000d\000'\000u\000n\000\040\000r\000\351\000\351\000q\000u\000i\000l\000i\000b\000r\000a\000g\000e}{section.7}% 137
\BOOKMARK [3][-]{subsubsection.7.8.1}{\376\377\000S\000e\000u\000i\000l\000s\000\040\000d\000e\000\040\000d\000\351\000c\000l\000e\000n\000c\000h\000e\000m\000e\000n\000t\000\040\000d\000'\000u\000n\000\040\000r\000\351\000\351\000q\000u\000i\000l\000i\000b\000r\000a\000g\000e}{subsection.7.8}% 138
\BOOKMARK [2][-]{subsection.7.9}{\376\377\000\311\000t\000u\000d\000e\000\040\000d\000e\000\040\000c\000a\000s\000\040\000:\000\040\000S\000u\000i\000v\000i\000\040\000s\000u\000r\000\040\0006\000\040\000m\000o\000i\000s}{section.7}% 139
\BOOKMARK [1][-]{section.8}{\376\377\000L\000'\000\351\000q\000u\000i\000l\000i\000b\000r\000a\000g\000e\000\040\000d\000a\000n\000s\000\040\000l\000e\000\040\000c\000o\000n\000t\000e\000x\000t\000e\000\040\000L\000e\000a\000n\000\040\000M\000a\000n\000u\000f\000a\000c\000t\000u\000r\000i\000n\000g}{}% 140
\BOOKMARK [2][-]{subsection.8.1}{\376\377\000L\000e\000s\000\040\000p\000r\000i\000n\000c\000i\000p\000e\000s\000\040\000L\000e\000a\000n\000\040\000a\000p\000p\000l\000i\000q\000u\000\351\000s\000\040\000\340\000\040\000l\000'\000\351\000q\000u\000i\000l\000i\000b\000r\000a\000g\000e}{section.8}% 141
\BOOKMARK [3][-]{subsubsection.8.1.1}{\376\377\000L\000e\000\040\000J\000u\000s\000t\000e\000-\000\340\000-\000T\000e\000m\000p\000s\000\040\000\050\000J\000I\000T\000\051}{subsection.8.1}% 142
\BOOKMARK [3][-]{subsubsection.8.1.2}{\376\377\000L\000e\000\040\000K\000a\000i\000z\000e\000n\000\040\000\050\000A\000m\000\351\000l\000i\000o\000r\000a\000t\000i\000o\000n\000\040\000C\000o\000n\000t\000i\000n\000u\000e\000\051}{subsection.8.1}% 143
\BOOKMARK [3][-]{subsubsection.8.1.3}{\376\377\000L\000e\000\040\000J\000i\000d\000o\000k\000a\000\040\000\050\000A\000u\000t\000o\000n\000o\000m\000a\000t\000i\000o\000n\000\051}{subsection.8.1}% 144
\BOOKMARK [2][-]{subsection.8.2}{\376\377\000S\000M\000E\000D\000\040\000e\000t\000\040\000r\000\351\000d\000u\000c\000t\000i\000o\000n\000\040\000d\000e\000s\000\040\000t\000e\000m\000p\000s\000\040\000d\000e\000\040\000c\000h\000a\000n\000g\000e\000m\000e\000n\000t}{section.8}% 145
\BOOKMARK [3][-]{subsubsection.8.2.1}{\376\377\000I\000m\000p\000a\000c\000t\000\040\000d\000e\000s\000\040\000t\000e\000m\000p\000s\000\040\000d\000e\000\040\000c\000h\000a\000n\000g\000e\000m\000e\000n\000t\000\040\000s\000u\000r\000\040\000l\000'\000\351\000q\000u\000i\000l\000i\000b\000r\000a\000g\000e}{subsection.8.2}% 146
\BOOKMARK [3][-]{subsubsection.8.2.2}{\376\377\000I\000n\000t\000\351\000g\000r\000a\000t\000i\000o\000n\000\040\000d\000u\000\040\000S\000M\000E\000D\000\040\000d\000a\000n\000s\000\040\000l\000a\000\040\000d\000\351\000m\000a\000r\000c\000h\000e\000\040\000d\000'\000\351\000q\000u\000i\000l\000i\000b\000r\000a\000g\000e}{subsection.8.2}% 147
\BOOKMARK [2][-]{subsection.8.3}{\376\377\000A\000u\000t\000o\000n\000o\000m\000a\000t\000i\000o\000n\000\040\000e\000t\000\040\000s\000t\000a\000n\000d\000a\000r\000d\000i\000s\000a\000t\000i\000o\000n}{section.8}% 148
\BOOKMARK [3][-]{subsubsection.8.3.1}{\376\377\000S\000t\000a\000n\000d\000a\000r\000d\000i\000s\000a\000t\000i\000o\000n\000\040\000d\000e\000s\000\040\000o\000p\000\351\000r\000a\000t\000i\000o\000n\000s}{subsection.8.3}% 149
\BOOKMARK [3][-]{subsubsection.8.3.2}{\376\377\000F\000o\000r\000m\000a\000t\000i\000o\000n\000\040\000c\000r\000o\000i\000s\000\351\000e\000\040\000e\000t\000\040\000p\000o\000l\000y\000v\000a\000l\000e\000n\000c\000e}{subsection.8.3}% 150
\BOOKMARK [2][-]{subsection.8.4}{\376\377\000\311\000q\000u\000i\000l\000i\000b\000r\000a\000g\000e\000\040\000e\000t\000\040\000g\000e\000s\000t\000i\000o\000n\000\040\000d\000e\000s\000\040\000g\000o\000u\000l\000o\000t\000s\000\040\000\050\000T\000h\000\351\000o\000r\000i\000e\000\040\000d\000e\000s\000\040\000C\000o\000n\000t\000r\000a\000i\000n\000t\000e\000s\000\051}{section.8}% 151
\BOOKMARK [3][-]{subsubsection.8.4.1}{\376\377\000L\000e\000s\000\040\0005\000\040\000\351\000t\000a\000p\000e\000s\000\040\000d\000e\000\040\000l\000a\000\040\000T\000O\000C\000\040\000a\000p\000p\000l\000i\000q\000u\000\351\000e\000s\000\040\000\340\000\040\000l\000'\000\351\000q\000u\000i\000l\000i\000b\000r\000a\000g\000e}{subsection.8.4}% 152
\BOOKMARK [3][-]{subsubsection.8.4.2}{\376\377\000S\000t\000o\000c\000k\000\040\000d\000e\000\040\000d\000\351\000c\000o\000u\000p\000l\000a\000g\000e\000\040\000e\000t\000\040\000t\000h\000\351\000o\000r\000i\000e\000\040\000d\000e\000s\000\040\000c\000o\000n\000t\000r\000a\000i\000n\000t\000e\000s}{subsection.8.4}% 153
\BOOKMARK [2][-]{subsection.8.5}{\376\377\000H\000e\000i\000j\000u\000n\000k\000a\000\040\000\050\000L\000i\000s\000s\000a\000g\000e\000\040\000d\000e\000\040\000l\000a\000\040\000p\000r\000o\000d\000u\000c\000t\000i\000o\000n\000\051}{section.8}% 154
\BOOKMARK [3][-]{subsubsection.8.5.1}{\376\377\000I\000m\000p\000a\000c\000t\000\040\000d\000e\000\040\000l\000'\000H\000e\000i\000j\000u\000n\000k\000a\000\040\000s\000u\000r\000\040\000l\000'\000\351\000q\000u\000i\000l\000i\000b\000r\000a\000g\000e}{subsection.8.5}% 155
\BOOKMARK [2][-]{subsection.8.6}{\376\377\000\311\000q\000u\000i\000l\000i\000b\000r\000a\000g\000e\000\040\000d\000y\000n\000a\000m\000i\000q\000u\000e}{section.8}% 156
\BOOKMARK [3][-]{subsubsection.8.6.1}{\376\377\000F\000a\000c\000t\000e\000u\000r\000s\000\040\000d\000'\000a\000d\000a\000p\000t\000a\000t\000i\000o\000n}{subsection.8.6}% 157
\BOOKMARK [3][-]{subsubsection.8.6.2}{\376\377\000M\000o\000d\000\350\000l\000e\000\040\000d\000'\000\351\000q\000u\000i\000l\000i\000b\000r\000a\000g\000e\000\040\000a\000d\000a\000p\000t\000a\000t\000i\000f}{subsection.8.6}% 158
\BOOKMARK [2][-]{subsection.8.7}{\376\377\000I\000n\000d\000i\000c\000a\000t\000e\000u\000r\000s\000\040\000L\000e\000a\000n\000\040\000p\000o\000u\000r\000\040\000l\000'\000\351\000q\000u\000i\000l\000i\000b\000r\000a\000g\000e}{section.8}% 159
\BOOKMARK [3][-]{subsubsection.8.7.1}{\376\377\000T\000a\000b\000l\000e\000a\000u\000\040\000d\000e\000\040\000b\000o\000r\000d\000\040\000L\000e\000a\000n\000\040\000s\000p\000\351\000c\000i\000f\000i\000q\000u\000e}{subsection.8.7}% 160
\BOOKMARK [2][-]{subsection.8.8}{\376\377\000\311\000t\000u\000d\000e\000\040\000d\000e\000\040\000c\000a\000s\000\040\000:\000\040\000T\000r\000a\000n\000s\000f\000o\000r\000m\000a\000t\000i\000o\000n\000\040\000L\000e\000a\000n\000\040\000p\000a\000r\000\040\000l\000'\000\351\000q\000u\000i\000l\000i\000b\000r\000a\000g\000e}{section.8}% 161
\BOOKMARK [3][-]{subsubsection.8.8.1}{\376\377\000S\000i\000t\000u\000a\000t\000i\000o\000n\000\040\000i\000n\000i\000t\000i\000a\000l\000e}{subsection.8.8}% 162
\BOOKMARK [3][-]{subsubsection.8.8.2}{\376\377\000D\000i\000a\000g\000n\000o\000s\000t\000i\000c\000\040\000L\000e\000a\000n}{subsection.8.8}% 163
\BOOKMARK [3][-]{subsubsection.8.8.3}{\376\377\000A\000c\000t\000i\000o\000n\000s\000\040\000m\000e\000n\000\351\000e\000s}{subsection.8.8}% 164
\BOOKMARK [3][-]{subsubsection.8.8.4}{\376\377\000R\000\351\000s\000u\000l\000t\000a\000t\000s\000\040\000a\000p\000r\000\350\000s\000\040\0006\000\040\000m\000o\000i\000s}{subsection.8.8}% 165
\BOOKMARK [2][-]{subsection.8.9}{\376\377\000S\000y\000n\000t\000h\000\350\000s\000e\000\040\000:\000\040\000L\000'\000\351\000q\000u\000i\000l\000i\000b\000r\000a\000g\000e\000\040\000a\000u\000\040\000c\001\123\000u\000r\000\040\000d\000u\000\040\000L\000e\000a\000n}{section.8}% 166
\BOOKMARK [1][-]{section.9}{\376\377\000C\000o\000n\000c\000l\000u\000s\000i\000o\000n}{}% 167
\BOOKMARK [2][-]{subsection.9.1}{\376\377\000S\000y\000n\000t\000h\000\350\000s\000e\000\040\000d\000e\000s\000\040\000c\000o\000n\000c\000e\000p\000t\000s\000\040\000c\000l\000\351\000s}{section.9}% 168
\BOOKMARK [3][-]{subsubsection.9.1.1}{\376\377\000L\000e\000s\000\040\000f\000o\000n\000d\000e\000m\000e\000n\000t\000s\000\040\000t\000h\000\351\000o\000r\000i\000q\000u\000e\000s}{subsection.9.1}% 169
\BOOKMARK [3][-]{subsubsection.9.1.2}{\376\377\000L\000a\000\040\000m\000\351\000t\000h\000o\000d\000o\000l\000o\000g\000i\000e\000\040\000e\000n\000\040\0004\000\040\000p\000h\000a\000s\000e\000s}{subsection.9.1}% 170
\BOOKMARK [2][-]{subsection.9.2}{\376\377\000L\000e\000s\000\040\000b\000\351\000n\000\351\000f\000i\000c\000e\000s\000\040\000d\000'\000u\000n\000\040\000\351\000q\000u\000i\000l\000i\000b\000r\000a\000g\000e\000\040\000r\000\351\000u\000s\000s\000i}{section.9}% 171
\BOOKMARK [3][-]{subsubsection.9.2.1}{\376\377\000B\000\351\000n\000\351\000f\000i\000c\000e\000s\000\040\000q\000u\000a\000n\000t\000i\000f\000i\000a\000b\000l\000e\000s}{subsection.9.2}% 172
\BOOKMARK [3][-]{subsubsection.9.2.2}{\376\377\000B\000\351\000n\000\351\000f\000i\000c\000e\000s\000\040\000q\000u\000a\000l\000i\000t\000a\000t\000i\000f\000s}{subsection.9.2}% 173
\BOOKMARK [2][-]{subsection.9.3}{\376\377\000L\000e\000s\000\040\000c\000o\000n\000d\000i\000t\000i\000o\000n\000s\000\040\000d\000e\000\040\000s\000u\000c\000c\000\350\000s}{section.9}% 174
\BOOKMARK [3][-]{subsubsection.9.3.1}{\376\377\000F\000a\000c\000t\000e\000u\000r\000s\000\040\000c\000r\000i\000t\000i\000q\000u\000e\000s\000\040\000d\000e\000\040\000r\000\351\000u\000s\000s\000i\000t\000e}{subsection.9.3}% 175
\BOOKMARK [3][-]{subsubsection.9.3.2}{\376\377\000L\000e\000s\000\040\000p\000i\000\350\000g\000e\000s\000\040\000\340\000\040\000\351\000v\000i\000t\000e\000r}{subsection.9.3}% 176
\BOOKMARK [2][-]{subsection.9.4}{\376\377\000L\000'\000\351\000q\000u\000i\000l\000i\000b\000r\000a\000g\000e\000\040\000d\000a\000n\000s\000\040\000l\000'\000i\000n\000d\000u\000s\000t\000r\000i\000e\000\040\0004\000.\0000}{section.9}% 177
\BOOKMARK [3][-]{subsubsection.9.4.1}{\376\377\000N\000o\000u\000v\000e\000l\000l\000e\000s\000\040\000o\000p\000p\000o\000r\000t\000u\000n\000i\000t\000\351\000s\000\040\000t\000e\000c\000h\000n\000o\000l\000o\000g\000i\000q\000u\000e\000s}{subsection.9.4}% 178
\BOOKMARK [3][-]{subsubsection.9.4.2}{\376\377\000\311\000q\000u\000i\000l\000i\000b\000r\000a\000g\000e\000\040\000p\000r\000\351\000d\000i\000c\000t\000i\000f}{subsection.9.4}% 179
\BOOKMARK [2][-]{subsection.9.5}{\376\377\000L\000'\000\351\000q\000u\000i\000l\000i\000b\000r\000a\000g\000e\000\040\000c\000o\000m\000m\000e\000\040\000c\000u\000l\000t\000u\000r\000e\000\040\000d\000'\000e\000n\000t\000r\000e\000p\000r\000i\000s\000e}{section.9}% 180
\BOOKMARK [3][-]{subsubsection.9.5.1}{\376\377\000D\000e\000\040\000l\000'\000o\000u\000t\000i\000l\000\040\000\340\000\040\000l\000a\000\040\000p\000h\000i\000l\000o\000s\000o\000p\000h\000i\000e}{subsection.9.5}% 181
\BOOKMARK [3][-]{subsubsection.9.5.2}{\376\377\000L\000e\000s\000\040\000p\000r\000i\000n\000c\000i\000p\000e\000s\000\040\000d\000'\000u\000n\000e\000\040\000c\000u\000l\000t\000u\000r\000e\000\040\000d\000'\000\351\000q\000u\000i\000l\000i\000b\000r\000a\000g\000e}{subsection.9.5}% 182
\BOOKMARK [2][-]{subsection.9.6}{\376\377\000F\000e\000u\000i\000l\000l\000e\000\040\000d\000e\000\040\000r\000o\000u\000t\000e\000\040\000p\000o\000u\000r\000\040\000l\000'\000e\000n\000t\000r\000e\000p\000r\000i\000s\000e}{section.9}% 183
\BOOKMARK [3][-]{subsubsection.9.6.1}{\376\377\000P\000l\000a\000n\000\040\000d\000'\000a\000c\000t\000i\000o\000n\000\040\000t\000y\000p\000e}{subsection.9.6}% 184
\BOOKMARK [2][-]{subsection.9.7}{\376\377\000M\000e\000s\000s\000a\000g\000e\000\040\000f\000i\000n\000a\000l}{section.9}% 185
\BOOKMARK [2][-]{subsection.9.8}{\376\377\000A\000n\000n\000e\000x\000e\000s}{section.9}% 186
\BOOKMARK [3][-]{subsubsection.9.8.1}{\376\377\000G\000l\000o\000s\000s\000a\000i\000r\000e\000\040\000d\000e\000s\000\040\000t\000e\000r\000m\000e\000s\000\040\000c\000l\000\351\000s}{subsection.9.8}% 187
\BOOKMARK [3][-]{subsubsection.9.8.2}{\376\377\000F\000o\000r\000m\000u\000l\000a\000i\000r\000e\000s\000\040\000e\000t\000\040\000t\000e\000m\000p\000l\000a\000t\000e\000s}{subsection.9.8}% 188
\BOOKMARK [3][-]{subsubsection.9.8.3}{\376\377\000R\000\351\000f\000\351\000r\000e\000n\000c\000e\000s\000\040\000b\000i\000b\000l\000i\000o\000g\000r\000a\000p\000h\000i\000q\000u\000e\000s}{subsection.9.8}% 189
\BOOKMARK [3][-]{subsubsection.9.8.4}{\376\377\000T\000a\000b\000l\000e\000a\000u\000\040\000r\000\351\000c\000a\000p\000i\000t\000u\000l\000a\000t\000i\000f\000\040\000d\000e\000s\000\040\000m\000\351\000t\000h\000o\000d\000e\000s}{subsection.9.8}% 190
\BOOKMARK [3][-]{subsubsection.9.8.5}{\376\377\000I\000n\000d\000i\000c\000a\000t\000e\000u\000r\000s\000\040\000d\000e\000\040\000p\000e\000r\000f\000o\000r\000m\000a\000n\000c\000e\000\040\000c\000l\000\351\000s\000\040\000\050\000K\000P\000I\000\051}{subsection.9.8}% 191
\BOOKMARK [2][-]{subsection.9.9}{\376\377\000C\000o\000n\000c\000l\000u\000s\000i\000o\000n\000\040\000f\000i\000n\000a\000l\000e}{section.9}% 192
\BOOKMARK [1][-]{section.10}{\376\377\000A\000p\000p\000r\000o\000f\000o\000n\000d\000i\000s\000s\000e\000m\000e\000n\000t\000s\000\040\000m\000\351\000t\000h\000o\000d\000o\000l\000o\000g\000i\000q\000u\000e\000s}{}% 193
\BOOKMARK [2][-]{subsection.10.1}{\376\377\000\311\000q\000u\000i\000l\000i\000b\000r\000a\000g\000e\000\040\000m\000u\000l\000t\000i\000-\000m\000o\000d\000\350\000l\000e\000s}{section.10}% 194
\BOOKMARK [2][-]{subsection.10.2}{\376\377\000\311\000q\000u\000i\000l\000i\000b\000r\000a\000g\000e\000\040\000a\000v\000e\000c\000\040\000t\000e\000m\000p\000s\000\040\000d\000e\000\040\000c\000h\000a\000n\000g\000e\000m\000e\000n\000t\000\040\000v\000a\000r\000i\000a\000b\000l\000e\000s}{section.10}% 195
\BOOKMARK [2][-]{subsection.10.3}{\376\377\000\311\000q\000u\000i\000l\000i\000b\000r\000a\000g\000e\000\040\000s\000t\000o\000c\000h\000a\000s\000t\000i\000q\000u\000e}{section.10}% 196
\BOOKMARK [2][-]{subsection.10.4}{\376\377\000\311\000q\000u\000i\000l\000i\000b\000r\000a\000g\000e\000\040\000\340\000\040\000c\000a\000p\000a\000c\000i\000t\000\351\000\040\000f\000i\000n\000i\000e}{section.10}% 197
\BOOKMARK [1][-]{section.11}{\376\377\000O\000u\000t\000i\000l\000s\000\040\000n\000u\000m\000\351\000r\000i\000q\000u\000e\000s\000\040\000e\000t\000\040\000i\000n\000d\000u\000s\000t\000r\000i\000e\000\040\0004\000.\0000}{}% 198
\BOOKMARK [2][-]{subsection.11.1}{\376\377\000M\000e\000s\000u\000r\000e\000\040\000a\000u\000t\000o\000m\000a\000t\000i\000q\000u\000e\000\040\000d\000e\000s\000\040\000t\000e\000m\000p\000s\000\040\000d\000e\000\040\000c\000y\000c\000l\000e}{section.11}% 199
\BOOKMARK [2][-]{subsection.11.2}{\376\377\000J\000u\000m\000e\000a\000u\000\040\000n\000u\000m\000\351\000r\000i\000q\000u\000e\000\040\000\050\000D\000i\000g\000i\000t\000a\000l\000\040\000T\000w\000i\000n\000\051}{section.11}% 200
\BOOKMARK [2][-]{subsection.11.3}{\376\377\000A\000l\000g\000o\000r\000i\000t\000h\000m\000e\000s\000\040\000d\040\031\000o\000p\000t\000i\000m\000i\000s\000a\000t\000i\000o\000n\000\040\000a\000v\000a\000n\000c\000\351\000s}{section.11}% 201
\BOOKMARK [2][-]{subsection.11.4}{\376\377\000I\000n\000t\000\351\000g\000r\000a\000t\000i\000o\000n\000\040\000a\000v\000e\000c\000\040\000E\000R\000P\000\040\000e\000t\000\040\000M\000E\000S}{section.11}% 202
\BOOKMARK [1][-]{section.12}{\376\377\000D\000i\000m\000e\000n\000s\000i\000o\000n\000s\000\040\000h\000u\000m\000a\000i\000n\000e\000s\000\040\000e\000t\000\040\000o\000r\000g\000a\000n\000i\000s\000a\000t\000i\000o\000n\000n\000e\000l\000l\000e\000s}{}% 203
\BOOKMARK [2][-]{subsection.12.1}{\376\377\000C\000o\000n\000d\000u\000i\000t\000e\000\040\000d\000u\000\040\000c\000h\000a\000n\000g\000e\000m\000e\000n\000t\000\040\000a\000p\000p\000l\000i\000q\000u\000\351\000e\000\040\000\340\000\040\000l\040\031\000\351\000q\000u\000i\000l\000i\000b\000r\000a\000g\000e}{section.12}% 204
\BOOKMARK [2][-]{subsection.12.2}{\376\377\000P\000o\000l\000y\000v\000a\000l\000e\000n\000c\000e\000\040\000e\000t\000\040\000f\000o\000r\000m\000a\000t\000i\000o\000n}{section.12}% 205
\BOOKMARK [2][-]{subsection.12.3}{\376\377\000E\000r\000g\000o\000n\000o\000m\000i\000e\000\040\000e\000t\000\040\000c\000h\000a\000r\000g\000e\000\040\000d\000e\000\040\000t\000r\000a\000v\000a\000i\000l}{section.12}% 206
\BOOKMARK [2][-]{subsection.12.4}{\376\377\000M\000a\000n\000a\000g\000e\000m\000e\000n\000t\000\040\000v\000i\000s\000u\000e\000l\000\040\000e\000t\000\040\000r\000o\000u\000t\000i\000n\000e\000s}{section.12}% 207
\BOOKMARK [1][-]{section.13}{\376\377\000M\000o\000d\000\351\000l\000i\000s\000a\000t\000i\000o\000n\000\040\000\351\000c\000o\000n\000o\000m\000i\000q\000u\000e\000\040\000e\000t\000\040\000r\000e\000t\000o\000u\000r\000\040\000s\000u\000r\000\040\000i\000n\000v\000e\000s\000t\000i\000s\000s\000e\000m\000e\000n\000t}{}% 208
\BOOKMARK [2][-]{subsection.13.1}{\376\377\000C\000a\000l\000c\000u\000l\000\040\000d\000\351\000t\000a\000i\000l\000l\000\351\000\040\000d\000e\000s\000\040\000c\000o\000\373\000t\000s\000\040\000d\000u\000\040\000d\000\351\000s\000\351\000q\000u\000i\000l\000i\000b\000r\000e}{section.13}% 209
\BOOKMARK [2][-]{subsection.13.2}{\376\377\000\311\000v\000a\000l\000u\000a\000t\000i\000o\000n\000\040\000d\000e\000s\000\040\000g\000a\000i\000n\000s\000\040\000d\040\031\000u\000n\000\040\000r\000\351\000\351\000q\000u\000i\000l\000i\000b\000r\000a\000g\000e}{section.13}% 210
\BOOKMARK [2][-]{subsection.13.3}{\376\377\000M\000o\000d\000\350\000l\000e\000\040\000f\000i\000n\000a\000n\000c\000i\000e\000r\000\040\000c\000o\000m\000p\000l\000e\000t}{section.13}% 211
\BOOKMARK [1][-]{section.14}{\376\377\000C\000a\000s\000\040\000d\040\031\000a\000p\000p\000l\000i\000c\000a\000t\000i\000o\000n\000\040\000p\000a\000r\000\040\000s\000e\000c\000t\000e\000u\000r}{}% 212
\BOOKMARK [2][-]{subsection.14.1}{\376\377\000I\000n\000d\000u\000s\000t\000r\000i\000e\000\040\000a\000u\000t\000o\000m\000o\000b\000i\000l\000e}{section.14}% 213
\BOOKMARK [2][-]{subsection.14.2}{\376\377\000\311\000l\000e\000c\000t\000r\000o\000n\000i\000q\000u\000e\000\040\000e\000t\000\040\000h\000i\000g\000h\000-\000m\000i\000x\000\040\000l\000o\000w\000-\000v\000o\000l\000u\000m\000e}{section.14}% 214
\BOOKMARK [2][-]{subsection.14.3}{\376\377\000A\000g\000r\000o\000a\000l\000i\000m\000e\000n\000t\000a\000i\000r\000e\000\040\000e\000t\000\040\000p\000r\000o\000c\000e\000s\000s\000\040\000c\000o\000n\000t\000i\000n\000u}{section.14}% 215
\BOOKMARK [2][-]{subsection.14.4}{\376\377\000L\000o\000g\000i\000s\000t\000i\000q\000u\000e\000\040\000e\000t\000\040\000p\000r\000\351\000p\000a\000r\000a\000t\000i\000o\000n\000\040\000d\000e\000\040\000c\000o\000m\000m\000a\000n\000d\000e\000s}{section.14}% 216
\BOOKMARK [1][-]{section.15}{\376\377\000I\000n\000t\000\351\000g\000r\000a\000t\000i\000o\000n\000\040\000a\000v\000e\000c\000\040\000l\000e\000s\000\040\000n\000o\000r\000m\000e\000s\000\040\000e\000t\000\040\000r\000\351\000f\000\351\000r\000e\000n\000t\000i\000e\000l\000s}{}% 217
\BOOKMARK [2][-]{subsection.15.1}{\376\377\000N\000o\000r\000m\000e\000s\000\040\000I\000S\000O\000\040\000\050\0009\0000\0000\0001\000,\000\040\0005\0000\0000\0000\0001\000,\000\040\0004\0005\0000\0000\0001\000\051}{section.15}% 218
\BOOKMARK [2][-]{subsection.15.2}{\376\377\000R\000\351\000f\000\351\000r\000e\000n\000t\000i\000e\000l\000s\000\040\000L\000e\000a\000n\000\040\000e\000t\000\040\000W\000o\000r\000l\000d\000\040\000C\000l\000a\000s\000s\000\040\000M\000a\000n\000u\000f\000a\000c\000t\000u\000r\000i\000n\000g\000\040\000\050\000W\000C\000M\000\051}{section.15}% 219
\BOOKMARK [2][-]{subsection.15.3}{\376\377\000C\000e\000r\000t\000i\000f\000i\000c\000a\000t\000i\000o\000n\000\040\000d\000e\000s\000\040\000c\000o\000m\000p\000\351\000t\000e\000n\000c\000e\000s}{section.15}% 220
\BOOKMARK [1][-]{section.16}{\376\377\000\311\000q\000u\000i\000l\000i\000b\000r\000a\000g\000e\000\040\000e\000t\000\040\000d\000\351\000v\000e\000l\000o\000p\000p\000e\000m\000e\000n\000t\000\040\000d\000u\000r\000a\000b\000l\000e}{}% 221
\BOOKMARK [2][-]{subsection.16.1}{\376\377\000E\000f\000f\000i\000c\000a\000c\000i\000t\000\351\000\040\000\351\000n\000e\000r\000g\000\351\000t\000i\000q\000u\000e}{section.16}% 222
\BOOKMARK [2][-]{subsection.16.2}{\376\377\000R\000\351\000d\000u\000c\000t\000i\000o\000n\000\040\000d\000e\000s\000\040\000d\000\351\000c\000h\000e\000t\000s}{section.16}% 223
\BOOKMARK [2][-]{subsection.16.3}{\376\377\000\311\000c\000o\000n\000o\000m\000i\000e\000\040\000c\000i\000r\000c\000u\000l\000a\000i\000r\000e}{section.16}% 224
\BOOKMARK [1][-]{section.17}{\376\377\000F\000e\000u\000i\000l\000l\000e\000\040\000d\000e\000\040\000r\000o\000u\000t\000e\000\040\000d\000e\000\040\000d\000\351\000p\000l\000o\000i\000e\000m\000e\000n\000t\000\040\000e\000t\000\040\000p\000i\000l\000o\000t\000a\000g\000e\000\040\000p\000r\000o\000j\000e\000t}{}% 225
\BOOKMARK [2][-]{subsection.17.1}{\376\377\000C\000r\000\351\000a\000t\000i\000o\000n\000\040\000d\040\031\000u\000n\000e\000\040\000\351\000q\000u\000i\000p\000e\000\040\000p\000r\000o\000j\000e\000t}{section.17}% 226
\BOOKMARK [2][-]{subsection.17.2}{\376\377\000C\000a\000l\000e\000n\000d\000r\000i\000e\000r\000\040\000t\000y\000p\000e}{section.17}% 227
\BOOKMARK [2][-]{subsection.17.3}{\376\377\000I\000n\000d\000i\000c\000a\000t\000e\000u\000r\000s\000\040\000d\000e\000\040\000p\000i\000l\000o\000t\000a\000g\000e\000\040\000p\000r\000o\000j\000e\000t}{section.17}% 228
\BOOKMARK [2][-]{subsection.17.4}{\376\377\000C\000a\000p\000i\000t\000a\000l\000i\000s\000a\000t\000i\000o\000n\000\040\000e\000t\000\040\000e\000s\000s\000a\000i\000m\000a\000g\000e}{section.17}% 229
\BOOKMARK [1][-]{section.18}{\376\377\000A\000n\000n\000e\000x\000e\000s\000\040\000p\000r\000a\000t\000i\000q\000u\000e\000s}{}% 230
\BOOKMARK [2][-]{subsection.18.1}{\376\377\000B\000i\000b\000l\000i\000o\000g\000r\000a\000p\000h\000i\000e\000\040\000e\000n\000r\000i\000c\000h\000i\000e}{section.18}% 231
\BOOKMARK [2][-]{subsection.18.2}{\376\377\000T\000e\000m\000p\000l\000a\000t\000e\000s\000\040\000t\000\351\000l\000\351\000c\000h\000a\000r\000g\000e\000a\000b\000l\000e\000s}{section.18}% 232
\BOOKMARK [2][-]{subsection.18.3}{\376\377\000Q\000C\000M\000\040\000e\000t\000\040\000\351\000v\000a\000l\000u\000a\000t\000i\000o\000n\000s}{section.18}% 233
\BOOKMARK [1][-]{section.19}{\376\377\000E\000x\000e\000r\000c\000i\000c\000e\000s\000\040\000p\000r\000a\000t\000i\000q\000u\000e\000s\000\040\000e\000t\000\040\000c\000o\000r\000r\000i\000g\000\351\000s}{}% 234
\BOOKMARK [2][-]{subsection.19.1}{\376\377\000E\000x\000e\000r\000c\000i\000c\000e\000\040\0001\000\040\000:\000\040\000C\000a\000l\000c\000u\000l\000\040\000d\000u\000\040\000T\000a\000k\000t\000\040\000T\000i\000m\000e\000\040\000e\000t\000\040\000d\000i\000a\000g\000n\000o\000s\000t\000i\000c\000\040\000p\000r\000\351\000l\000i\000m\000i\000n\000a\000i\000r\000e}{section.19}% 235
\BOOKMARK [3][-]{subsubsection.19.1.1}{\376\377\000\311\000n\000o\000n\000c\000\351}{subsection.19.1}% 236
\BOOKMARK [3][-]{subsubsection.19.1.2}{\376\377\000C\000o\000r\000r\000i\000g\000\351}{subsection.19.1}% 237
\BOOKMARK [2][-]{subsection.19.2}{\376\377\000E\000x\000e\000r\000c\000i\000c\000e\000\040\0002\000\040\000:\000\040\000C\000o\000n\000s\000t\000r\000u\000c\000t\000i\000o\000n\000\040\000d\000u\000\040\000d\000i\000a\000g\000r\000a\000m\000m\000e\000\040\000d\040\031\000a\000n\000t\000\351\000r\000i\000o\000r\000i\000t\000\351}{section.19}% 238
\BOOKMARK [3][-]{subsubsection.19.2.1}{\376\377\000\311\000n\000o\000n\000c\000\351}{subsection.19.2}% 239
\BOOKMARK [3][-]{subsubsection.19.2.2}{\376\377\000C\000o\000r\000r\000i\000g\000\351}{subsection.19.2}% 240
\BOOKMARK [2][-]{subsection.19.3}{\376\377\000E\000x\000e\000r\000c\000i\000c\000e\000\040\0003\000\040\000:\000\040\000\311\000q\000u\000i\000l\000i\000b\000r\000a\000g\000e\000\040\000m\000u\000l\000t\000i\000-\000m\000o\000d\000\350\000l\000e\000s}{section.19}% 241
\BOOKMARK [3][-]{subsubsection.19.3.1}{\376\377\000\311\000n\000o\000n\000c\000\351}{subsection.19.3}% 242
\BOOKMARK [3][-]{subsubsection.19.3.2}{\376\377\000C\000o\000r\000r\000i\000g\000\351}{subsection.19.3}% 243
\BOOKMARK [2][-]{subsection.19.4}{\376\377\000E\000x\000e\000r\000c\000i\000c\000e\000\040\0004\000\040\000:\000\040\000C\000a\000l\000c\000u\000l\000\040\000d\000u\000\040\000r\000e\000t\000o\000u\000r\000\040\000s\000u\000r\000\040\000i\000n\000v\000e\000s\000t\000i\000s\000s\000e\000m\000e\000n\000t}{section.19}% 244
\BOOKMARK [3][-]{subsubsection.19.4.1}{\376\377\000\311\000n\000o\000n\000c\000\351}{subsection.19.4}% 245
\BOOKMARK [3][-]{subsubsection.19.4.2}{\376\377\000C\000o\000r\000r\000i\000g\000\351}{subsection.19.4}% 246
\BOOKMARK [1][-]{section.20}{\376\377\000J\000e\000u\000x\000\040\000p\000\351\000d\000a\000g\000o\000g\000i\000q\000u\000e\000s\000\040\000e\000t\000\040\000s\000i\000m\000u\000l\000a\000t\000i\000o\000n\000s}{}% 247
\BOOKMARK [2][-]{subsection.20.1}{\376\377\000J\000e\000u\000\040\000d\000e\000\040\000r\000\364\000l\000e\000\040\000:\000\040\000\311\000q\000u\000i\000l\000i\000b\000r\000a\000g\000e\000\040\000s\000u\000r\000\040\000l\000i\000g\000n\000e\000\040\000L\000E\000G\000O\000\256}{section.20}% 248
\BOOKMARK [3][-]{subsubsection.20.1.1}{\376\377\000O\000b\000j\000e\000c\000t\000i\000f}{subsection.20.1}% 249
\BOOKMARK [3][-]{subsubsection.20.1.2}{\376\377\000M\000a\000t\000\351\000r\000i\000e\000l\000\040\000n\000\351\000c\000e\000s\000s\000a\000i\000r\000e}{subsection.20.1}% 250
\BOOKMARK [3][-]{subsubsection.20.1.3}{\376\377\000D\000\351\000r\000o\000u\000l\000e\000m\000e\000n\000t}{subsection.20.1}% 251
\BOOKMARK [3][-]{subsubsection.20.1.4}{\376\377\000G\000r\000i\000l\000l\000e\000\040\000d\040\031\000\351\000v\000a\000l\000u\000a\000t\000i\000o\000n}{subsection.20.1}% 252
\BOOKMARK [2][-]{subsection.20.2}{\376\377\000S\000i\000m\000u\000l\000a\000t\000i\000o\000n\000\040\000E\000x\000c\000e\000l\000\040\000i\000n\000t\000e\000r\000a\000c\000t\000i\000v\000e}{section.20}% 253
\BOOKMARK [2][-]{subsection.20.3}{\376\377\000J\000e\000u\000\040\000d\000e\000\040\000c\000a\000r\000t\000e\000s\000\040\000\253\000\040\000B\000a\000l\000a\000n\000c\000e\000\040\000C\000h\000a\000l\000l\000e\000n\000g\000e\000\040\000\273}{section.20}% 254
\BOOKMARK [3][-]{subsubsection.20.3.1}{\376\377\000R\000\350\000g\000l\000e\000s}{subsection.20.3}% 255
\BOOKMARK [1][-]{section.21}{\376\377\000G\000l\000o\000s\000s\000a\000i\000r\000e\000\040\000i\000l\000l\000u\000s\000t\000r\000\351\000\040\000e\000t\000\040\000f\000i\000c\000h\000e\000s\000\040\000m\000\351\000m\000o}{}% 256
\BOOKMARK [2][-]{subsection.21.1}{\376\377\000C\000a\000r\000t\000e\000s\000\040\000m\000e\000n\000t\000a\000l\000e\000s}{section.21}% 257
\BOOKMARK [3][-]{subsubsection.21.1.1}{\376\377\000L\000e\000s\000\040\0003\000\040\000t\000e\000m\000p\000s\000\040\000f\000o\000n\000d\000a\000m\000e\000n\000t\000a\000u\000x}{subsection.21.1}% 258
\BOOKMARK [3][-]{subsubsection.21.1.2}{\376\377\000L\000e\000s\000\040\0004\000\040\000m\000\351\000t\000h\000o\000d\000e\000s\000\040\000d\040\031\000\351\000q\000u\000i\000l\000i\000b\000r\000a\000g\000e}{subsection.21.1}% 259
\BOOKMARK [2][-]{subsection.21.2}{\376\377\000A\000i\000d\000e\000-\000m\000\351\000m\000o\000i\000r\000e\000\040\000d\000e\000s\000\040\000f\000o\000r\000m\000u\000l\000e\000s\000\040\000c\000l\000\351\000s}{section.21}% 260
\BOOKMARK [2][-]{subsection.21.3}{\376\377\000F\000i\000c\000h\000e\000s\000\040\000s\000y\000n\000t\000h\000\351\000t\000i\000q\000u\000e\000s\000\040\000p\000a\000r\000\040\000p\000h\000a\000s\000e}{section.21}% 261
\BOOKMARK [1][-]{section.22}{\376\377\000E\000x\000e\000r\000c\000i\000c\000e\000s\000\040\000p\000r\000a\000t\000i\000q\000u\000e\000s\000\040\000e\000t\000\040\000c\000o\000r\000r\000i\000g\000\351\000s}{}% 262
\BOOKMARK [2][-]{subsection.22.1}{\376\377\000E\000x\000e\000r\000c\000i\000c\000e\000\040\0001\000\040\000:\000\040\000C\000a\000l\000c\000u\000l\000\040\000d\000u\000\040\000T\000a\000k\000t\000\040\000T\000i\000m\000e\000\040\000e\000t\000\040\000d\000i\000a\000g\000n\000o\000s\000t\000i\000c\000\040\000p\000r\000\351\000l\000i\000m\000i\000n\000a\000i\000r\000e}{section.22}% 263
\BOOKMARK [3][-]{subsubsection.22.1.1}{\376\377\000\311\000n\000o\000n\000c\000\351}{subsection.22.1}% 264
\BOOKMARK [3][-]{subsubsection.22.1.2}{\376\377\000C\000o\000r\000r\000i\000g\000\351}{subsection.22.1}% 265
\BOOKMARK [2][-]{subsection.22.2}{\376\377\000E\000x\000e\000r\000c\000i\000c\000e\000\040\0002\000\040\000:\000\040\000C\000o\000n\000s\000t\000r\000u\000c\000t\000i\000o\000n\000\040\000d\000u\000\040\000d\000i\000a\000g\000r\000a\000m\000m\000e\000\040\000d\040\031\000a\000n\000t\000\351\000r\000i\000o\000r\000i\000t\000\351}{section.22}% 266
\BOOKMARK [3][-]{subsubsection.22.2.1}{\376\377\000\311\000n\000o\000n\000c\000\351}{subsection.22.2}% 267
\BOOKMARK [3][-]{subsubsection.22.2.2}{\376\377\000C\000o\000r\000r\000i\000g\000\351}{subsection.22.2}% 268
\BOOKMARK [2][-]{subsection.22.3}{\376\377\000E\000x\000e\000r\000c\000i\000c\000e\000\040\0003\000\040\000:\000\040\000\311\000q\000u\000i\000l\000i\000b\000r\000a\000g\000e\000\040\000m\000u\000l\000t\000i\000-\000m\000o\000d\000\350\000l\000e\000s}{section.22}% 269
\BOOKMARK [3][-]{subsubsection.22.3.1}{\376\377\000\311\000n\000o\000n\000c\000\351}{subsection.22.3}% 270
\BOOKMARK [3][-]{subsubsection.22.3.2}{\376\377\000C\000o\000r\000r\000i\000g\000\351}{subsection.22.3}% 271
\BOOKMARK [2][-]{subsection.22.4}{\376\377\000E\000x\000e\000r\000c\000i\000c\000e\000\040\0004\000\040\000:\000\040\000C\000a\000l\000c\000u\000l\000\040\000d\000u\000\040\000r\000e\000t\000o\000u\000r\000\040\000s\000u\000r\000\040\000i\000n\000v\000e\000s\000t\000i\000s\000s\000e\000m\000e\000n\000t}{section.22}% 272
\BOOKMARK [3][-]{subsubsection.22.4.1}{\376\377\000\311\000n\000o\000n\000c\000\351}{subsection.22.4}% 273
\BOOKMARK [3][-]{subsubsection.22.4.2}{\376\377\000C\000o\000r\000r\000i\000g\000\351}{subsection.22.4}% 274
\BOOKMARK [1][-]{section.23}{\376\377\000J\000e\000u\000x\000\040\000p\000\351\000d\000a\000g\000o\000g\000i\000q\000u\000e\000s\000\040\000e\000t\000\040\000s\000i\000m\000u\000l\000a\000t\000i\000o\000n\000s}{}% 275
\BOOKMARK [2][-]{subsection.23.1}{\376\377\000J\000e\000u\000\040\000d\000e\000\040\000r\000\364\000l\000e\000\040\000:\000\040\000\311\000q\000u\000i\000l\000i\000b\000r\000a\000g\000e\000\040\000s\000u\000r\000\040\000l\000i\000g\000n\000e\000\040\000L\000E\000G\000O\000\256}{section.23}% 276
\BOOKMARK [3][-]{subsubsection.23.1.1}{\376\377\000O\000b\000j\000e\000c\000t\000i\000f}{subsection.23.1}% 277
\BOOKMARK [3][-]{subsubsection.23.1.2}{\376\377\000M\000a\000t\000\351\000r\000i\000e\000l\000\040\000n\000\351\000c\000e\000s\000s\000a\000i\000r\000e}{subsection.23.1}% 278
\BOOKMARK [3][-]{subsubsection.23.1.3}{\376\377\000D\000\351\000r\000o\000u\000l\000e\000m\000e\000n\000t}{subsection.23.1}% 279
\BOOKMARK [3][-]{subsubsection.23.1.4}{\376\377\000G\000r\000i\000l\000l\000e\000\040\000d\040\031\000\351\000v\000a\000l\000u\000a\000t\000i\000o\000n}{subsection.23.1}% 280
\BOOKMARK [2][-]{subsection.23.2}{\376\377\000S\000i\000m\000u\000l\000a\000t\000i\000o\000n\000\040\000E\000x\000c\000e\000l\000\040\000i\000n\000t\000e\000r\000a\000c\000t\000i\000v\000e}{section.23}% 281
\BOOKMARK [2][-]{subsection.23.3}{\376\377\000J\000e\000u\000\040\000d\000e\000\040\000c\000a\000r\000t\000e\000s\000\040\000\253\000\040\000B\000a\000l\000a\000n\000c\000e\000\040\000C\000h\000a\000l\000l\000e\000n\000g\000e\000\040\000\273}{section.23}% 282
\BOOKMARK [3][-]{subsubsection.23.3.1}{\376\377\000R\000\350\000g\000l\000e\000s}{subsection.23.3}% 283
\BOOKMARK [1][-]{section.24}{\376\377\000G\000l\000o\000s\000s\000a\000i\000r\000e\000\040\000i\000l\000l\000u\000s\000t\000r\000\351\000\040\000e\000t\000\040\000f\000i\000c\000h\000e\000s\000\040\000m\000\351\000m\000o}{}% 284
\BOOKMARK [2][-]{subsection.24.1}{\376\377\000C\000a\000r\000t\000e\000s\000\040\000m\000e\000n\000t\000a\000l\000e\000s}{section.24}% 285
\BOOKMARK [3][-]{subsubsection.24.1.1}{\376\377\000L\000e\000s\000\040\0003\000\040\000t\000e\000m\000p\000s\000\040\000f\000o\000n\000d\000a\000m\000e\000n\000t\000a\000u\000x}{subsection.24.1}% 286
\BOOKMARK [3][-]{subsubsection.24.1.2}{\376\377\000L\000e\000s\000\040\0004\000\040\000m\000\351\000t\000h\000o\000d\000e\000s\000\040\000d\040\031\000\351\000q\000u\000i\000l\000i\000b\000r\000a\000g\000e}{subsection.24.1}% 287
\BOOKMARK [2][-]{subsection.24.2}{\376\377\000A\000i\000d\000e\000-\000m\000\351\000m\000o\000i\000r\000e\000\040\000d\000e\000s\000\040\000f\000o\000r\000m\000u\000l\000e\000s\000\040\000c\000l\000\351\000s}{section.24}% 288
\BOOKMARK [2][-]{subsection.24.3}{\376\377\000F\000i\000c\000h\000e\000s\000\040\000s\000y\000n\000t\000h\000\351\000t\000i\000q\000u\000e\000s\000\040\000p\000a\000r\000\040\000p\000h\000a\000s\000e}{section.24}% 289
\BOOKMARK [1][-]{section.25}{\376\377\000C\000a\000s\000\040\000p\000r\000a\000t\000i\000q\000u\000e\000s\000\040\000p\000a\000r\000\040\000s\000e\000c\000t\000e\000u\000r\000\040\000d\000'\000a\000c\000t\000i\000v\000i\000t\000\351}{}% 290
\BOOKMARK [2][-]{subsection.25.1}{\376\377\000C\000a\000s\000\040\000a\000u\000t\000o\000m\000o\000b\000i\000l\000e\000\040\000:\000\040\000\311\000q\000u\000i\000l\000i\000b\000r\000a\000g\000e\000\040\000d\000'\000u\000n\000e\000\040\000c\000h\000a\000\356\000n\000e\000\040\000d\000e\000\040\000m\000o\000n\000t\000a\000g\000e\000\040\000m\000o\000t\000e\000u\000r}{section.25}% 291
\BOOKMARK [3][-]{subsubsection.25.1.1}{\376\377\000C\000o\000n\000t\000e\000x\000t\000e}{subsection.25.1}% 292
\BOOKMARK [3][-]{subsubsection.25.1.2}{\376\377\000D\000o\000n\000n\000\351\000e\000s\000\040\000c\000o\000l\000l\000e\000c\000t\000\351\000e\000s}{subsection.25.1}% 293
\BOOKMARK [3][-]{subsubsection.25.1.3}{\376\377\000C\000a\000l\000c\000u\000l\000s\000\040\000p\000r\000\351\000l\000i\000m\000i\000n\000a\000i\000r\000e\000s}{subsection.25.1}% 294
\BOOKMARK [3][-]{subsubsection.25.1.4}{\376\377\000A\000p\000p\000l\000i\000c\000a\000t\000i\000o\000n\000\040\000d\000e\000\040\000l\000a\000\040\000m\000\351\000t\000h\000o\000d\000e\000\040\000d\000u\000\040\000p\000o\000i\000d\000s\000\040\000p\000o\000s\000i\000t\000i\000o\000n\000n\000e\000l}{subsection.25.1}% 295
\BOOKMARK [3][-]{subsubsection.25.1.5}{\376\377\000R\000\351\000s\000u\000l\000t\000a\000t\000s\000\040\000d\000e\000\040\000l\000'\000\351\000q\000u\000i\000l\000i\000b\000r\000a\000g\000e}{subsection.25.1}% 296
\BOOKMARK [3][-]{subsubsection.25.1.6}{\376\377\000A\000n\000a\000l\000y\000s\000e\000\040\000e\000t\000\040\000a\000j\000u\000s\000t\000e\000m\000e\000n\000t\000s}{subsection.25.1}% 297
\BOOKMARK [3][-]{subsubsection.25.1.7}{\376\377\000N\000o\000u\000v\000e\000l\000l\000e\000\040\000p\000r\000o\000p\000o\000s\000i\000t\000i\000o\000n\000\040\000d\000'\000\351\000q\000u\000i\000l\000i\000b\000r\000a\000g\000e}{subsection.25.1}% 298
\BOOKMARK [3][-]{subsubsection.25.1.8}{\376\377\000R\000\351\000s\000u\000l\000t\000a\000t\000s\000\040\000o\000b\000t\000e\000n\000u\000s}{subsection.25.1}% 299
\BOOKMARK [2][-]{subsection.25.2}{\376\377\000C\000a\000s\000\040\000\351\000l\000e\000c\000t\000r\000o\000n\000i\000q\000u\000e\000\040\000:\000\040\000H\000i\000g\000h\000-\000m\000i\000x\000\040\000l\000o\000w\000-\000v\000o\000l\000u\000m\000e}{section.25}% 300
\BOOKMARK [3][-]{subsubsection.25.2.1}{\376\377\000C\000o\000n\000t\000e\000x\000t\000e}{subsection.25.2}% 301
\BOOKMARK [3][-]{subsubsection.25.2.2}{\376\377\000M\000\351\000t\000h\000o\000d\000o\000l\000o\000g\000i\000e\000\040\000s\000p\000\351\000c\000i\000f\000i\000q\000u\000e}{subsection.25.2}% 302
\BOOKMARK [2][-]{subsection.25.3}{\376\377\000C\000a\000s\000\040\000a\000g\000r\000o\000a\000l\000i\000m\000e\000n\000t\000a\000i\000r\000e\000\040\000:\000\040\000C\000o\000n\000d\000i\000t\000i\000o\000n\000n\000e\000m\000e\000n\000t\000\040\000d\000e\000\040\000p\000r\000o\000d\000u\000i\000t\000s\000\040\000f\000r\000a\000i\000s}{section.25}% 303
\BOOKMARK [3][-]{subsubsection.25.3.1}{\376\377\000C\000o\000n\000t\000r\000a\000i\000n\000t\000e\000s\000\040\000s\000p\000\351\000c\000i\000f\000i\000q\000u\000e\000s}{subsection.25.3}% 304
\BOOKMARK [3][-]{subsubsection.25.3.2}{\376\377\000M\000o\000d\000\351\000l\000i\000s\000a\000t\000i\000o\000n\000\040\000d\000e\000s\000\040\000t\000e\000m\000p\000s\000\040\000d\000e\000\040\000n\000e\000t\000t\000o\000y\000a\000g\000e}{subsection.25.3}% 305
\BOOKMARK [3][-]{subsubsection.25.3.3}{\376\377\000\311\000q\000u\000i\000l\000i\000b\000r\000a\000g\000e\000\040\000a\000v\000e\000c\000\040\000c\000o\000n\000t\000r\000a\000i\000n\000t\000e\000s\000\040\000s\000a\000n\000i\000t\000a\000i\000r\000e\000s}{subsection.25.3}% 306
\BOOKMARK [3][-]{subsubsection.25.3.4}{\376\377\000I\000n\000d\000i\000c\000a\000t\000e\000u\000r\000s\000\040\000s\000p\000\351\000c\000i\000f\000i\000q\000u\000e\000s}{subsection.25.3}% 307
\BOOKMARK [1][-]{section.26}{\376\377\000O\000u\000t\000i\000l\000s\000\040\000a\000v\000a\000n\000c\000\351\000s\000\040\000e\000t\000\040\000m\000o\000d\000\351\000l\000i\000s\000a\000t\000i\000o\000n}{}% 308
\BOOKMARK [2][-]{subsection.26.1}{\376\377\000P\000r\000o\000g\000r\000a\000m\000m\000a\000t\000i\000o\000n\000\040\000l\000i\000n\000\351\000a\000i\000r\000e\000\040\000p\000o\000u\000r\000\040\000l\000'\000\351\000q\000u\000i\000l\000i\000b\000r\000a\000g\000e}{section.26}% 309
\BOOKMARK [3][-]{subsubsection.26.1.1}{\376\377\000F\000o\000r\000m\000u\000l\000a\000t\000i\000o\000n\000\040\000m\000a\000t\000h\000\351\000m\000a\000t\000i\000q\000u\000e\000\040\000c\000o\000m\000p\000l\000\350\000t\000e}{subsection.26.1}% 310
\BOOKMARK [3][-]{subsubsection.26.1.2}{\376\377\000R\000\351\000s\000o\000l\000u\000t\000i\000o\000n\000\040\000a\000v\000e\000c\000\040\000E\000x\000c\000e\000l\000\040\000S\000o\000l\000v\000e\000r}{subsection.26.1}% 311
\BOOKMARK [2][-]{subsection.26.2}{\376\377\000S\000i\000m\000u\000l\000a\000t\000i\000o\000n\000\040\000M\000o\000n\000t\000e\000\040\000C\000a\000r\000l\000o}{section.26}% 312
\BOOKMARK [3][-]{subsubsection.26.2.1}{\376\377\000P\000r\000i\000n\000c\000i\000p\000e}{subsection.26.2}% 313
\BOOKMARK [3][-]{subsubsection.26.2.2}{\376\377\000M\000o\000d\000\351\000l\000i\000s\000a\000t\000i\000o\000n\000\040\000d\000e\000s\000\040\000t\000e\000m\000p\000s\000\040\000d\000e\000\040\000c\000y\000c\000l\000e}{subsection.26.2}% 314
\BOOKMARK [3][-]{subsubsection.26.2.3}{\376\377\000A\000l\000g\000o\000r\000i\000t\000h\000m\000e\000\040\000d\000e\000\040\000s\000i\000m\000u\000l\000a\000t\000i\000o\000n}{subsection.26.2}% 315
\BOOKMARK [3][-]{subsubsection.26.2.4}{\376\377\000E\000x\000e\000m\000p\000l\000e\000\040\000d\000e\000\040\000r\000\351\000s\000u\000l\000t\000a\000t\000s}{subsection.26.2}% 316
\BOOKMARK [2][-]{subsection.26.3}{\376\377\000A\000n\000a\000l\000y\000s\000e\000\040\000d\000e\000\040\000s\000e\000n\000s\000i\000b\000i\000l\000i\000t\000\351}{section.26}% 317
\BOOKMARK [3][-]{subsubsection.26.3.1}{\376\377\000O\000b\000j\000e\000c\000t\000i\000f}{subsection.26.3}% 318
\BOOKMARK [3][-]{subsubsection.26.3.2}{\376\377\000M\000\351\000t\000h\000o\000d\000e}{subsection.26.3}% 319
\BOOKMARK [1][-]{section.27}{\376\377\000\311\000t\000u\000d\000e\000s\000\040\000d\000e\000\040\000c\000a\000s\000\040\000c\000o\000m\000p\000l\000\350\000t\000e\000s}{}% 320
\BOOKMARK [2][-]{subsection.27.1}{\376\377\000\311\000t\000u\000d\000e\000\040\000d\000e\000\040\000c\000a\000s\000\040\0001\000\040\000:\000\040\000T\000r\000a\000n\000s\000f\000o\000r\000m\000a\000t\000i\000o\000n\000\040\000d\000'\000u\000n\000e\000\040\000l\000i\000g\000n\000e\000\040\000d\000'\000a\000s\000s\000e\000m\000b\000l\000a\000g\000e\000\040\000i\000n\000d\000u\000s\000t\000r\000i\000e\000l\000l\000e}{section.27}% 321
\BOOKMARK [3][-]{subsubsection.27.1.1}{\376\377\000S\000i\000t\000u\000a\000t\000i\000o\000n\000\040\000i\000n\000i\000t\000i\000a\000l\000e}{subsection.27.1}% 322
\BOOKMARK [3][-]{subsubsection.27.1.2}{\376\377\000D\000\351\000m\000a\000r\000c\000h\000e\000\040\000s\000u\000i\000v\000i\000e}{subsection.27.1}% 323
\BOOKMARK [3][-]{subsubsection.27.1.3}{\376\377\000R\000\351\000s\000u\000l\000t\000a\000t\000s\000\040\000o\000b\000t\000e\000n\000u\000s\000\040\000a\000p\000r\000\350\000s\000\040\0003\000\040\000m\000o\000i\000s}{subsection.27.1}% 324
\BOOKMARK [3][-]{subsubsection.27.1.4}{\376\377\000R\000e\000t\000o\000u\000r\000\040\000s\000u\000r\000\040\000i\000n\000v\000e\000s\000t\000i\000s\000s\000e\000m\000e\000n\000t}{subsection.27.1}% 325
\BOOKMARK [2][-]{subsection.27.2}{\376\377\000\311\000t\000u\000d\000e\000\040\000d\000e\000\040\000c\000a\000s\000\040\0002\000\040\000:\000\040\000\311\000q\000u\000i\000l\000i\000b\000r\000a\000g\000e\000\040\000d\000y\000n\000a\000m\000i\000q\000u\000e\000\040\000e\000n\000\040\000c\000o\000n\000t\000e\000x\000t\000e\000\040\000d\000e\000\040\000f\000o\000r\000t\000e\000\040\000v\000a\000r\000i\000a\000b\000i\000l\000i\000t\000\351}{section.27}% 326
\BOOKMARK [3][-]{subsubsection.27.2.1}{\376\377\000C\000o\000n\000t\000e\000x\000t\000e}{subsection.27.2}% 327
\BOOKMARK [3][-]{subsubsection.27.2.2}{\376\377\000S\000o\000l\000u\000t\000i\000o\000n\000\040\000d\000\351\000p\000l\000o\000y\000\351\000e}{subsection.27.2}% 328
\BOOKMARK [3][-]{subsubsection.27.2.3}{\376\377\000R\000\351\000s\000u\000l\000t\000a\000t\000s\000\040\000s\000u\000r\000\040\0001\0002\000\040\000m\000o\000i\000s}{subsection.27.2}% 329
\BOOKMARK [3][-]{subsubsection.27.2.4}{\376\377\000E\000n\000s\000e\000i\000g\000n\000e\000m\000e\000n\000t\000s\000\040\000c\000l\000\351\000s}{subsection.27.2}% 330
\BOOKMARK [1][-]{section.28}{\376\377\000E\000x\000e\000r\000c\000i\000c\000e\000s\000\040\000d\000e\000\040\000s\000y\000n\000t\000h\000\350\000s\000e\000\040\000e\000t\000\040\000\351\000v\000a\000l\000u\000a\000t\000i\000o\000n\000\040\000f\000i\000n\000a\000l\000e}{}% 331
\BOOKMARK [2][-]{subsection.28.1}{\376\377\000E\000x\000e\000r\000c\000i\000c\000e\000\040\000d\000e\000\040\000s\000y\000n\000t\000h\000\350\000s\000e\000\040\0001\000\040\000:\000\040\000\311\000q\000u\000i\000l\000i\000b\000r\000a\000g\000e\000\040\000c\000o\000m\000p\000l\000e\000t}{section.28}% 332
\BOOKMARK [3][-]{subsubsection.28.1.1}{\376\377\000\311\000n\000o\000n\000c\000\351}{subsection.28.1}% 333
\BOOKMARK [2][-]{subsection.28.2}{\376\377\000\311\000v\000a\000l\000u\000a\000t\000i\000o\000n\000\040\000f\000i\000n\000a\000l\000e\000\040\000-\000\040\000Q\000u\000e\000s\000t\000i\000o\000n\000n\000a\000i\000r\000e\000\040\000\340\000\040\000c\000h\000o\000i\000x\000\040\000m\000u\000l\000t\000i\000p\000l\000e\000s}{section.28}% 334
\BOOKMARK [3][-]{subsubsection.28.2.1}{\376\377\000P\000a\000r\000t\000i\000e\000\040\0001\000\040\000:\000\040\000C\000o\000n\000c\000e\000p\000t\000s\000\040\000f\000o\000n\000d\000a\000m\000e\000n\000t\000a\000u\000x\000\040\000\050\0001\0000\000\040\000q\000u\000e\000s\000t\000i\000o\000n\000s\000\051}{subsection.28.2}% 335
\BOOKMARK [3][-]{subsubsection.28.2.2}{\376\377\000P\000a\000r\000t\000i\000e\000\040\0002\000\040\000:\000\040\000E\000x\000e\000r\000c\000i\000c\000e\000\040\000d\000e\000\040\000c\000a\000l\000c\000u\000l\000\040\000\050\0002\0000\000\040\000p\000o\000i\000n\000t\000s\000\051}{subsection.28.2}% 336
\BOOKMARK [2][-]{subsection.28.3}{\376\377\000C\000o\000r\000r\000i\000g\000\351\000\040\000d\000e\000\040\000l\000'\000e\000x\000e\000r\000c\000i\000c\000e\000\040\000d\000e\000\040\000c\000a\000l\000c\000u\000l}{section.28}% 337
\BOOKMARK [1][-]{section.29}{\376\377\000O\000u\000t\000i\000l\000s\000\040\000d\000e\000\040\000v\000i\000s\000u\000a\000l\000i\000s\000a\000t\000i\000o\000n\000\040\000a\000v\000a\000n\000c\000\351\000s}{}% 338
\BOOKMARK [2][-]{subsection.29.1}{\376\377\000D\000i\000a\000g\000r\000a\000m\000m\000e\000\040\000d\000e\000\040\000G\000a\000n\000t\000t\000\040\000p\000o\000u\000r\000\040\000l\000'\000\351\000q\000u\000i\000l\000i\000b\000r\000a\000g\000e}{section.29}% 339
\BOOKMARK [3][-]{subsubsection.29.1.1}{\376\377\000C\000o\000n\000s\000t\000r\000u\000c\000t\000i\000o\000n\000\040\000d\000u\000\040\000d\000i\000a\000g\000r\000a\000m\000m\000e\000\040\000d\000e\000\040\000G\000a\000n\000t\000t\000\040\000d\000'\000\351\000q\000u\000i\000l\000i\000b\000r\000a\000g\000e}{subsection.29.1}% 340
\BOOKMARK [2][-]{subsection.29.2}{\376\377\000C\000a\000r\000t\000e\000\040\000d\000e\000\040\000c\000o\000n\000t\000r\000\364\000l\000e\000\040\000d\000e\000s\000\040\000t\000e\000m\000p\000s\000\040\000d\000e\000\040\000c\000y\000c\000l\000e}{section.29}% 341
\BOOKMARK [3][-]{subsubsection.29.2.1}{\376\377\000C\000o\000n\000s\000t\000r\000u\000c\000t\000i\000o\000n\000\040\000d\000'\000u\000n\000e\000\040\000c\000a\000r\000t\000e\000\040\000d\000e\000\040\000c\000o\000n\000t\000r\000\364\000l\000e}{subsection.29.2}% 342
\BOOKMARK [2][-]{subsection.29.3}{\376\377\000H\000e\000a\000t\000m\000a\000p\000\040\000d\000e\000s\000\040\000c\000h\000a\000r\000g\000e\000s\000\040\000p\000a\000r\000\040\000p\000o\000s\000t\000e}{section.29}% 343
\BOOKMARK [1][-]{section.30}{\376\377\000T\000e\000m\000p\000l\000a\000t\000e\000s\000\040\000e\000t\000\040\000f\000o\000r\000m\000u\000l\000a\000i\000r\000e\000s\000\040\000o\000p\000\351\000r\000a\000t\000i\000o\000n\000n\000e\000l\000s}{}% 344
\BOOKMARK [2][-]{subsection.30.1}{\376\377\000T\000e\000m\000p\000l\000a\000t\000e\000\040\0001\000\040\000:\000\040\000F\000i\000c\000h\000e\000\040\000d\000e\000\040\000c\000o\000l\000l\000e\000c\000t\000e\000\040\000d\000e\000s\000\040\000t\000e\000m\000p\000s\000\040\000d\000e\000\040\000c\000y\000c\000l\000e}{section.30}% 345
\BOOKMARK [2][-]{subsection.30.2}{\376\377\000T\000e\000m\000p\000l\000a\000t\000e\000\040\0002\000\040\000:\000\040\000D\000i\000a\000g\000r\000a\000m\000m\000e\000\040\000d\000'\000a\000n\000t\000\351\000r\000i\000o\000r\000i\000t\000\351\000\040\000v\000i\000e\000r\000g\000e}{section.30}% 346
\BOOKMARK [2][-]{subsection.30.3}{\376\377\000T\000e\000m\000p\000l\000a\000t\000e\000\040\0003\000\040\000:\000\040\000T\000a\000b\000l\000e\000a\000u\000\040\000d\000'\000a\000s\000s\000i\000g\000n\000a\000t\000i\000o\000n\000\040\000d\000e\000s\000\040\000t\000\342\000c\000h\000e\000s}{section.30}% 347
\BOOKMARK [2][-]{subsection.30.4}{\376\377\000T\000e\000m\000p\000l\000a\000t\000e\000\040\0004\000\040\000:\000\040\000T\000a\000b\000l\000e\000a\000u\000\040\000d\000e\000\040\000b\000o\000r\000d\000\040\000q\000u\000o\000t\000i\000d\000i\000e\000n}{section.30}% 348
\BOOKMARK [2][-]{subsection.30.5}{\376\377\000T\000e\000m\000p\000l\000a\000t\000e\000\040\0005\000\040\000:\000\040\000R\000a\000p\000p\000o\000r\000t\000\040\000d\000e\000\040\000r\000\351\000\351\000q\000u\000i\000l\000i\000b\000r\000a\000g\000e}{section.30}% 349
\BOOKMARK [1][-]{section.31}{\376\377\000R\000e\000s\000s\000o\000u\000r\000c\000e\000s\000\040\000m\000u\000l\000t\000i\000m\000\351\000d\000i\000a\000\040\000e\000t\000\040\000s\000u\000p\000p\000o\000r\000t\000s\000\040\000d\000e\000\040\000f\000o\000r\000m\000a\000t\000i\000o\000n}{}% 350
\BOOKMARK [2][-]{subsection.31.1}{\376\377\000S\000u\000p\000p\000o\000r\000t\000s\000\040\000v\000i\000s\000u\000e\000l\000s\000\040\000p\000o\000u\000r\000\040\000f\000o\000r\000m\000a\000t\000i\000o\000n}{section.31}% 351
\BOOKMARK [3][-]{subsubsection.31.1.1}{\376\377\000A\000f\000f\000i\000c\000h\000e\000\040\000A\0003\000\040\000:\000\040\000L\000e\000s\000\040\0005\000\040\000\351\000t\000a\000p\000e\000s\000\040\000d\000e\000\040\000l\000'\000\351\000q\000u\000i\000l\000i\000b\000r\000a\000g\000e}{subsection.31.1}% 352
\BOOKMARK [3][-]{subsubsection.31.1.2}{\376\377\000F\000i\000c\000h\000e\000\040\000m\000\351\000m\000o\000\040\000:\000\040\000F\000o\000r\000m\000u\000l\000e\000s\000\040\000e\000s\000s\000e\000n\000t\000i\000e\000l\000l\000e\000s}{subsection.31.1}% 353
\BOOKMARK [2][-]{subsection.31.2}{\376\377\000S\000c\000r\000i\000p\000t\000s\000\040\000p\000o\000u\000r\000\040\000o\000u\000t\000i\000l\000s\000\040\000n\000u\000m\000\351\000r\000i\000q\000u\000e\000s}{section.31}% 354
\BOOKMARK [3][-]{subsubsection.31.2.1}{\376\377\000S\000c\000r\000i\000p\000t\000\040\000P\000y\000t\000h\000o\000n\000\040\000p\000o\000u\000r\000\040\000c\000a\000l\000c\000u\000l\000\040\000d\000'\000e\000f\000f\000i\000c\000a\000c\000i\000t\000\351}{subsection.31.2}% 355
\BOOKMARK [3][-]{subsubsection.31.2.2}{\376\377\000F\000o\000r\000m\000u\000l\000e\000\040\000E\000x\000c\000e\000l\000\040\000p\000o\000u\000r\000\040\000c\000a\000l\000c\000u\000l\000\040\000a\000u\000t\000o\000m\000a\000t\000i\000q\000u\000e}{subsection.31.2}% 356
\BOOKMARK [2][-]{subsection.31.3}{\376\377\000Q\000R\000\040\000C\000o\000d\000e\000s\000\040\000v\000e\000r\000s\000\040\000r\000e\000s\000s\000o\000u\000r\000c\000e\000s\000\040\000e\000x\000t\000e\000r\000n\000e\000s}{section.31}% 357
\BOOKMARK [1][-]{section.32}{\376\377\000C\000h\000e\000c\000k\000-\000l\000i\000s\000t\000s\000\040\000d\000'\000a\000u\000t\000o\000-\000\351\000v\000a\000l\000u\000a\000t\000i\000o\000n}{}% 358
\BOOKMARK [2][-]{subsection.32.1}{\376\377\000C\000h\000e\000c\000k\000-\000l\000i\000s\000t\000\040\000:\000\040\000S\000u\000i\000s\000-\000j\000e\000\040\000p\000r\000\352\000t\000\040\000\340\000\040\000\351\000q\000u\000i\000l\000i\000b\000r\000e\000r\000\040\000?}{section.32}% 359
\BOOKMARK [2][-]{subsection.32.2}{\376\377\000C\000h\000e\000c\000k\000-\000l\000i\000s\000t\000\040\000:\000\040\000M\000o\000n\000\040\000\351\000q\000u\000i\000l\000i\000b\000r\000a\000g\000e\000\040\000e\000s\000t\000-\000i\000l\000\040\000r\000\351\000u\000s\000s\000i\000\040\000?}{section.32}% 360
\BOOKMARK [1][-]{section.33}{\376\377\000G\000l\000o\000s\000s\000a\000i\000r\000e\000\040\000i\000l\000l\000u\000s\000t\000r\000\351\000\040\000f\000i\000n\000a\000l}{}% 361
\BOOKMARK [1][-]{section.34}{\376\377\000I\000n\000d\000e\000x\000\040\000d\000e\000s\000\040\000n\000o\000t\000i\000o\000n\000s\000\040\000c\000l\000\351\000s}{}% 362
\BOOKMARK [2][-]{subsection.34.1}{\376\377\000I\000n\000d\000e\000x\000\040\000a\000l\000p\000h\000a\000b\000\351\000t\000i\000q\000u\000e}{section.34}% 363
\BOOKMARK [1][-]{section.35}{\376\377\000\311\000t\000u\000d\000e\000\040\000d\000e\000\040\000c\000a\000s\000\040\000:\000\040\000\311\000q\000u\000i\000l\000i\000b\000r\000a\000g\000e\000\040\000d\000e\000s\000\040\000p\000o\000s\000t\000e\000s\000\040\000c\000h\000e\000z\000\040\000Y\000N\000I\000O\000N\000\040\000\050\000G\000r\000o\000u\000p\000e\000\040\000O\000d\000y\000s\000s\000\351\000e\000\051}{}% 364
\BOOKMARK [2][-]{subsection.35.1}{\376\377\000P\000r\000\351\000s\000e\000n\000t\000a\000t\000i\000o\000n\000\040\000d\000e\000\040\000l\000'\000e\000n\000t\000r\000e\000p\000r\000i\000s\000e\000\040\000e\000t\000\040\000d\000u\000\040\000c\000o\000n\000t\000e\000x\000t\000e}{section.35}% 365
\BOOKMARK [3][-]{subsubsection.35.1.1}{\376\377\000C\000o\000n\000t\000e\000x\000t\000e\000\040\000i\000n\000d\000u\000s\000t\000r\000i\000e\000l}{subsection.35.1}% 366
\BOOKMARK [3][-]{subsubsection.35.1.2}{\376\377\000O\000b\000j\000e\000c\000t\000i\000f\000s\000\040\000d\000u\000\040\000p\000r\000o\000j\000e\000t}{subsection.35.1}% 367
\BOOKMARK [2][-]{subsection.35.2}{\376\377\000P\000r\000o\000c\000e\000s\000s\000u\000s\000\040\000d\000e\000\040\000p\000r\000o\000d\000u\000c\000t\000i\000o\000n}{section.35}% 368
\BOOKMARK [3][-]{subsubsection.35.2.1}{\376\377\000\311\000t\000a\000p\000e\000s\000\040\000p\000r\000i\000n\000c\000i\000p\000a\000l\000e\000s\000\040\000d\000e\000\040\000f\000a\000b\000r\000i\000c\000a\000t\000i\000o\000n}{subsection.35.2}% 369
\BOOKMARK [3][-]{subsubsection.35.2.2}{\376\377\000P\000a\000r\000t\000i\000c\000u\000l\000a\000r\000i\000t\000\351\000s\000\040\000d\000e\000s\000\040\000f\000l\000u\000x}{subsection.35.2}% 370
\BOOKMARK [2][-]{subsection.35.3}{\376\377\000P\000a\000r\000c\000\040\000m\000a\000c\000h\000i\000n\000e\000s\000\040\000e\000t\000\040\000r\000e\000s\000s\000o\000u\000r\000c\000e\000s}{section.35}% 371
\BOOKMARK [3][-]{subsubsection.35.3.1}{\376\377\000I\000n\000v\000e\000n\000t\000a\000i\000r\000e\000\040\000d\000e\000s\000\040\000m\000a\000c\000h\000i\000n\000e\000s\000\040\000\050\0001\0005\000\040\000m\000a\000c\000h\000i\000n\000e\000s\000\051}{subsection.35.3}% 372
\BOOKMARK [3][-]{subsubsection.35.3.2}{\376\377\000R\000e\000s\000s\000o\000u\000r\000c\000e\000s\000\040\000h\000u\000m\000a\000i\000n\000e\000s}{subsection.35.3}% 373
\BOOKMARK [2][-]{subsection.35.4}{\376\377\000D\000i\000a\000g\000n\000o\000s\000t\000i\000c\000\040\000i\000n\000i\000t\000i\000a\000l\000\040\000e\000t\000\040\000p\000r\000o\000b\000l\000\350\000m\000e\000s\000\040\000i\000d\000e\000n\000t\000i\000f\000i\000\351\000s}{section.35}% 374
\BOOKMARK [3][-]{subsubsection.35.4.1}{\376\377\000S\000t\000o\000c\000k\000s\000\040\000e\000t\000\040\000e\000n\000c\000o\000u\000r\000s}{subsection.35.4}% 375
\BOOKMARK [3][-]{subsubsection.35.4.2}{\376\377\000D\000o\000n\000n\000\351\000e\000s\000\040\000I\000M\000A\000\040\000D\000O\000U\000B\000L\000E\000\040\000\050\000M\000a\000c\000h\000i\000n\000e\000\040\000c\000r\000i\000t\000i\000q\000u\000e\000\051}{subsection.35.4}% 376
\BOOKMARK [3][-]{subsubsection.35.4.3}{\376\377\000C\000a\000u\000s\000e\000s\000\040\000d\000e\000s\000\040\000a\000r\000r\000\352\000t\000s\000\040\000I\000M\000A\000\040\000D\000O\000U\000B\000L\000E\000\040\000\050\000P\000a\000r\000e\000t\000o\000\051}{subsection.35.4}% 377
\BOOKMARK [3][-]{subsubsection.35.4.4}{\376\377\000S\000y\000n\000t\000h\000\350\000s\000e\000\040\000d\000e\000s\000\040\000p\000r\000o\000b\000l\000\350\000m\000e\000s\000\040\000i\000d\000e\000n\000t\000i\000f\000i\000\351\000s}{subsection.35.4}% 378
\BOOKMARK [2][-]{subsection.35.5}{\376\377\000D\000o\000n\000n\000\351\000e\000s\000\040\000q\000u\000a\000n\000t\000i\000t\000a\000t\000i\000v\000e\000s\000\040\000d\000e\000\040\000p\000r\000o\000d\000u\000c\000t\000i\000o\000n}{section.35}% 379
\BOOKMARK [3][-]{subsubsection.35.5.1}{\376\377\000V\000o\000l\000u\000m\000e\000s\000\040\000d\000e\000\040\000p\000r\000o\000d\000u\000c\000t\000i\000o\000n}{subsection.35.5}% 380
\BOOKMARK [3][-]{subsubsection.35.5.2}{\376\377\000C\000h\000o\000i\000x\000\040\000d\000e\000\040\000l\000a\000\040\000f\000a\000m\000i\000l\000l\000e\000\040\000p\000r\000i\000o\000r\000i\000t\000a\000i\000r\000e}{subsection.35.5}% 381
\BOOKMARK [2][-]{subsection.35.6}{\376\377\000M\000\351\000t\000h\000o\000d\000o\000l\000o\000g\000i\000e\000\040\000d\000'\000\351\000q\000u\000i\000l\000i\000b\000r\000a\000g\000e\000\040\000a\000p\000p\000l\000i\000q\000u\000\351\000e}{section.35}% 382
\BOOKMARK [3][-]{subsubsection.35.6.1}{\376\377\000C\000a\000l\000c\000u\000l\000\040\000d\000u\000\040\000T\000a\000k\000t\000\040\000T\000i\000m\000e}{subsection.35.6}% 383
\BOOKMARK [3][-]{subsubsection.35.6.2}{\376\377\000C\000o\000l\000l\000e\000c\000t\000e\000\040\000d\000e\000s\000\040\000t\000e\000m\000p\000s\000\040\000d\000e\000\040\000c\000y\000c\000l\000e}{subsection.35.6}% 384
\BOOKMARK [3][-]{subsubsection.35.6.3}{\376\377\000C\000a\000l\000c\000u\000l\000\040\000d\000e\000\040\000l\000'\000e\000f\000f\000i\000c\000a\000c\000i\000t\000\351\000\040\000a\000c\000t\000u\000e\000l\000l\000e}{subsection.35.6}% 385
\BOOKMARK [2][-]{subsection.35.7}{\376\377\000P\000r\000o\000p\000o\000s\000i\000t\000i\000o\000n\000s\000\040\000d\000'\000\351\000q\000u\000i\000l\000i\000b\000r\000a\000g\000e\000\040\000e\000t\000\040\000d\000'\000a\000m\000\351\000l\000i\000o\000r\000a\000t\000i\000o\000n}{section.35}% 386
\BOOKMARK [3][-]{subsubsection.35.7.1}{\376\377\000D\000i\000a\000g\000r\000a\000m\000m\000e\000\040\000d\000e\000\040\000Y\000a\000m\000a\000z\000u\000m\000i\000\040\000c\000i\000b\000l\000e}{subsection.35.7}% 387
\BOOKMARK [3][-]{subsubsection.35.7.2}{\376\377\000P\000l\000a\000n\000\040\000d\000'\000a\000c\000t\000i\000o\000n\000s\000\040\000S\000M\000E\000D\000\040\000p\000o\000u\000r\000\040\000I\000M\000A\000\040\000D\000O\000U\000B\000L\000E}{subsection.35.7}% 388
\BOOKMARK [3][-]{subsubsection.35.7.3}{\376\377\000P\000r\000o\000p\000o\000s\000i\000t\000i\000o\000n\000\040\000d\000'\000\351\000q\000u\000i\000l\000i\000b\000r\000a\000g\000e\000\040\000d\000e\000s\000\040\000p\000o\000s\000t\000e\000s}{subsection.35.7}% 389
\BOOKMARK [2][-]{subsection.35.8}{\376\377\000V\000S\000M\000\040\000\311\000t\000a\000t\000\040\000A\000c\000t\000u\000e\000l\000\040\000e\000t\000\040\000\311\000t\000a\000t\000\040\000F\000u\000t\000u\000r}{section.35}% 390
\BOOKMARK [3][-]{subsubsection.35.8.1}{\376\377\000V\000S\000M\000\040\000\311\000t\000a\000t\000\040\000A\000c\000t\000u\000e\000l\000\040\000\050\000e\000n\000\040\000c\000o\000u\000r\000s\000\040\000d\000e\000\040\000c\000o\000n\000s\000t\000r\000u\000c\000t\000i\000o\000n\000\051}{subsection.35.8}% 391
\BOOKMARK [3][-]{subsubsection.35.8.2}{\376\377\000V\000S\000M\000\040\000\311\000t\000a\000t\000\040\000F\000u\000t\000u\000r\000\040\000\050\000o\000b\000j\000e\000c\000t\000i\000f\000s\000\051}{subsection.35.8}% 392
\BOOKMARK [2][-]{subsection.35.9}{\376\377\000P\000l\000a\000n\000\040\000d\000e\000\040\000d\000\351\000p\000l\000o\000i\000e\000m\000e\000n\000t\000\040\000p\000r\000o\000p\000o\000s\000\351}{section.35}% 393
\BOOKMARK [2][-]{subsection.35.10}{\376\377\000C\000o\000n\000c\000l\000u\000s\000i\000o\000n\000\040\000e\000t\000\040\000p\000e\000r\000s\000p\000e\000c\000t\000i\000v\000e\000s}{section.35}% 394
\BOOKMARK [3][-]{subsubsection.35.10.1}{\376\377\000E\000n\000s\000e\000i\000g\000n\000e\000m\000e\000n\000t\000s\000\040\000c\000l\000\351\000s\000\040\000p\000o\000u\000r\000\040\000l\000'\000\351\000q\000u\000i\000l\000i\000b\000r\000a\000g\000e\000\040\000c\000h\000e\000z\000\040\000Y\000N\000I\000O\000N}{subsection.35.10}% 395
\BOOKMARK [3][-]{subsubsection.35.10.2}{\376\377\000L\000i\000v\000r\000a\000b\000l\000e\000s\000\040\000f\000i\000n\000a\000u\000x}{subsection.35.10}% 396
